1     1
1     1
2     1
2     2
3     1
3     2
4     2
4     3
5     1
5     2
6     2
6     3
7     1
7     1
8     1
8     2
9     1
9     2
10     2
10     3
11     1
11     2
12     2
12     3
13     1
13     2
14     2
14     3
15     1
15     2
16     2
16     3
17     1
17     2
18     2
18     3
19     1
19     2
20     2
20     3
21     1
21     2
22     2
22     3
23     1
23     1
24     1
24     2
25     1
25     2
26     2
26     3
27     1
27     3
28     3
28     4
29     1
29     3
30     3
30     4
31     1
31     3
32     3
32     4
33     1
33     3
34     3
34     4
35     1
35     3
36     3
36     4
37     1
37     3
38     3
38     4
39     1
39     3
40     3
40     4
41     1
41     3
42     3
42     4
43     1
43     1
44     1
44     2
45     2
45     2
46     2
46     3
47     3
47     3
48     3
48     4
49     4
49     4
50     4
50     5
51     5
51     5
52     5
52     6
53     6
53     6
54     6
54     7
55     7
55     7
56     7
56     8
57     8
57     11
58     11
58     12
59     6
59     6
60     6
60     7
61     3
61     4
62     4
62     5
63     2
63     4
64     4
64     5
65     1
65     5
66     5
66     6
67     1
67     1
68     1
68     2
69     1
69     4
70     4
70     5
71     1
71     1
72     1
72     2
73     1
73     1
74     1
74     2
75     1
75     4
76     4
76     5
77     1
77     3
78     3
78     4
79     2
79     3
80     3
80     4
81     2
81     2
82     2
82     3
83     2
83     2
84     2
84     3
85     2
85     3
86     3
86     4
87     1
87     2
88     2
88     3
89     1
89     3
90     3
90     4
91     1
91     3
92     3
92     4
93     1
93     3
94     3
94     4
95     1
95     2
96     2
96     3
97     1
97     3
98     3
98     4
99     1
99     3
100     3
100     4
101     1
101     2
102     2
102     3
103     1
103     3
104     3
104     4
105     1
105     1
106     1
106     2
107     1
107     3
108     3
108     4
109     1
109     3
110     3
110     4
111     1
111     3
112     3
112     4
113     1
113     3
114     3
114     4
115     1
115     3
116     3
116     4
117     1
117     3
118     3
118     4
119     1
119     3
120     3
120     4
121     1
121     3
122     3
122     4
123     1
123     3
124     3
124     4
125     1
125     3
126     3
126     4
127     1
127     3
128     3
128     4
129     1
129     2
130     2
130     3
131     1
131     2
132     2
132     3
133     1
133     2
134     2
134     3
135     1
135     2
136     2
136     3
137     1
137     2
138     2
138     3
139     1
139     2
140     2
140     3
141     1
141     2
142     2
142     3
143     1
143     2
144     2
144     3
145     1
145     2
146     2
146     3
147     1
147     2
148     2
148     3
149     1
149     2
150     2
150     3
151     1
151     2
152     2
152     3
153     1
153     2
154     2
154     3
155     1
155     2
156     2
156     3
157     1
157     2
158     2
158     3
159     1
159     2
160     2
160     3
161     1
161     2
162     2
162     3
163     1
163     2
164     2
164     3
165     1
165     2
166     2
166     3
167     1
167     2
168     2
168     3
169     1
169     2
170     2
170     3
171     1
171     2
172     2
172     3
173     1
173     1
174     1
174     2
175     1
175     1
176     1
176     2
177     1
177     1
178     1
178     2
179     1
179     2
180     2
180     3
181     1
181     2
182     2
182     3
183     1
183     2
184     2
184     3
185     1
185     2
186     2
186     3
187     1
187     2
188     2
188     3
189     1
189     2
190     2
190     3
191     1
191     2
192     2
192     3
193     1
193     1
194     1
194     2
195     1
195     1
196     1
196     2
197     1
197     2
198     2
198     3
199     1
199     1
200     1
200     2
201     1
201     1
202     1
202     2
203     1
203     1
204     1
204     2
205     1
205     1
206     1
206     2
207     1
207     1
208     1
208     2
209     1
209     2
210     2
210     3
211     1
211     2
212     2
212     3
213     1
213     2
214     2
214     3
215     1
215     2
216     2
216     3
217     1
217     1
218     1
218     2
219     1
219     2
220     2
220     3
221     1
221     2
222     2
222     3
223     1
223     1
224     1
224     2
225     1
225     2
226     2
226     3
227     1
227     1
228     1
228     2
229     1
229     1
230     1
230     2
231     1
231     1
232     1
232     2
233     1
233     1
234     1
234     2
235     1
235     1
236     1
236     2
237     1
237     1
238     1
238     2
239     1
239     2
240     2
240     3
241     1
241     2
242     2
242     3
243     1
243     2
244     2
244     3
245     1
245     2
246     2
246     3
247     1
247     2
248     2
248     3
249     1
249     2
250     2
250     3
251     1
251     2
252     2
252     3
253     1
253     2
254     2
254     3
255     1
255     2
256     2
256     3
257     1
257     2
258     2
258     3
259     1
259     2
260     2
260     3
261     1
261     1
262     1
262     2
263     1
263     2
264     2
264     3
265     1
265     2
266     2
266     3
267     1
267     2
268     2
268     3
269     1
269     1
270     1
270     2
271     1
271     1
272     1
272     2
273     1
273     2
274     2
274     3
275     1
275     2
276     2
276     3
277     1
277     2
278     2
278     3
279     1
279     1
280     1
280     2
281     1
281     2
282     2
282     3
283     1
283     2
284     2
284     3
285     1
285     2
286     2
286     3
287     1
287     2
288     2
288     3
289     1
289     2
290     2
290     3
291     1
291     2
292     2
292     3
293     1
293     2
294     2
294     3
295     1
295     2
296     2
296     3
297     1
297     1
298     1
298     2
299     1
299     1
300     1
300     2
301     1
301     1
302     1
302     2
303     1
303     1
304     1
304     2
305     1
305     1
306     1
306     2
307     1
307     1
308     1
308     2
309     1
309     1
310     1
310     2
311     1
311     1
312     1
312     2
313     1
313     1
314     1
314     2
315     1
315     1
316     1
316     2
317     1
317     1
318     1
318     2
319     1
319     1
320     1
320     2
321     1
321     1
322     1
322     2
323     1
323     1
324     1
324     2
325     1
325     1
326     1
326     2
327     1
327     1
328     1
328     2
329     1
329     1
330     1
330     2
331     1
331     1
332     1
332     2
333     1
333     1
334     1
334     2
335     1
335     4
336     4
336     5
337     1
337     1
338     1
338     2
339     1
339     1
340     1
340     2
341     1
341     3
342     3
342     4
343     1
343     3
344     3
344     4
345     1
345     3
346     3
346     4
347     1
347     3
348     3
348     4
349     1
349     1
350     1
350     2
351     1
351     3
352     3
352     4
353     1
353     1
354     1
354     2
355     1
355     1
356     1
356     2
357     1
357     1
358     1
358     2
359     1
359     1
360     1
360     2
361     1
361     2
362     2
362     3
363     1
363     2
364     2
364     3
365     1
365     2
366     2
366     3
367     1
367     2
368     2
368     3
369     1
369     2
370     2
370     3
371     1
371     1
372     1
372     2
373     1
373     2
374     2
374     3
375     1
375     2
376     2
376     3
377     1
377     2
378     2
378     3
379     1
379     2
380     2
380     3
381     1
381     2
382     2
382     3
383     1
383     1
384     1
384     2
385     1
385     2
386     2
386     3
387     1
387     1
388     1
388     2
389     1
389     1
390     1
390     2
391     1
391     1
392     1
392     2
393     1
393     1
394     1
394     2
395     1
395     1
396     1
396     2
397     1
397     1
398     1
398     2
399     1
399     1
400     1
400     2
401     1
401     1
402     1
402     2
403     1
403     1
404     1
404     2
405     1
405     1
406     1
406     2
407     1
407     1
408     1
408     2
409     1
409     1
410     1
410     2
411     1
411     1
412     1
412     2
413     1
413     1
414     1
414     2
415     1
415     1
416     1
416     2
417     1
417     1
418     1
418     2
419     1
419     2
420     2
420     3
421     1
421     2
422     2
422     3
423     1
423     2
424     2
424     3
425     1
425     2
426     2
426     3
427     1
427     1
428     1
428     2
429     1
429     1
430     1
430     2
431     1
431     1
432     1
432     2
433     1
433     1
434     1
434     2
435     1
435     1
436     1
436     2
437     1
437     1
438     1
438     2
439     1
439     1
440     1
440     2
441     1
441     1
442     1
442     2
443     1
443     1
444     1
444     2
445     1
445     2
446     2
446     3
447     1
447     2
448     2
448     3
449     1
449     1
450     1
450     2
451     1
451     1
452     1
452     2
453     1
453     2
454     2
454     3
455     1
455     1
456     1
456     2
457     1
457     2
458     2
458     3
459     1
459     1
460     1
460     2
461     1
461     1
462     1
462     2
463     1
463     1
464     1
464     2
465     1
465     2
466     2
466     3
467     1
467     2
468     2
468     3
469     1
469     1
470     1
470     2
471     1
471     1
472     1
472     2
473     1
473     1
474     1
474     2
475     1
475     1
476     1
476     2
477     2
477     2
478     2
478     3
479     2
479     2
480     2
480     3
481     2
481     2
482     2
482     3
483     1
483     1
484     1
484     2
485     2
485     2
486     2
486     3
487     3
487     3
488     3
488     4
489     3
489     3
490     3
490     4
491     3
491     3
492     3
492     3
493     3
493     3
494     3
494     4
495     4
495     4
496     4
496     5
497     5
497     5
498     5
498     6
499     6
499     6
500     6
500     7
501     7
501     7
502     7
502     8
503     8
503     8
504     8
504     9
505     9
505     9
506     9
506     10
507     10
507     10
508     10
508     11
509     11
509     11
510     11
510     12
511     12
511     12
512     12
512     13
513     13
513     13
514     13
514     14
515     14
515     14
516     14
516     15
517     15
517     15
518     15
518     16
519     16
519     16
520     16
520     17
521     17
521     17
522     17
522     18
523     18
523     18
524     18
524     18
525     18
525     18
526     18
526     18
527     18
527     18
528     18
528     20
529     20
529     20
530     20
530     20
531     20
531     20
532     20
532     20
533     20
533     20
534     20
534     20
535     20
535     21
536     21
536     21
537     21
537     21
538     21
538     21
539     21
539     21
540     21
540     22
541     22
541     22
542     22
542     23
543     23
543     23
544     23
544     24
545     24
545     24
546     24
546     25
547     25
547     25
548     25
548     26
549     26
549     26
550     26
550     27
551     27
551     27
552     27
552     28
553     28
553     28
554     28
554     29
555     29
555     29
556     29
556     30
557     30
557     30
558     30
558     31
559     30
559     30
560     30
560     30
561     30
561     30
562     30
562     30
563     30
563     30
564     30
564     30
565     30
565     30
566     30
566     30
567     30
567     30
568     30
568     31
569     31
569     31
570     31
570     32
571     32
571     32
572     32
572     33
573     33
573     33
574     33
574     34
575     34
575     34
576     34
576     35
577     35
577     35
578     35
578     36
579     36
579     36
580     36
580     37
581     37
581     37
582     37
582     38
583     38
583     38
584     38
584     39
585     39
585     39
586     39
586     40
587     40
587     40
588     40
588     41
589     41
589     41
590     41
590     42
591     42
591     42
592     42
592     42
593     42
593     42
594     42
594     42
595     42
595     42
596     42
596     42
597     42
597     42
598     42
598     42
599     42
599     42
600     42
600     42
601     42
601     42
602     42
602     42
603     42
603     42
604     42
604     42
605     42
605     42
606     42
606     42
607     42
607     42
608     42
608     42
609     42
609     42
610     42
610     42
611     42
611     42
612     42
612     42
613     42
613     42
614     42
614     42
615     42
615     42
616     42
616     42
617     42
617     42
618     42
618     42
619     42
619     43
620     43
620     44
621     44
621     44
622     44
622     45
623     45
623     45
624     45
624     46
625     46
625     46
626     46
626     47
627     47
627     47
628     47
628     48
629     48
629     48
630     48
630     49
631     49
631     49
632     49
632     50
633     50
633     50
634     50
634     51
635     51
635     51
636     51
636     52
637     52
637     52
638     52
638     53
639     53
639     53
640     53
640     54
641     54
641     54
642     54
642     55
643     55
643     55
644     55
644     55
645     55
645     55
646     55
646     55
647     55
647     55
648     55
648     55
649     55
649     55
650     55
650     57
651     57
651     57
652     57
652     57
653     57
653     57
654     57
654     57
655     57
655     57
656     57
656     59
657     59
657     59
658     59
658     59
659     59
659     59
660     59
660     59
661     59
661     59
662     59
662     60
663     60
663     60
664     60
664     61
665     61
665     61
666     61
666     62
667     62
667     62
668     62
668     63
669     63
669     63
670     63
670     64
671     64
671     64
672     64
672     65
673     65
673     65
674     65
674     66
675     66
675     66
676     66
676     67
677     67
677     67
678     67
678     68
679     68
679     68
680     68
680     69
681     69
681     69
682     69
682     70
683     70
683     70
684     70
684     71
685     71
685     71
686     71
686     72
687     72
687     72
688     72
688     73
689     73
689     73
690     73
690     74
691     74
691     74
692     74
692     75
693     75
693     76
694     76
694     77
695     77
695     77
696     77
696     78
697     78
697     78
698     78
698     79
699     79
699     79
700     79
700     80
701     80
701     81
702     81
702     82
703     82
703     82
704     82
704     83
705     83
705     83
706     83
706     84
707     84
707     84
708     84
708     85
709     85
709     85
710     85
710     85
711     85
711     85
712     85
712     86
713     86
713     86
714     86
714     86
715     86
715     86
716     86
716     86
717     86
717     86
718     86
718     86
719     86
719     86
720     86
720     86
721     86
721     86
722     86
722     86
723     86
723     86
724     86
724     87
725     87
725     87
726     87
726     88
727     88
727     88
728     88
728     89
729     89
729     89
730     89
730     90
731     90
731     90
732     90
732     91
733     91
733     91
734     91
734     92
735     92
735     92
736     92
736     92
737     92
737     92
738     92
738     92
739     92
739     92
740     92
740     92
741     92
741     92
742     92
742     92
743     92
743     92
744     92
744     92
745     92
745     92
746     92
746     93
747     93
747     93
748     93
748     94
749     94
749     94
750     94
750     95
751     95
751     95
752     95
752     96
753     96
753     96
754     96
754     97
755     97
755     97
756     97
756     98
757     98
757     98
758     98
758     99
759     99
759     100
760     100
760     100
761     100
761     100
762     100
762     102
763     102
763     102
764     102
764     103
765     103
765     103
766     103
766     104
767     104
767     104
768     104
768     105
769     105
769     105
770     105
770     106
771     106
771     106
772     106
772     107
773     107
773     107
774     107
774     108
775     108
775     108
776     108
776     108
777     108
777     108
778     108
778     108
779     108
779     108
780     108
780     108
781     108
781     108
782     108
782     108
783     108
783     108
784     108
784     108
785     108
785     108
786     108
786     108
787     108
787     108
788     108
788     108
789     108
789     109
790     109
790     109
791     109
791     109
792     109
792     109
793     109
793     110
794     110
794     110
795     110
795     111
796     111
796     111
797     111
797     111
798     111
798     112
799     112
799     112
800     112
800     113
801     113
801     113
802     113
802     114
803     114
803     114
804     114
804     115
805     115
805     115
806     115
806     116
807     116
807     116
808     116
808     117
809     117
809     117
810     117
810     118
811     118
811     118
812     118
812     119
813     119
813     119
814     119
814     120
815     119
815     119
816     119
816     120
817     120
817     120
818     120
818     121
819     121
819     121
820     121
820     122
821     122
821     122
822     122
822     123
823     123
823     123
824     123
824     124
825     124
825     124
826     124
826     125
827     125
827     125
828     125
828     126
829     126
829     126
830     126
830     127
831     127
831     127
832     127
832     128
833     128
833     128
834     128
834     129
835     129
835     129
836     129
836     130
837     130
837     130
838     130
838     131
839     131
839     131
840     131
840     132
841     132
841     132
842     132
842     133
843     133
843     133
844     133
844     134
845     134
845     134
846     134
846     135
847     135
847     135
848     135
848     135
849     135
849     135
850     135
850     136
851     136
851     136
852     136
852     136
853     136
853     136
854     136
854     136
855     136
855     136
856     136
856     138
857     138
857     138
858     138
858     138
859     138
859     138
860     138
860     138
861     138
861     138
862     138
862     138
863     138
863     138
864     138
864     138
865     138
865     139
866     139
866     140
867     140
867     140
868     140
868     141
869     141
869     141
870     141
870     142
871     142
871     142
872     142
872     143
873     143
873     143
874     143
874     144
875     144
875     144
876     144
876     145
877     145
877     145
878     145
878     146
879     146
879     146
880     146
880     147
881     147
881     147
882     147
882     148
883     148
883     148
884     148
884     148
885     148
885     148
886     148
886     148
887     148
887     148
888     148
888     148
889     148
889     148
890     148
890     149
891     149
891     149
892     149
892     149
893     149
893     149
894     149
894     149
895     149
895     149
896     149
896     150
897     150
897     150
898     150
898     150
899     150
899     150
900     150
900     151
901     151
901     151
902     151
902     151
903     151
903     151
904     151
904     152
905     152
905     149
906     149
906     149
907     149
907     149
908     149
908     149
909     149
909     150
910     150
910     151
911     151
911     151
912     151
912     151
913     151
913     151
914     151
914     153
915     153
915     153
916     153
916     153
917     153
917     153
918     153
918     153
919     153
919     153
920     153
920     153
921     153
921     153
922     153
922     154
923     154
923     154
924     154
924     155
925     155
925     155
926     155
926     156
927     156
927     156
928     156
928     157
929     157
929     157
930     157
930     158
931     158
931     158
932     158
932     159
933     159
933     159
934     159
934     160
935     160
935     161
936     161
936     162
937     162
937     162
938     162
938     163
939     163
939     163
940     163
940     164
941     164
941     164
942     164
942     164
943     164
943     164
944     164
944     164
945     164
945     164
946     164
946     165
947     165
947     166
948     166
948     167
949     167
949     167
950     167
950     168
951     168
951     169
952     169
952     170
953     170
953     170
954     170
954     171
955     171
955     171
956     171
956     172
957     172
957     172
958     172
958     173
959     173
959     173
960     173
960     174
961     174
961     174
962     174
962     175
963     175
963     175
964     175
964     176
965     176
965     176
966     176
966     177
967     177
967     177
968     177
968     177
969     177
969     177
970     177
970     177
971     177
971     178
972     178
972     178
973     178
973     178
974     178
974     178
975     178
975     178
976     178
976     178
977     178
977     178
978     178
978     178
979     178
979     178
980     178
980     178
981     178
981     178
982     178
982     178
983     178
983     178
984     178
984     178
985     178
985     179
986     179
986     180
987     180
987     180
988     180
988     181
989     181
989     181
990     181
990     182
991     182
991     182
992     182
992     183
993     183
993     183
994     183
994     184
995     184
995     184
996     184
996     185
997     185
997     185
998     185
998     186
999     186
999     186
1000     186
1000     187
1001     187
1001     187
1002     187
1002     188
1003     188
1003     188
1004     188
1004     189
1005     189
1005     189
1006     189
1006     189
1007     189
1007     189
1008     189
1008     189
1009     189
1009     190
1010     190
1010     191
1011     191
1011     191
1012     191
1012     192
1013     192
1013     192
1014     192
1014     193
1015     193
1015     193
1016     193
1016     194
1017     194
1017     194
1018     194
1018     195
1019     195
1019     195
1020     195
1020     196
1021     196
1021     196
1022     196
1022     197
1023     197
1023     197
1024     197
1024     198
1025     198
1025     198
1026     198
1026     199
1027     199
1027     200
1028     200
1028     201
1029     201
1029     201
1030     201
1030     202
1031     202
1031     196
1032     196
1032     196
1033     196
1033     196
1034     196
1034     197
1035     197
1035     197
1036     197
1036     197
1037     197
1037     197
1038     197
1038     198
1039     198
1039     198
1040     198
1040     199
1041     199
1041     200
1042     200
1042     201
1043     201
1043     201
1044     201
1044     202
1045     202
1045     202
1046     202
1046     202
1047     202
1047     202
1048     202
1048     202
1049     202
1049     202
1050     202
1050     202
1051     202
1051     202
1052     202
1052     202
1053     202
1053     202
1054     202
1054     202
1055     202
1055     202
1056     202
1056     202
1057     202
1057     202
1058     202
1058     202
1059     202
1059     202
1060     202
1060     202
1061     202
1061     202
1062     202
1062     202
1063     202
1063     202
1064     202
1064     202
1065     202
1065     202
1066     202
1066     203
1067     203
1067     203
1068     203
1068     203
1069     203
1069     203
1070     203
1070     203
1071     203
1071     203
1072     203
1072     204
1073     204
1073     204
1074     204
1074     204
1075     204
1075     204
1076     204
1076     204
1077     204
1077     204
1078     204
1078     204
1079     204
1079     204
1080     204
1080     204
1081     204
1081     204
1082     204
1082     204
1083     204
1083     204
1084     204
1084     204
1085     204
1085     204
1086     204
1086     205
1087     205
1087     205
1088     205
1088     206
1089     206
1089     206
1090     206
1090     207
1091     207
1091     207
1092     207
1092     208
1093     208
1093     208
1094     208
1094     209
1095     209
1095     209
1096     209
1096     210
1097     210
1097     210
1098     210
1098     211
1099     211
1099     211
1100     211
1100     212
1101     212
1101     212
1102     212
1102     213
1103     213
1103     213
1104     213
1104     214
1105     214
1105     214
1106     214
1106     214
1107     214
1107     214
1108     214
1108     214
1109     214
1109     214
1110     214
1110     214
1111     214
1111     214
1112     214
1112     214
1113     214
1113     215
1114     215
1114     216
1115     216
1115     216
1116     216
1116     217
1117     217
1117     217
1118     217
1118     218
1119     218
1119     218
1120     218
1120     219
1121     219
1121     219
1122     219
1122     220
1123     220
1123     220
1124     220
1124     221
1125     221
1125     221
1126     221
1126     222
1127     222
1127     222
1128     222
1128     222
1129     222
1129     222
1130     222
1130     222
1131     222
1131     223
1132     223
1132     224
1133     224
1133     224
1134     224
1134     225
1135     225
1135     225
1136     225
1136     226
1137     226
1137     226
1138     226
1138     227
1139     227
1139     227
1140     227
1140     228
1141     228
1141     228
1142     228
1142     229
1143     229
1143     229
1144     229
1144     230
1145     230
1145     230
1146     230
1146     231
1147     231
1147     231
1148     231
1148     232
1149     232
1149     232
1150     232
1150     233
1151     233
1151     233
1152     233
1152     234
1153     234
1153     234
1154     234
1154     235
1155     235
1155     235
1156     235
1156     235
1157     235
1157     235
1158     235
1158     235
1159     235
1159     235
1160     235
1160     235
1161     235
1161     235
1162     235
1162     235
1163     235
1163     235
1164     235
1164     235
1165     235
1165     235
1166     235
1166     235
1167     235
1167     235
1168     235
1168     235
1169     235
1169     235
1170     235
1170     236
1171     236
1171     236
1172     236
1172     237
1173     237
1173     237
1174     237
1174     238
1175     238
1175     238
1176     238
1176     239
1177     239
1177     239
1178     239
1178     240
1179     240
1179     240
1180     240
1180     241
1181     241
1181     241
1182     241
1182     242
1183     242
1183     242
1184     242
1184     243
1185     243
1185     243
1186     243
1186     243
1187     243
1187     243
1188     243
1188     244
1189     244
1189     245
1190     245
1190     245
1191     245
1191     245
1192     245
1192     245
1193     245
1193     245
1194     245
1194     247
1195     247
1195     247
1196     247
1196     247
1197     247
1197     247
1198     247
1198     249
1199     249
1199     249
1200     249
1200     249
1201     249
1201     249
1202     249
1202     249
1203     249
1203     249
1204     249
1204     249
1205     249
1205     244
1206     244
1206     245
1207     245
1207     246
1208     246
1208     246
1209     246
1209     246
1210     246
1210     248
1211     248
1211     248
1212     248
1212     248
1213     248
1213     248
1214     248
1214     249
1215     249
1215     250
1216     250
1216     250
1217     250
1217     250
1218     250
1218     252
1219     252
1219     252
1220     252
1220     252
1221     252
1221     252
1222     252
1222     253
1223     253
1223     253
1224     253
1224     253
1225     253
1225     253
1226     253
1226     255
1227     255
1227     255
1228     255
1228     255
1229     255
1229     255
1230     255
1230     256
1231     256
1231     257
1232     257
1232     257
1233     257
1233     254
1234     254
1234     254
1235     254
1235     254
1236     254
1236     254
1237     254
1237     255
1238     255
1238     255
1239     255
1239     255
1240     255
1240     255
1241     255
1241     255
1242     255
1242     256
1243     256
1243     256
1244     256
1244     257
1245     257
1245     257
1246     257
1246     258
1247     258
1247     258
1248     258
1248     259
1249     259
1249     259
1250     259
1250     260
1251     260
1251     260
1252     260
1252     261
1253     261
1253     261
1254     261
1254     262
1255     262
1255     262
1256     262
1256     263
1257     263
1257     263
1258     263
1258     263
1259     263
1259     263
1260     263
1260     264
1261     264
1261     264
1262     264
1262     264
1263     264
1263     264
1264     264
1264     265
1265     265
1265     265
1266     265
1266     265
1267     265
1267     265
1268     265
1268     267
1269     267
1269     267
1270     267
1270     267
1271     267
1271     267
1272     267
1272     268
1273     268
1273     268
1274     268
1274     268
1275     268
1275     268
1276     268
1276     270
1277     270
1277     270
1278     270
1278     270
1279     270
1279     270
1280     270
1280     270
1281     270
1281     270
1282     270
1282     271
1283     271
1283     271
1284     271
1284     272
1285     272
1285     272
1286     272
1286     273
1287     273
1287     273
1288     273
1288     274
1289     274
1289     274
1290     274
1290     275
1291     275
1291     275
1292     275
1292     276
1293     276
1293     276
1294     276
1294     276
1295     276
1295     276
1296     276
1296     278
1297     278
1297     278
1298     278
1298     278
1299     278
1299     278
1300     278
1300     279
1301     279
1301     279
1302     279
1302     280
1303     280
1303     278
1304     278
1304     279
1305     279
1305     279
1306     279
1306     280
1307     280
1307     280
1308     280
1308     280
1309     280
1309     280
1310     280
1310     280
1311     280
1311     280
1312     280
1312     281
1313     281
1313     281
1314     281
1314     281
1315     281
1315     281
1316     281
1316     281
1317     281
1317     281
1318     281
1318     281
1319     281
1319     281
1320     281
1320     282
1321     282
1321     282
1322     282
1322     282
1323     282
1323     282
1324     282
1324     282
1325     282
1325     282
1326     282
1326     282
1327     282
1327     282
1328     282
1328     282
1329     282
1329     282
1330     282
1330     282
1331     282
1331     282
1332     282
1332     282
1333     282
1333     282
1334     282
1334     282
1335     282
1335     282
1336     282
1336     282
1337     282
1337     282
1338     282
1338     282
1339     282
1339     282
1340     282
1340     283
1341     283
1341     283
1342     283
1342     284
1343     284
1343     284
1344     284
1344     285
1345     285
1345     285
1346     285
1346     286
1347     286
1347     286
1348     286
1348     287
1349     287
1349     287
1350     287
1350     288
1351     288
1351     288
1352     288
1352     289
1353     289
1353     289
1354     289
1354     290
1355     290
1355     290
1356     290
1356     291
1357     291
1357     291
1358     291
1358     292
1359     292
1359     292
1360     292
1360     293
1361     293
1361     293
1362     293
1362     294
1363     294
1363     294
1364     294
1364     295
1365     295
1365     296
1366     296
1366     297
1367     297
1367     297
1368     297
1368     298
1369     298
1369     298
1370     298
1370     299
1371     299
1371     299
1372     299
1372     300
1373     300
1373     300
1374     300
1374     301
1375     301
1375     301
1376     301
1376     302
1377     302
1377     302
1378     302
1378     303
1379     303
1379     303
1380     303
1380     304
1381     304
1381     304
1382     304
1382     305
1383     305
1383     305
1384     305
1384     306
1385     306
1385     306
1386     306
1386     307
1387     307
1387     307
1388     307
1388     308
1389     308
1389     308
1390     308
1390     309
1391     309
1391     309
1392     309
1392     310
1393     310
1393     310
1394     310
1394     311
1395     311
1395     311
1396     311
1396     312
1397     312
1397     312
1398     312
1398     313
1399     313
1399     313
1400     313
1400     314
1401     314
1401     314
1402     314
1402     315
1403     315
1403     315
1404     315
1404     316
1405     316
1405     316
1406     316
1406     317
1407     317
1407     317
1408     317
1408     318
1409     318
1409     319
1410     319
1410     320
1411     320
1411     321
1412     321
1412     322
1413     322
1413     323
1414     323
1414     324
1415     324
1415     324
1416     324
1416     325
1417     325
1417     325
1418     325
1418     326
1419     326
1419     326
1420     326
1420     327
1421     327
1421     327
1422     327
1422     328
1423     328
1423     328
1424     328
1424     329
1425     329
1425     329
1426     329
1426     330
1427     330
1427     330
1428     330
1428     331
1429     331
1429     331
1430     331
1430     332
1431     332
1431     332
1432     332
1432     333
1433     333
1433     333
1434     333
1434     334
1435     334
1435     334
1436     334
1436     335
1437     335
1437     335
1438     335
1438     336
1439     336
1439     336
1440     336
1440     337
1441     337
1441     337
1442     337
1442     338
1443     338
1443     338
1444     338
1444     339
1445     339
1445     339
1446     339
1446     340
1447     340
1447     340
1448     340
1448     340
1449     340
1449     340
1450     340
1450     340
1451     340
1451     341
1452     341
1452     342
1453     342
1453     342
1454     342
1454     343
1455     343
1455     343
1456     343
1456     344
1457     344
1457     345
1458     345
1458     346
1459     346
1459     346
1460     346
1460     347
1461     347
1461     347
1462     347
1462     348
1463     348
1463     348
1464     348
1464     349
1465     349
1465     349
1466     349
1466     350
1467     350
1467     351
1468     351
1468     352
1469     352
1469     352
1470     352
1470     353
1471     353
1471     353
1472     353
1472     354
1473     354
1473     354
1474     354
1474     355
1475     355
1475     355
1476     355
1476     356
1477     356
1477     356
1478     356
1478     357
1479     357
1479     357
1480     357
1480     357
1481     357
1481     357
1482     357
1482     357
1483     357
1483     357
1484     357
1484     358
1485     358
1485     358
1486     358
1486     359
1487     359
1487     359
1488     359
1488     360
1489     360
1489     360
1490     360
1490     360
1491     360
1491     360
1492     360
1492     360
1493     360
1493     360
1494     360
1494     360
1495     360
1495     360
1496     360
1496     361
1497     361
1497     361
1498     361
1498     362
1499     362
1499     362
1500     362
1500     363
1501     363
1501     363
1502     363
1502     364
1503     364
1503     364
1504     364
1504     365
1505     365
1505     365
1506     365
1506     365
1507     365
1507     365
1508     365
1508     366
1509     366
1509     366
1510     366
1510     366
1511     366
1511     366
1512     366
1512     367
1513     367
1513     367
1514     367
1514     368
1515     368
1515     368
1516     368
1516     369
1517     369
1517     369
1518     369
1518     370
1519     370
1519     370
1520     370
1520     371
1521     371
1521     371
1522     371
1522     372
1523     372
1523     372
1524     372
1524     373
1525     373
1525     374
1526     374
1526     375
1527     375
1527     375
1528     375
1528     376
1529     376
1529     376
1530     376
1530     377
1531     377
1531     377
1532     377
1532     378
1533     378
1533     378
1534     378
1534     379
1535     379
1535     379
1536     379
1536     380
1537     380
1537     380
1538     380
1538     381
1539     381
1539     381
1540     381
1540     382
1541     382
1541     382
1542     382
1542     383
1543     383
1543     383
1544     383
1544     384
1545     384
1545     384
1546     384
1546     385
1547     385
1547     385
1548     385
1548     386
1549     386
1549     386
1550     386
1550     387
1551     387
1551     387
1552     387
1552     388
1553     388
1553     388
1554     388
1554     389
1555     389
1555     389
1556     389
1556     390
1557     390
1557     391
1558     391
1558     392
1559     392
1559     393
1560     393
1560     394
1561     394
1561     394
1562     394
1562     395
1563     395
1563     395
1564     395
1564     396
1565     396
1565     396
1566     396
1566     397
1567     397
1567     397
1568     397
1568     398
1569     398
1569     398
1570     398
1570     399
1571     399
1571     399
1572     399
1572     400
1573     400
1573     400
1574     400
1574     401
1575     401
1575     401
1576     401
1576     402
1577     402
1577     402
1578     402
1578     402
1579     402
1579     402
1580     402
1580     402
1581     402
1581     402
1582     402
1582     402
1583     402
1583     402
1584     402
1584     402
1585     402
1585     402
1586     402
1586     402
1587     402
1587     402
1588     402
1588     402
1589     402
1589     402
1590     402
1590     402
1591     402
1591     402
1592     402
1592     402
1593     402
1593     403
1594     403
1594     403
1595     403
1595     403
1596     403
1596     403
1597     403
1597     404
1598     404
1598     404
1599     404
1599     405
1600     405
1600     405
1601     405
1601     405
1602     405
1602     405
1603     405
1603     405
1604     405
1604     405
1605     405
1605     405
1606     405
1606     405
1607     405
1607     405
1608     405
1608     406
1609     406
1609     406
1610     406
1610     407
1611     407
1611     407
1612     407
1612     408
1613     408
1613     408
1614     408
1614     409
1615     409
1615     409
1616     409
1616     410
1617     410
1617     410
1618     410
1618     411
1619     411
1619     412
1620     412
1620     413
1621     413
1621     413
1622     413
1622     414
1623     414
1623     414
1624     414
1624     414
1625     414
1625     414
1626     414
1626     416
1627     416
1627     416
1628     416
1628     416
1629     416
1629     416
1630     416
1630     417
1631     417
1631     417
1632     417
1632     418
1633     418
1633     418
1634     418
1634     419
1635     419
1635     419
1636     419
1636     420
1637     420
1637     420
1638     420
1638     421
1639     421
1639     421
1640     421
1640     422
1641     422
1641     422
1642     422
1642     423
1643     423
1643     423
1644     423
1644     424
1645     424
1645     425
1646     425
1646     426
1647     426
1647     426
1648     426
1648     427
1649     427
1649     428
1650     428
1650     429
1651     429
1651     429
1652     429
1652     430
1653     430
1653     431
1654     431
1654     432
1655     432
1655     433
1656     433
1656     434
1657     434
1657     434
1658     434
1658     435
1659     435
1659     435
1660     435
1660     436
1661     436
1661     436
1662     436
1662     437
1663     437
1663     437
1664     437
1664     438
1665     438
1665     438
1666     438
1666     438
1667     438
1667     438
1668     438
1668     438
1669     438
1669     438
1670     438
1670     439
1671     439
1671     439
1672     439
1672     440
1673     440
1673     440
1674     440
1674     441
1675     441
1675     441
1676     441
1676     442
1677     442
1677     442
1678     442
1678     443
1679     443
1679     443
1680     443
1680     444
1681     444
1681     444
1682     444
1682     445
1683     445
1683     445
1684     445
1684     446
1685     446
1685     446
1686     446
1686     447
1687     447
1687     447
1688     447
1688     448
1689     448
1689     448
1690     448
1690     449
1691     449
1691     449
1692     449
1692     450
1693     450
1693     450
1694     450
1694     451
1695     451
1695     451
1696     451
1696     452
1697     452
1697     452
1698     452
1698     453
1699     453
1699     453
1700     453
1700     454
1701     454
1701     454
1702     454
1702     455
1703     455
1703     455
1704     455
1704     456
1705     456
1705     456
1706     456
1706     457
1707     457
1707     457
1708     457
1708     458
1709     458
1709     458
1710     458
1710     459
1711     459
1711     459
1712     459
1712     460
1713     460
1713     460
1714     460
1714     461
1715     461
1715     461
1716     461
1716     462
1717     462
1717     462
1718     462
1718     463
1719     463
1719     464
1720     464
1720     465
1721     465
1721     465
1722     465
1722     466
1723     466
1723     466
1724     466
1724     467
1725     467
1725     467
1726     467
1726     468
1727     468
1727     469
1728     469
1728     469
1729     469
1729     469
1730     469
1730     470
1731     470
1731     470
1732     470
1732     470
1733     470
1733     470
1734     470
1734     470
1735     470
1735     470
1736     470
1736     471
1737     471
1737     471
1738     471
1738     471
1739     471
1739     471
1740     471
1740     471
1741     471
1741     471
1742     471
1742     472
1743     472
1743     472
1744     472
1744     473
1745     473
1745     473
1746     473
1746     474
1747     474
1747     474
1748     474
1748     475
1749     475
1749     475
1750     475
1750     476
1751     476
1751     476
1752     476
1752     477
1753     477
1753     477
1754     477
1754     477
1755     477
1755     477
1756     477
1756     479
1757     479
1757     479
1758     479
1758     479
1759     479
1759     479
1760     479
1760     479
1761     479
1761     480
1762     480
1762     480
1763     480
1763     480
1764     480
1764     480
1765     480
1765     480
1766     480
1766     480
1767     480
1767     480
1768     480
1768     480
1769     480
1769     480
1770     480
1770     480
1771     480
1771     480
1772     480
1772     480
1773     480
1773     480
1774     480
1774     480
1775     480
1775     480
1776     480
1776     481
1777     481
1777     481
1778     481
1778     482
1779     482
1779     483
1780     483
1780     484
1781     484
1781     484
1782     484
1782     485
1783     485
1783     485
1784     485
1784     486
1785     486
1785     486
1786     486
1786     486
1787     486
1787     486
1788     486
1788     487
1789     487
1789     487
1790     487
1790     487
1791     487
1791     487
1792     487
1792     488
1793     488
1793     476
1794     476
1794     476
1795     476
1795     476
1796     476
1796     477
1797     477
1797     477
1798     477
1798     478
1799     478
1799     478
1800     478
1800     479
1801     479
1801     479
1802     479
1802     480
1803     480
1803     480
1804     480
1804     481
1805     481
1805     481
1806     481
1806     482
1807     482
1807     482
1808     482
1808     483
1809     483
1809     483
1810     483
1810     484
1811     484
1811     484
1812     484
1812     485
1813     485
1813     485
1814     485
1814     486
1815     486
1815     486
1816     486
1816     487
1817     487
1817     487
1818     487
1818     488
1819     488
1819     488
1820     488
1820     489
1821     489
1821     489
1822     489
1822     489
1823     489
1823     489
1824     489
1824     489
1825     489
1825     489
1826     489
1826     490
1827     490
1827     490
1828     490
1828     491
1829     491
1829     492
1830     492
1830     493
1831     493
1831     493
1832     493
1832     494
1833     494
1833     493
1834     493
1834     494
1835     494
1835     495
1836     495
1836     496
1837     496
1837     497
1838     497
1838     498
1839     498
1839     498
1840     498
1840     499
1841     499
1841     499
1842     499
1842     500
1843     500
1843     500
1844     500
1844     501
1845     501
1845     501
1846     501
1846     502
1847     502
1847     502
1848     502
1848     503
1849     503
1849     503
1850     503
1850     504
1851     504
1851     504
1852     504
1852     505
1853     505
1853     505
1854     505
1854     506
1855     506
1855     506
1856     506
1856     507
1857     507
1857     507
1858     507
1858     507
1859     507
1859     507
1860     507
1860     507
1861     507
1861     507
1862     507
1862     508
1863     508
1863     508
1864     508
1864     509
1865     509
1865     509
1866     509
1866     510
1867     510
1867     510
1868     510
1868     510
1869     510
1869     510
1870     510
1870     510
1871     510
1871     510
1872     510
1872     510
1873     510
1873     510
1874     510
1874     511
1875     511
1875     511
1876     511
1876     512
1877     512
1877     512
1878     512
1878     512
1879     512
1879     512
1880     512
1880     512
1881     512
1881     512
1882     512
1882     512
1883     512
1883     512
1884     512
1884     514
1885     514
1885     514
1886     514
1886     514
1887     514
1887     514
1888     514
1888     514
1889     514
1889     514
1890     514
1890     514
1891     514
1891     514
1892     514
1892     515
1893     515
1893     515
1894     515
1894     515
1895     515
1895     515
1896     515
1896     517
1897     517
1897     517
1898     517
1898     517
1899     517
1899     517
1900     517
1900     517
1901     517
1901     517
1902     517
1902     517
1903     517
1903     518
1904     518
1904     518
1905     518
1905     518
1906     518
1906     519
1907     519
1907     519
1908     519
1908     519
1909     519
1909     519
1910     519
1910     519
1911     519
1911     519
1912     519
1912     519
1913     519
1913     519
1914     519
1914     519
1915     519
1915     519
1916     519
1916     519
1917     519
1917     519
1918     519
1918     519
1919     519
1919     519
1920     519
1920     519
1921     519
1921     519
1922     519
1922     519
1923     519
1923     519
1924     519
1924     520
1925     520
1925     520
1926     520
1926     520
1927     520
1927     520
1928     520
1928     521
1929     521
1929     521
1930     521
1930     521
1931     521
1931     521
1932     521
1932     521
1933     521
1933     521
1934     521
1934     521
1935     521
1935     521
1936     521
1936     521
1937     521
1937     521
1938     521
1938     521
1939     521
1939     521
1940     521
1940     521
1941     521
1941     521
1942     521
1942     521
1943     521
1943     521
1944     521
1944     521
1945     521
1945     521
1946     521
1946     522
1947     522
1947     523
1948     523
1948     523
1949     523
1949     523
1950     523
1950     524
1951     524
1951     524
1952     524
1952     524
1953     524
1953     524
1954     524
1954     525
1955     525
1955     525
1956     525
1956     525
1957     525
1957     525
1958     525
1958     526
1959     526
1959     526
1960     526
1960     527
1961     527
1961     527
1962     527
1962     528
1963     528
1963     529
1964     529
1964     530
1965     530
1965     530
1966     530
1966     531
1967     531
1967     531
1968     531
1968     532
1969     532
1969     532
1970     532
1970     532
1971     532
1971     532
1972     532
1972     534
1973     534
1973     534
1974     534
1974     534
1975     534
1975     534
1976     534
1976     535
1977     535
1977     535
1978     535
1978     536
1979     536
1979     536
1980     536
1980     537
1981     537
1981     537
1982     537
1982     538
1983     538
1983     538
1984     538
1984     538
1985     538
1985     538
1986     538
1986     539
1987     539
1987     539
1988     539
1988     539
1989     539
1989     539
1990     539
1990     539
1991     539
1991     539
1992     539
1992     539
1993     539
1993     539
1994     539
1994     540
1995     540
1995     540
1996     540
1996     540
1997     540
1997     540
1998     540
1998     540
1999     540
1999     540
2000     540
2000     540
2001     540
2001     540
2002     540
2002     540
2003     540
2003     540
2004     540
2004     540
2005     540
2005     540
2006     540
2006     541
2007     541
2007     541
2008     541
2008     541
2009     541
2009     541
2010     541
2010     541
2011     541
2011     541
2012     541
2012     541
2013     541
2013     541
2014     541
2014     541
2015     541
2015     541
2016     541
2016     541
2017     541
2017     534
2018     534
2018     534
2019     534
2019     534
2020     534
2020     534
2021     534
2021     534
2022     534
2022     534
2023     534
2023     534
2024     534
2024     535
2025     535
2025     535
2026     535
2026     536
2027     536
2027     536
2028     536
2028     537
2029     537
2029     537
2030     537
2030     538
2031     538
2031     538
2032     538
2032     538
2033     538
2033     538
2034     538
2034     540
2035     540
2035     539
2036     539
2036     539
2037     539
2037     539
2038     539
2038     540
2039     540
2039     540
2040     540
2040     540
2041     540
2041     540
2042     540
2042     541
2043     541
2043     541
2044     541
2044     541
2045     541
2045     541
2046     541
2046     542
2047     542
2047     542
2048     542
2048     543
2049     543
2049     543
2050     543
2050     544
2051     544
2051     544
2052     544
2052     545
2053     545
2053     545
2054     545
2054     545
2055     545
2055     545
2056     545
2056     545
2057     545
2057     545
2058     545
2058     545
2059     545
2059     545
2060     545
2060     546
2061     546
2061     546
2062     546
2062     546
2063     546
2063     546
2064     546
2064     547
2065     547
2065     533
2066     533
2066     533
2067     533
2067     533
2068     533
2068     533
2069     533
2069     533
2070     533
2070     535
2071     535
2071     535
2072     535
2072     535
2073     535
2073     535
2074     535
2074     535
2075     535
2075     535
2076     535
2076     535
2077     535
2077     535
2078     535
2078     535
2079     535
2079     535
2080     535
2080     535
2081     535
2081     535
2082     535
2082     535
2083     535
2083     535
2084     535
2084     536
2085     536
2085     536
2086     536
2086     536
2087     536
2087     536
2088     536
2088     538
2089     538
2089     538
2090     538
2090     538
2091     538
2091     538
2092     538
2092     539
2093     539
2093     539
2094     539
2094     539
2095     539
2095     539
2096     539
2096     540
2097     540
2097     540
2098     540
2098     540
2099     540
2099     540
2100     540
2100     541
2101     541
2101     541
2102     541
2102     541
2103     541
2103     541
2104     541
2104     541
2105     541
2105     541
2106     541
2106     541
2107     541
2107     542
2108     542
2108     542
2109     542
2109     542
2110     542
2110     542
2111     542
2111     542
2112     542
2112     542
2113     542
2113     542
2114     542
2114     544
2115     544
2115     544
2116     544
2116     544
2117     544
2117     544
2118     544
2118     544
2119     544
2119     544
2120     544
2120     544
2121     544
2121     544
2122     544
2122     544
2123     544
2123     544
2124     544
2124     544
2125     544
2125     544
2126     544
2126     544
2127     544
2127     544
2128     544
2128     544
2129     544
2129     544
2130     544
2130     544
2131     544
2131     544
2132     544
2132     544
2133     544
2133     544
2134     544
2134     546
2135     546
2135     536
2136     536
2136     536
2137     536
2137     536
2138     536
2138     536
2139     536
2139     536
2140     536
2140     536
2141     536
2141     536
2142     536
2142     536
2143     536
2143     536
2144     536
2144     536
2145     536
2145     536
2146     536
2146     536
2147     536
2147     536
2148     536
2148     536
2149     536
2149     536
2150     536
2150     536
2151     536
2151     536
2152     536
2152     536
2153     536
2153     536
2154     536
2154     536
2155     536
2155     536
2156     536
2156     536
2157     536
2157     536
2158     536
2158     536
2159     536
2159     536
2160     536
2160     536
2161     536
2161     536
2162     536
2162     536
2163     536
2163     536
2164     536
2164     537
2165     537
2165     538
2166     538
2166     539
2167     539
2167     539
2168     539
2168     540
2169     540
2169     540
2170     540
2170     541
2171     541
2171     541
2172     541
2172     542
2173     542
2173     542
2174     542
2174     543
2175     543
2175     544
2176     544
2176     545
2177     545
2177     545
2178     545
2178     546
2179     546
2179     546
2180     546
2180     547
2181     547
2181     547
2182     547
2182     548
2183     548
2183     548
2184     548
2184     549
2185     549
2185     549
2186     549
2186     550
2187     550
2187     550
2188     550
2188     551
2189     551
2189     551
2190     551
2190     552
2191     552
2191     552
2192     552
2192     553
2193     553
2193     553
2194     553
2194     554
2195     554
2195     554
2196     554
2196     555
2197     555
2197     555
2198     555
2198     556
2199     556
2199     556
2200     556
2200     557
2201     557
2201     558
2202     558
2202     559
2203     559
2203     559
2204     559
2204     560
2205     560
2205     560
2206     560
2206     561
2207     561
2207     562
2208     562
2208     563
2209     563
2209     563
2210     563
2210     564
2211     564
2211     564
2212     564
2212     564
2213     564
2213     564
2214     564
2214     564
2215     564
2215     564
2216     564
2216     565
2217     565
2217     565
2218     565
2218     565
2219     565
2219     565
2220     565
2220     566
2221     566
2221     566
2222     566
2222     566
2223     566
2223     566
2224     566
2224     567
2225     567
2225     567
2226     567
2226     568
2227     568
2227     568
2228     568
2228     569
2229     569
2229     569
2230     569
2230     570
2231     570
2231     567
2232     567
2232     568
2233     568
2233     568
2234     568
2234     569
2235     569
2235     569
2236     569
2236     570
2237     570
2237     570
2238     570
2238     571
2239     571
2239     571
2240     571
2240     571
2241     571
2241     571
2242     571
2242     572
2243     572
2243     572
2244     572
2244     573
2245     573
2245     573
2246     573
2246     574
2247     574
2247     574
2248     574
2248     575
2249     575
2249     572
2250     572
2250     572
2251     572
2251     572
2252     572
2252     574
2253     574
2253     574
2254     574
2254     574
2255     574
2255     574
2256     574
2256     575
2257     575
2257     575
2258     575
2258     576
2259     576
2259     576
2260     576
2260     577
2261     577
2261     577
2262     577
2262     578
2263     578
2263     578
2264     578
2264     579
2265     579
2265     579
2266     579
2266     580
2267     580
2267     580
2268     580
2268     581
2269     581
2269     581
2270     581
2270     582
2271     582
2271     583
2272     583
2272     584
2273     584
2273     584
2274     584
2274     585
2275     585
2275     586
2276     586
2276     587
2277     587
2277     587
2278     587
2278     588
2279     588
2279     588
2280     588
2280     589
2281     589
2281     590
2282     590
2282     591
2283     591
2283     591
2284     591
2284     592
2285     592
2285     592
2286     592
2286     593
2287     593
2287     593
2288     593
2288     594
2289     594
2289     594
2290     594
2290     595
2291     595
2291     596
2292     596
2292     597
2293     597
2293     597
2294     597
2294     598
2295     598
2295     598
2296     598
2296     599
2297     599
2297     599
2298     599
2298     600
2299     600
2299     600
2300     600
2300     601
2301     601
2301     601
2302     601
2302     602
2303     602
2303     602
2304     602
2304     603
2305     603
2305     603
2306     603
2306     604
2307     604
2307     604
2308     604
2308     604
2309     604
2309     604
2310     604
2310     604
2311     604
2311     604
2312     604
2312     605
2313     605
2313     605
2314     605
2314     606
2315     606
2315     606
2316     606
2316     606
2317     606
2317     606
2318     606
2318     607
2319     607
2319     608
2320     608
2320     609
2321     609
2321     610
2322     610
2322     611
2323     611
2323     611
2324     611
2324     612
2325     612
2325     612
2326     612
2326     613
2327     613
2327     613
2328     613
2328     614
2329     614
2329     614
2330     614
2330     615
2331     615
2331     615
2332     615
2332     616
2333     616
2333     616
2334     616
2334     616
2335     616
2335     616
2336     616
2336     617
2337     617
2337     617
2338     617
2338     618
2339     618
2339     618
2340     618
2340     619
2341     619
2341     619
2342     619
2342     620
2343     620
2343     620
2344     620
2344     621
2345     621
2345     621
2346     621
2346     622
2347     622
2347     622
2348     622
2348     623
2349     623
2349     623
2350     623
2350     624
2351     624
2351     624
2352     624
2352     625
2353     625
2353     625
2354     625
2354     626
2355     626
2355     626
2356     626
2356     627
2357     627
2357     627
2358     627
2358     628
2359     628
2359     628
2360     628
2360     629
2361     629
2361     628
2362     628
2362     629
2363     629
2363     629
2364     629
2364     630
2365     630
2365     630
2366     630
2366     631
2367     631
2367     632
2368     632
2368     633
2369     633
2369     633
2370     633
2370     634
2371     634
2371     635
2372     635
2372     636
2373     636
2373     636
2374     636
2374     637
2375     637
2375     638
2376     638
2376     639
2377     639
2377     639
2378     639
2378     640
2379     640
2379     640
2380     640
2380     641
2381     641
2381     641
2382     641
2382     642
2383     642
2383     642
2384     642
2384     643
2385     643
2385     643
2386     643
2386     644
2387     644
2387     644
2388     644
2388     645
2389     645
2389     646
2390     646
2390     647
2391     647
2391     647
2392     647
2392     648
2393     648
2393     648
2394     648
2394     648
2395     648
2395     648
2396     648
2396     648
2397     648
2397     648
2398     648
2398     648
2399     648
2399     648
2400     648
2400     648
2401     648
2401     648
2402     648
2402     649
2403     649
2403     649
2404     649
2404     649
2405     649
2405     649
2406     649
2406     650
2407     650
2407     650
2408     650
2408     650
2409     650
2409     650
2410     650
2410     651
2411     651
2411     651
2412     651
2412     651
2413     651
2413     651
2414     651
2414     651
2415     651
2415     651
2416     651
2416     651
2417     651
2417     651
2418     651
2418     652
2419     652
2419     652
2420     652
2420     652
2421     652
2421     652
2422     652
2422     652
2423     652
2423     652
2424     652
2424     652
2425     652
2425     652
2426     652
2426     652
2427     652
2427     652
2428     652
2428     652
2429     652
2429     652
2430     652
2430     652
2431     652
2431     652
2432     652
2432     653
2433     653
2433     653
2434     653
2434     654
2435     654
2435     654
2436     654
2436     655
2437     655
2437     655
2438     655
2438     656
2439     656
2439     656
2440     656
2440     656
2441     656
2441     656
2442     656
2442     658
2443     658
2443     657
2444     657
2444     657
2445     657
2445     657
2446     657
2446     658
2447     658
2447     658
2448     658
2448     658
2449     658
2449     658
2450     658
2450     659
2451     659
2451     659
2452     659
2452     659
2453     659
2453     659
2454     659
2454     660
2455     660
2455     660
2456     660
2456     660
2457     660
2457     660
2458     660
2458     661
2459     661
2459     662
2460     662
2460     662
2461     662
2461     662
2462     662
2462     662
2463     662
2463     663
2464     663
2464     664
2465     664
2465     664
2466     664
2466     664
2467     664
2467     664
2468     664
2468     664
2469     664
2469     664
2470     664
2470     665
2471     665
2471     665
2472     665
2472     666
2473     666
2473     666
2474     666
2474     667
2475     667
2475     667
2476     667
2476     668
2477     668
2477     668
2478     668
2478     669
2479     669
2479     669
2480     669
2480     670
2481     670
2481     670
2482     670
2482     671
2483     671
2483     671
2484     671
2484     672
2485     672
2485     672
2486     672
2486     673
2487     673
2487     673
2488     673
2488     674
2489     674
2489     674
2490     674
2490     675
2491     675
2491     675
2492     675
2492     676
2493     676
2493     676
2494     676
2494     676
2495     676
2495     676
2496     676
2496     678
2497     678
2497     678
2498     678
2498     678
2499     678
2499     678
2500     678
2500     679
2501     679
2501     679
2502     679
2502     680
2503     680
2503     681
2504     681
2504     682
2505     682
2505     682
2506     682
2506     683
2507     683
2507     683
2508     683
2508     683
2509     683
2509     683
2510     683
2510     683
2511     683
2511     683
2512     683
2512     683
2513     683
2513     684
2514     684
2514     684
2515     684
2515     684
2516     684
2516     686
2517     686
2517     686
2518     686
2518     686
2519     686
2519     686
2520     686
2520     687
2521     687
2521     688
2522     688
2522     688
2523     688
2523     688
2524     688
2524     688
2525     688
2525     688
2526     688
2526     688
2527     688
2527     688
2528     688
2528     689
2529     689
2529     689
2530     689
2530     690
2531     690
2531     690
2532     690
2532     691
2533     691
2533     691
2534     691
2534     692
2535     692
2535     692
2536     692
2536     693
2537     693
2537     693
2538     693
2538     694
2539     694
2539     694
2540     694
2540     695
2541     695
2541     695
2542     695
2542     696
2543     696
2543     697
2544     697
2544     698
2545     698
2545     698
2546     698
2546     699
2547     699
2547     699
2548     699
2548     699
2549     699
2549     699
2550     699
2550     701
2551     701
2551     701
2552     701
2552     701
2553     701
2553     701
2554     701
2554     702
2555     702
2555     703
2556     703
2556     704
2557     704
2557     704
2558     704
2558     705
2559     705
2559     705
2560     705
2560     706
2561     706
2561     706
2562     706
2562     707
2563     707
2563     707
2564     707
2564     708
2565     708
2565     708
2566     708
2566     709
2567     709
2567     709
2568     709
2568     710
2569     710
2569     710
2570     710
2570     711
2571     711
2571     711
2572     711
2572     711
2573     711
2573     711
2574     711
2574     711
2575     711
2575     711
2576     711
2576     711
2577     711
2577     711
2578     711
