1     0
1     1
2     0
2     1
3     0
3     1
4     0
4     1
5     0
5     1
6     0
6     1
7     0
7     1
8     0
8     1
9     0
9     1
10     0
10     1
11     0
11     1
12     0
12     1
13     0
13     1
14     0
14     1
15     0
15     1
16     0
16     1
17     0
17     1
18     0
18     1
19     0
19     1
20     0
20     1
21     0
21     1
22     0
22     1
23     0
23     1
24     0
24     1
25     0
25     1
26     0
26     1
27     0
27     1
28     0
28     1
29     0
29     1
30     0
30     1
31     0
31     1
32     0
32     1
33     0
33     1
34     0
34     1
35     0
35     1
36     0
36     1
37     0
37     1
38     1
38     2
39     0
39     1
40     1
40     2
41     0
41     1
42     0
42     1
43     0
43     1
44     1
44     2
45     0
45     1
46     0
46     1
47     0
47     1
48     0
48     1
49     0
49     1
50     0
50     1
51     0
51     1
52     1
52     2
53     0
53     1
54     1
54     2
55     0
55     1
56     0
56     1
57     0
57     1
58     1
58     2
59     0
59     1
60     0
60     1
61     0
61     1
62     0
62     1
63     0
63     1
64     0
64     1
65     0
65     1
66     0
66     1
67     0
67     1
68     0
68     1
69     0
69     1
70     0
70     1
71     0
71     1
72     0
72     1
73     0
73     1
74     0
74     1
75     0
75     1
76     0
76     1
77     0
77     1
78     0
78     1
79     0
79     1
80     0
80     1
81     0
81     1
82     0
82     1
83     0
83     1
84     0
84     1
85     0
85     1
86     0
86     1
87     0
87     1
88     0
88     1
89     0
89     1
90     0
90     1
91     0
91     1
92     0
92     1
93     0
93     1
94     0
94     1
95     0
95     1
96     0
96     1
97     0
97     1
98     0
98     1
99     0
99     1
100     0
100     1
101     0
101     1
102     0
102     1
103     0
103     1
104     0
104     1
105     0
105     1
106     0
106     1
107     0
107     1
108     0
108     1
109     0
109     1
110     0
110     1
111     0
111     1
112     0
112     1
113     0
113     1
114     0
114     1
115     0
115     1
116     0
116     1
117     0
117     1
118     0
118     1
119     0
119     1
120     0
120     1
121     0
121     1
122     0
122     1
123     0
123     1
124     0
124     1
125     0
125     1
126     0
126     1
127     0
127     1
128     0
128     1
129     0
129     1
130     0
130     1
131     0
131     1
132     0
132     1
133     0
133     1
134     0
134     1
135     0
135     1
136     0
136     1
137     0
137     1
138     0
138     1
139     0
139     1
140     0
140     1
141     0
141     1
142     0
142     1
143     0
143     1
144     0
144     1
145     0
145     1
146     0
146     1
147     0
147     1
148     0
148     1
149     0
149     1
150     0
150     1
151     0
151     1
152     0
152     1
153     0
153     1
154     0
154     1
155     0
155     1
156     0
156     1
157     0
157     1
158     0
158     1
159     0
159     1
160     0
160     1
161     0
161     1
162     0
162     1
163     0
163     1
164     0
164     1
165     0
165     1
166     0
166     1
167     0
167     1
168     0
168     1
169     0
169     1
170     0
170     1
171     0
171     1
172     0
172     1
173     0
173     1
174     0
174     1
175     0
175     1
176     0
176     1
177     0
177     1
178     0
178     1
179     0
179     1
180     0
180     1
181     0
181     1
182     0
182     1
183     0
183     1
184     0
184     1
185     0
185     1
186     0
186     1
187     0
187     1
188     0
188     1
189     0
189     1
190     0
190     1
191     0
191     1
192     0
192     1
193     0
193     1
194     0
194     1
195     0
195     1
196     0
196     1
197     0
197     1
198     0
198     1
199     0
199     1
200     0
200     1
201     0
201     1
202     0
202     1
203     0
203     1
204     0
204     1
205     0
205     1
206     0
206     1
207     0
207     1
208     0
208     1
209     0
209     1
210     1
210     2
211     0
211     1
212     0
212     1
213     0
213     1
214     0
214     1
215     0
215     1
216     0
216     1
217     0
217     1
218     0
218     1
219     0
219     1
220     0
220     1
221     0
221     1
222     0
222     1
223     0
223     1
224     0
224     1
225     0
225     1
226     0
226     1
227     0
227     1
228     0
228     1
229     0
229     1
230     0
230     1
231     0
231     1
232     0
232     1
233     0
233     1
234     0
234     1
235     0
235     1
236     0
236     1
237     0
237     1
238     0
238     1
239     0
239     1
240     0
240     1
241     0
241     1
242     0
242     1
243     0
243     1
244     0
244     1
245     0
245     1
246     0
246     1
247     0
247     1
248     0
248     1
249     0
249     1
250     0
250     1
251     0
251     1
252     0
252     1
253     0
253     1
254     0
254     1
255     0
255     1
256     0
256     1
257     0
257     1
258     0
258     1
259     0
259     1
260     0
260     1
261     0
261     1
262     0
262     1
263     0
263     1
264     0
264     1
265     0
265     1
266     0
266     1
267     0
267     1
268     0
268     1
269     0
269     1
270     0
270     1
271     0
271     1
272     0
272     1
273     0
273     1
274     0
274     1
275     0
275     1
276     0
276     1
277     0
277     1
278     0
278     1
279     0
279     1
280     0
280     1
281     0
281     1
282     0
282     1
283     0
283     1
284     0
284     1
285     0
285     1
286     0
286     1
287     0
287     1
288     0
288     1
289     0
289     1
290     0
290     1
291     0
291     1
292     0
292     1
293     0
293     1
294     0
294     1
295     0
295     1
296     0
296     1
297     0
297     1
298     0
298     1
299     0
299     1
300     0
300     1
301     0
301     1
302     0
302     1
303     0
303     1
304     0
304     1
305     0
305     1
306     0
306     1
307     0
307     1
308     0
308     1
309     0
309     1
310     0
310     1
311     0
311     1
312     0
312     1
313     0
313     1
314     0
314     1
315     0
315     1
316     0
316     1
317     0
317     1
318     0
318     1
319     0
319     1
320     0
320     1
321     0
321     1
322     0
322     1
323     0
323     1
324     0
324     1
325     0
325     1
326     0
326     1
327     0
327     1
328     0
328     1
329     0
329     1
330     0
330     1
331     0
331     1
332     0
332     1
333     0
333     1
334     0
334     1
335     0
335     1
336     0
336     1
337     0
337     1
338     0
338     1
339     0
339     1
340     0
340     1
341     0
341     1
342     1
342     2
343     2
343     3
344     3
344     4
345     4
345     5
346     0
346     1
347     0
347     1
348     0
348     1
349     0
349     1
350     0
350     1
351     0
351     1
352     0
352     1
353     0
353     1
354     0
354     1
355     0
355     1
356     0
356     1
357     0
357     1
358     0
358     1
359     0
359     1
360     0
360     1
361     0
361     1
362     0
362     1
363     0
363     1
364     0
364     1
365     0
365     1
366     0
366     1
367     0
367     1
368     0
368     1
369     0
369     1
370     0
370     1
371     0
371     1
372     1
372     2
373     2
373     3
374     3
374     4
375     4
375     5
376     0
376     1
377     0
377     1
378     0
378     1
379     0
379     1
380     0
380     1
381     0
381     1
382     0
382     1
383     0
383     1
384     0
384     1
385     0
385     1
386     1
386     2
387     2
387     3
388     3
388     4
389     4
389     5
390     5
390     6
391     6
391     7
392     7
392     8
393     8
393     9
394     9
394     10
394     11
395     11
395     12
396     0
396     1
397     0
397     1
398     0
398     1
399     0
399     1
400     0
400     1
401     0
401     1
402     0
402     1
403     0
403     1
404     0
404     1
405     0
405     1
406     0
406     1
407     0
407     1
408     0
408     1
409     0
409     1
410     0
410     1
411     0
411     1
412     0
412     1
413     0
413     1
414     0
414     1
415     0
415     1
416     0
416     1
417     0
417     1
418     0
418     1
419     0
419     1
420     0
420     1
421     0
421     1
422     0
422     1
423     0
423     1
424     0
424     1
425     0
425     1
426     0
426     1
427     0
427     1
428     0
428     1
429     1
429     2
430     2
430     3
431     3
431     4
432     0
432     1
433     0
433     1
434     0
434     1
435     0
435     1
436     0
436     1
437     0
437     1
438     0
438     1
439     0
439     1
440     0
440     1
441     1
441     2
442     0
442     1
443     0
443     1
444     0
444     1
445     0
445     1
446     0
446     1
447     1
447     2
448     2
448     3
449     3
449     4
450     0
450     1
451     0
451     1
452     0
452     1
453     0
453     1
454     0
454     1
455     0
455     1
456     0
456     1
457     0
457     1
458     0
458     1
459     1
459     2
460     2
460     3
461     3
461     4
462     4
462     5
463     5
463     6
464     6
464     7
465     7
465     8
466     8
466     9
467     9
467     10
467     11
468     0
468     1
469     0
469     1
470     0
470     1
471     0
471     1
472     0
472     1
473     0
473     1
474     0
474     1
475     0
475     1
476     0
476     1
477     0
477     1
478     0
478     1
479     1
479     2
480     2
480     3
481     3
481     4
482     4
482     5
483     5
483     6
484     6
484     7
485     0
485     1
486     0
486     1
487     0
487     1
488     0
488     1
489     0
489     1
490     0
490     1
491     0
491     1
492     0
492     1
493     0
493     1
494     0
494     1
495     0
495     1
496     0
496     1
497     1
497     2
498     2
498     3
499     3
499     4
500     4
500     5
501     5
501     6
502     6
502     7
503     7
503     8
504     8
504     9
505     9
505     10
505     11
506     0
506     1
507     0
507     1
508     0
508     1
509     0
509     1
510     0
510     1
511     1
511     2
512     2
512     3
513     3
513     4
514     4
514     5
515     5
515     6
516     6
516     7
517     7
517     8
518     8
518     9
519     9
519     10
519     11
520     11
520     12
521     0
521     1
522     0
522     1
523     0
523     1
524     0
524     1
525     0
525     1
526     1
526     2
527     2
527     3
528     3
528     4
529     4
529     5
530     5
530     6
531     6
531     7
532     7
532     8
533     8
533     9
534     9
534     10
534     11
535     0
535     1
536     0
536     1
537     1
537     2
538     2
538     3
539     3
539     4
540     4
540     5
541     5
541     6
542     6
542     7
543     7
543     8
544     8
544     9
545     9
545     10
545     11
546     0
546     1
547     0
547     1
548     0
548     1
549     0
549     1
550     0
550     1
551     0
551     1
552     0
552     1
553     0
553     1
554     0
554     1
555     0
555     1
556     0
556     1
557     0
557     1
558     0
558     1
559     1
559     2
560     2
560     3
561     3
561     4
562     4
562     5
563     5
563     6
564     6
564     7
565     7
565     8
566     8
566     9
567     9
567     10
567     11
568     11
568     12
569     0
569     1
570     0
570     1
571     0
571     1
572     0
572     1
573     0
573     1
574     0
574     1
575     0
575     1
576     0
576     1
577     0
577     1
578     0
578     1
579     0
579     1
580     0
580     1
581     0
581     1
582     0
582     1
583     0
583     1
584     0
584     1
585     0
585     1
586     0
586     1
587     0
587     1
588     0
588     1
589     0
589     1
590     0
590     1
591     0
591     1
592     0
592     1
593     0
593     1
594     0
594     1
595     0
595     1
596     0
596     1
597     0
597     1
598     0
598     1
599     0
599     1
600     0
600     1
601     1
601     2
602     2
602     3
603     3
603     4
604     4
604     5
605     5
605     6
606     6
606     7
607     7
607     8
608     8
608     9
609     9
609     10
609     11
610     0
610     1
611     0
611     1
612     0
612     1
613     0
613     1
614     0
614     1
615     1
615     2
616     2
616     3
617     3
617     4
618     4
618     5
619     5
619     6
620     6
620     7
621     7
621     8
622     8
622     9
623     9
623     10
623     11
624     11
624     12
625     0
625     1
626     0
626     1
627     0
627     1
628     0
628     1
629     0
629     1
630     0
630     1
631     0
631     1
632     0
632     1
633     0
633     1
634     0
634     1
635     0
635     1
636     0
636     1
637     0
637     1
638     0
638     1
639     0
639     1
640     0
640     1
641     0
641     1
642     0
642     1
643     0
643     1
644     0
644     1
645     0
645     1
646     0
646     1
647     0
647     1
648     0
648     1
649     0
649     1
650     0
650     1
651     0
651     1
652     0
652     1
653     0
653     1
654     0
654     1
655     0
655     1
656     0
656     1
657     0
657     1
658     0
658     1
659     0
659     1
660     0
660     1
661     0
661     1
662     0
662     1
663     1
663     2
664     2
664     3
665     3
665     4
666     4
666     5
667     5
667     6
668     6
668     7
669     7
669     8
670     8
670     9
671     9
671     10
671     11
672     0
672     1
673     0
673     1
674     0
674     1
675     0
675     1
676     0
676     1
677     0
677     1
678     0
678     1
679     0
679     1
680     0
680     1
681     0
681     1
682     0
682     1
683     0
683     1
684     0
684     1
685     0
685     1
686     0
686     1
687     0
687     1
688     0
688     1
689     0
689     1
690     0
690     1
691     0
691     1
692     0
692     1
693     0
693     1
694     0
694     1
695     0
695     1
696     0
696     1
697     0
697     1
698     1
698     2
699     2
699     3
700     3
700     4
701     4
701     5
702     5
702     6
703     6
703     7
704     7
704     8
705     8
705     9
706     9
706     10
706     11
707     0
707     1
708     0
708     1
709     0
709     1
710     0
710     1
711     0
711     1
712     0
712     1
713     0
713     1
714     0
714     1
715     0
715     1
716     0
716     1
717     0
717     1
718     0
718     1
719     0
719     1
720     0
720     1
721     0
721     1
722     0
722     1
723     0
723     1
724     0
724     1
725     0
725     1
726     0
726     1
727     0
727     1
728     0
728     1
729     0
729     1
730     0
730     1
731     0
731     1
732     0
732     1
733     0
733     1
734     0
734     1
735     0
735     1
736     0
736     1
737     0
737     1
738     0
738     1
739     0
739     1
740     0
740     1
741     0
741     1
742     0
742     1
743     0
743     1
744     0
744     1
745     0
745     1
746     0
746     1
747     0
747     1
748     0
748     1
749     1
749     2
750     2
750     3
751     3
751     4
752     4
752     5
753     5
753     6
754     6
754     7
755     7
755     8
756     8
756     9
757     9
757     10
757     11
758     11
758     12
759     0
759     1
760     0
760     1
761     0
761     1
762     0
762     1
763     0
763     1
764     0
764     1
765     0
765     1
766     0
766     1
767     0
767     1
768     0
768     1
769     0
769     1
770     0
770     1
771     0
771     1
772     0
772     1
773     0
773     1
774     0
774     1
775     0
775     1
776     0
776     1
777     0
777     1
778     0
778     1
779     0
779     1
780     0
780     1
781     0
781     1
782     0
782     1
783     0
783     1
784     0
784     1
785     1
785     2
786     2
786     3
787     3
787     4
788     4
788     5
789     0
789     1
790     0
790     1
791     0
791     1
792     0
792     1
793     0
793     1
794     0
794     1
795     0
795     1
796     0
796     1
797     0
797     1
798     0
798     1
799     0
799     1
800     0
800     1
801     0
801     1
802     0
802     1
803     0
803     1
804     0
804     1
805     0
805     1
806     0
806     1
807     0
807     1
808     0
808     1
809     0
809     1
810     0
810     1
811     0
811     1
812     0
812     1
813     0
813     1
814     0
814     1
815     0
815     1
816     0
816     1
817     0
817     1
818     0
818     1
819     0
819     1
820     0
820     1
821     0
821     1
822     0
822     1
823     0
823     1
824     0
824     1
825     0
825     1
826     0
826     1
827     0
827     1
828     0
828     1
829     1
829     2
830     2
830     3
831     3
831     4
832     4
832     5
833     5
833     6
834     6
834     7
835     7
835     8
836     8
836     9
837     9
837     10
837     11
838     0
838     1
839     0
839     1
840     0
840     1
841     0
841     1
842     0
842     1
843     0
843     1
844     0
844     1
845     0
845     1
846     0
846     1
847     0
847     1
848     0
848     1
849     0
