1     1
1     2
2     2
2     3
3     1
3     1
4     1
4     2
5     1
5     1
6     1
6     2
7     1
7     2
8     2
8     3
9     1
9     2
10     2
10     3
11     1
11     1
12     1
12     2
13     1
13     1
14     1
14     2
15     1
15     1
16     1
16     2
17     1
17     1
18     1
18     2
19     1
19     1
20     1
20     2
21     1
21     1
22     1
22     2
23     1
23     1
24     1
24     2
25     1
25     1
26     1
26     2
27     1
27     1
28     1
28     2
29     1
29     1
30     1
30     2
31     1
31     1
32     1
32     2
33     1
33     1
34     1
34     2
35     1
35     1
36     1
36     2
37     1
37     1
38     1
38     2
39     1
39     1
40     1
40     2
41     1
41     1
42     1
42     2
43     1
43     1
44     1
44     2
45     1
45     3
46     3
46     4
47     1
47     2
48     2
48     3
49     1
49     3
50     3
50     4
51     1
51     2
52     2
52     3
53     1
53     1
54     1
54     2
55     1
55     3
56     3
56     4
57     1
57     1
58     1
58     2
59     1
59     3
60     3
60     4
61     1
61     2
62     2
62     3
63     1
63     2
64     2
64     3
65     1
65     3
66     3
66     4
67     1
67     2
68     2
68     3
69     1
69     2
70     2
70     3
71     1
71     2
72     2
72     3
73     1
73     2
74     2
74     3
75     1
75     2
76     2
76     3
77     1
77     2
78     2
78     3
79     1
79     2
80     2
80     3
81     1
81     2
82     2
82     3
83     1
83     2
84     2
84     3
85     1
85     1
86     1
86     2
87     1
87     1
88     1
88     2
89     1
89     1
90     1
90     2
91     1
91     1
92     1
92     2
93     1
93     1
94     1
94     2
95     1
95     1
96     1
96     2
97     1
97     1
98     1
98     2
99     1
99     3
100     3
100     4
101     1
101     1
102     1
102     2
103     1
103     3
104     3
104     4
105     1
105     2
106     2
106     3
107     1
107     2
108     2
108     3
109     1
109     1
110     1
110     2
111     1
111     2
112     2
112     3
113     1
113     3
114     3
114     4
115     1
115     3
116     3
116     4
117     1
117     3
118     3
118     4
119     1
119     2
120     2
120     3
121     2
121     2
122     2
122     3
123     2
123     4
124     4
124     5
125     2
125     4
126     4
126     5
127     2
127     4
128     4
128     5
129     2
129     4
130     4
130     5
131     2
131     4
132     4
132     5
133     2
133     4
134     4
134     5
135     2
135     4
136     4
136     5
137     2
137     2
138     2
138     3
139     2
139     3
140     3
140     4
141     2
141     2
142     2
142     3
143     2
143     3
144     3
144     4
145     2
145     3
146     3
146     4
147     2
147     3
148     3
148     4
149     2
149     4
150     4
150     5
151     2
151     4
152     4
152     5
153     2
153     3
154     3
154     4
155     2
155     4
156     4
156     5
157     2
157     2
158     2
158     3
159     2
159     2
160     2
160     3
161     2
161     2
162     2
162     3
163     3
163     3
164     3
164     4
165     4
165     4
166     4
166     5
167     5
167     6
168     6
168     7
169     5
169     5
170     5
170     6
171     6
171     6
172     6
172     7
173     7
173     8
174     8
174     9
175     8
175     8
176     8
176     9
177     7
177     9
178     9
178     10
179     7
179     8
180     8
180     9
181     8
181     7
182     7
182     8
183     7
183     7
184     7
184     8
185     6
185     7
186     7
186     8
187     6
187     8
188     8
188     9
189     6
189     5
190     5
190     6
191     5
191     5
192     5
192     6
193     5
193     5
194     5
194     6
195     5
195     5
196     5
196     6
197     5
197     5
198     5
198     6
199     5
199     5
200     5
200     6
201     5
201     5
202     5
202     6
203     5
203     5
204     5
204     6
205     5
205     5
206     5
206     6
207     5
207     5
208     5
208     6
209     5
209     5
210     5
210     6
211     5
211     7
212     7
212     8
213     5
213     5
214     5
214     6
215     5
215     7
216     7
216     8
217     5
217     7
218     7
218     8
219     5
219     5
220     5
220     6
221     5
221     5
222     5
222     6
223     5
223     5
224     5
224     6
225     5
225     5
226     5
226     6
227     5
227     6
228     6
228     7
229     5
229     5
230     5
230     6
231     5
231     5
232     5
232     6
233     5
233     5
234     5
234     6
235     5
235     5
236     5
236     6
237     5
237     5
238     5
238     6
239     6
239     6
240     6
240     7
241     6
241     6
242     6
242     7
243     7
243     7
244     7
244     8
245     7
245     7
246     7
246     8
247     7
247     7
248     7
248     8
249     7
249     7
250     7
250     8
251     7
251     9
252     9
252     10
253     7
253     9
254     9
254     10
255     7
255     9
256     9
256     10
257     7
257     7
258     7
258     8
259     7
259     9
260     9
260     10
261     7
261     7
262     7
262     8
263     7
263     7
264     7
264     8
265     7
265     7
266     7
266     8
267     7
267     7
268     7
268     8
269     7
269     7
270     7
270     8
271     7
271     7
272     7
272     8
273     7
273     7
274     7
274     8
275     7
275     7
276     7
276     8
277     7
277     7
278     7
278     8
279     7
279     7
280     7
280     8
281     7
281     7
282     7
282     8
283     7
283     7
284     7
284     8
285     7
285     7
286     7
286     8
287     7
287     7
288     7
288     8
289     7
289     7
290     7
290     8
291     7
291     7
292     7
292     8
293     7
293     7
294     7
294     8
295     7
295     7
296     7
296     8
297     7
297     7
298     7
298     8
299     7
299     7
300     7
300     8
301     7
301     7
302     7
302     8
303     7
303     7
304     7
304     8
305     7
305     7
306     7
306     8
307     7
307     7
308     7
308     8
309     7
309     7
310     7
310     8
311     7
311     7
312     7
312     8
313     7
313     7
314     7
314     8
315     7
315     7
316     7
316     7
317     7
317     7
318     7
318     8
319     7
319     7
320     7
320     8
321     7
321     7
322     7
322     7
323     7
323     7
324     7
324     8
325     7
325     7
326     7
326     8
327     7
327     7
328     7
328     8
329     7
329     7
330     7
330     8
331     8
331     8
332     8
332     9
333     8
333     8
334     8
334     9
335     8
335     8
336     8
336     9
337     8
337     8
338     8
338     8
339     8
339     8
340     8
340     8
341     8
341     8
342     8
342     10
343     10
343     10
344     10
344     11
345     11
345     11
346     11
346     12
347     12
347     12
348     12
348     13
349     13
349     13
350     13
350     14
351     14
351     14
352     14
352     15
353     15
353     15
354     15
354     20
355     20
355     21
356     21
356     21
357     21
357     32
358     32
358     33
359     27
359     27
360     27
360     28
361     27
361     27
362     27
362     28
363     27
363     27
364     27
364     28
365     28
365     28
366     28
366     29
367     29
367     29
368     29
368     30
369     18
369     18
370     18
370     18
371     18
371     18
372     18
372     20
373     20
373     20
374     20
374     21
375     21
375     21
376     21
376     22
377     22
377     22
378     22
378     39
379     39
379     26
380     26
380     27
381     27
381     27
382     27
382     28
383     28
383     28
384     28
384     29
385     29
385     29
386     29
386     30
387     30
387     30
388     30
388     31
389     31
389     31
390     31
390     32
391     32
391     32
392     32
392     32
393     32
393     32
394     32
394     32
394     31
395     31
395     32
396     32
396     33
397     32
397     32
398     32
398     33
399     33
399     33
400     33
400     34
401     34
401     34
402     34
402     35
403     35
403     35
404     35
404     36
405     36
405     36
406     36
406     53
407     53
407     54
408     53
408     53
409     53
409     54
410     53
410     53
411     53
411     54
412     54
412     54
413     54
413     55
414     37
414     37
415     37
415     38
416     38
416     38
417     38
417     39
418     39
418     39
419     39
419     40
420     40
420     40
421     40
421     41
422     41
422     41
423     41
423     41
424     41
424     41
425     41
425     42
426     42
426     42
427     42
427     42
428     42
428     42
429     42
429     44
430     44
430     44
431     44
431     45
432     45
432     46
433     46
433     46
434     46
434     63
435     63
435     50
436     50
436     51
437     46
437     46
438     46
438     47
439     42
439     42
440     42
440     70
441     70
441     71
442     71
442     71
443     71
443     72
444     43
444     43
445     43
445     44
446     44
446     44
447     44
447     44
448     44
448     44
449     44
449     44
450     44
450     45
451     45
451     45
452     45
452     62
453     62
453     49
454     49
454     50
455     50
455     50
456     50
456     51
457     51
457     51
458     51
458     79
459     79
459     79
460     79
460     79
461     79
461     79
462     79
462     79
463     79
463     79
464     79
464     79
465     79
465     79
466     79
466     79
467     79
467     79
467     78
468     78
468     78
469     78
469     79
470     79
470     79
471     79
471     80
472     80
472     80
473     80
473     81
474     81
474     81
475     81
475     81
476     81
476     81
477     81
477     81
478     81
478     81
479     81
479     82
480     82
480     82
481     82
481     83
482     83
482     83
483     83
483     85
484     85
484     86
485     86
485     86
486     86
486     103
487     103
487     90
488     90
488     91
489     89
489     89
490     89
490     90
491     86
491     86
492     86
492     87
493     87
493     87
494     87
494     88
495     88
495     88
496     88
496     88
497     88
497     88
498     88
498     88
499     88
499     88
500     88
500     88
501     88
501     88
502     88
502     88
503     88
503     88
504     88
504     88
505     88
505     88
505     87
506     87
506     87
507     87
507     87
508     87
508     87
509     87
509     88
510     88
510     88
511     88
511     88
512     88
512     88
513     88
513     88
514     88
514     88
515     88
515     88
516     88
516     88
517     88
517     88
518     88
518     88
519     88
519     88
519     86
520     86
520     86
521     86
521     86
522     86
522     87
523     87
523     87
524     87
524     88
525     61
525     61
526     61
526     61
527     61
527     61
528     61
528     61
529     61
529     61
530     61
530     61
531     61
531     61
532     61
532     61
533     61
533     61
534     61
534     61
534     60
535     60
535     60
536     60
536     60
537     60
537     60
538     60
538     60
539     60
539     60
540     60
540     60
541     60
541     60
542     60
542     60
543     60
543     60
544     60
544     60
545     60
545     60
545     59
546     59
546     64
547     64
547     64
548     64
548     64
549     64
549     65
550     65
550     65
551     65
551     65
552     65
552     65
553     65
553     66
554     61
554     61
555     61
555     62
556     57
556     57
557     57
557     57
558     57
558     57
559     57
559     58
560     58
560     58
561     58
561     59
562     59
562     59
563     59
563     60
564     60
564     60
565     60
565     61
566     61
566     61
567     61
567     61
567     60
568     60
568     53
569     53
569     54
570     54
570     55
571     55
571     56
572     56
572     56
573     56
573     57
574     57
574     57
575     57
575     62
576     62
576     68
577     68
577     69
578     68
578     68
579     68
579     69
580     68
580     68
581     68
581     69
582     68
582     68
583     68
583     69
584     69
584     69
585     69
585     70
586     70
586     70
587     70
587     71
588     71
588     71
589     71
589     72
590     72
590     72
591     72
591     73
592     73
592     73
593     73
593     74
594     74
594     74
595     74
595     75
596     75
596     75
597     75
597     76
598     76
598     76
599     76
599     76
600     76
600     76
601     76
601     78
602     78
602     78
603     78
603     78
604     78
604     78
605     78
605     78
606     78
606     78
607     78
607     78
608     78
608     78
609     78
609     78
609     77
610     77
610     77
611     77
611     77
612     77
612     78
613     78
613     79
614     79
614     79
615     79
615     79
616     79
616     79
617     79
617     79
618     79
618     79
619     79
619     79
620     79
620     79
621     79
621     79
622     79
622     79
623     79
623     79
623     78
624     78
624     78
625     78
625     93
626     93
626     93
627     93
627     93
628     93
628     93
629     93
629     93
630     93
630     93
631     93
631     94
632     94
632     94
633     94
633     94
634     94
634     95
635     95
635     95
636     95
636     96
637     96
637     96
638     96
638     97
639     97
639     97
640     97
640     98
641     80
641     80
642     80
642     81
643     81
643     81
644     81
644     82
645     81
645     81
646     81
646     82
647     81
647     81
648     81
648     82
649     82
649     82
650     82
650     83
651     83
651     83
652     83
652     83
653     83
653     83
654     83
654     83
655     83
655     83
656     83
656     83
657     83
657     83
658     83
658     83
659     83
659     83
660     83
660     83
661     83
661     83
662     83
662     83
663     83
663     83
664     83
664     83
665     83
665     83
666     83
666     83
667     83
667     83
668     83
668     83
669     83
669     83
670     83
670     83
671     83
671     83
671     82
672     82
672     82
673     82
673     82
674     82
674     82
675     82
675     82
676     82
676     82
677     82
677     82
678     82
678     82
679     82
679     82
680     82
680     82
681     82
681     82
682     82
682     82
683     82
683     82
684     82
684     82
685     82
685     82
686     82
686     82
687     82
687     82
688     82
688     82
689     82
689     82
690     82
690     82
691     82
691     82
692     82
692     82
693     82
693     82
694     82
694     82
695     82
695     82
696     82
696     82
697     82
697     82
698     82
698     82
699     82
699     82
700     82
700     82
701     82
701     82
702     82
702     82
703     82
703     82
704     82
704     82
705     82
705     82
706     82
706     82
706     81
707     81
707     81
708     81
708     82
709     82
709     82
710     82
710     83
711     83
711     83
712     83
712     84
713     84
713     84
714     84
714     85
715     85
715     85
716     85
716     86
717     86
717     86
718     86
718     87
719     87
719     87
720     87
720     88
721     88
721     88
722     88
722     89
723     89
723     89
724     89
724     89
725     89
725     89
726     89
726     89
727     89
727     89
728     89
728     89
729     89
729     89
730     89
730     89
731     89
731     89
732     89
732     89
733     89
733     90
734     90
734     90
735     90
735     91
736     91
736     91
737     91
737     92
738     92
738     92
739     92
739     92
740     92
740     92
741     92
741     92
742     92
742     92
743     92
743     92
744     92
744     92
745     92
745     92
746     92
746     92
747     92
747     92
748     92
748     92
749     92
749     92
750     92
750     92
751     92
751     92
752     92
752     92
753     92
753     92
754     92
754     92
755     92
755     92
756     92
756     92
757     92
757     92
757     91
758     91
758     88
759     88
759     99
760     99
760     100
761     100
761     100
762     100
762     101
763     101
763     101
764     101
764     102
765     102
765     102
766     102
766     103
767     103
767     104
768     104
768     109
769     109
769     109
770     109
770     109
771     109
771     109
772     109
772     109
773     109
773     110
774     110
774     110
775     110
775     111
776     88
776     88
777     88
777     89
778     88
778     88
779     88
779     89
780     89
780     89
781     89
781     90
782     90
782     90
783     90
783     90
784     90
784     90
785     90
785     92
786     92
786     92
787     92
787     93
788     93
788     93
789     93
789     94
790     94
790     94
791     94
791     95
792     95
792     95
793     95
793     96
794     96
794     97
795     97
795     102
796     102
796     103
797     102
797     102
798     102
798     103
799     102
799     102
800     102
800     113
801     113
801     114
802     114
802     114
803     114
803     115
804     103
804     103
805     103
805     104
806     103
806     103
807     103
807     104
808     98
808     98
809     98
809     99
810     99
810     99
811     99
811     100
812     94
812     94
813     94
813     95
814     95
814     95
815     95
815     96
816     96
816     96
817     96
817     96
818     96
818     96
819     96
819     96
820     96
820     96
821     96
821     96
822     96
822     96
823     96
823     96
824     96
824     96
825     96
825     96
826     96
826     96
827     96
827     96
828     96
828     96
829     96
829     96
830     96
830     96
831     96
831     96
832     96
832     96
833     96
833     96
834     96
834     96
835     96
835     96
836     96
836     96
837     96
837     96
837     95
838     95
838     95
839     95
839     95
840     95
840     95
841     95
841     95
842     95
842     95
843     95
843     95
844     95
844     95
845     95
845     95
846     95
846     95
847     95
847     95
848     95
848     95
849     95
