1     0
1     0
2     0
2     0
3     0
3     0
4     0
4     0
5     0
5     0
6     0
6     0
7     0
7     0
8     0
8     0
9     0
9     0
10     0
10     0
11     0
11     0
12     0
12     0
13     0
13     0
14     0
14     0
15     0
15     0
16     0
16     0
17     0
17     0
18     0
18     0
19     0
19     0
20     0
20     0
21     0
21     0
22     0
22     0
23     0
23     0
24     0
24     0
25     0
25     0
26     0
26     0
27     0
27     0
28     0
28     0
29     0
29     0
30     0
30     0
31     0
31     0
32     0
32     0
33     0
33     0
34     0
34     0
35     0
35     0
36     0
36     0
37     0
37     0
38     0
38     0
39     0
39     0
40     0
40     0
41     0
41     0
42     0
42     0
43     0
43     0
44     0
44     0
45     0
45     0
46     0
46     0
47     0
47     0
48     0
48     0
49     0
49     0
50     0
50     0
51     0
51     0
52     0
52     0
53     0
53     0
54     0
54     0
55     0
55     0
56     0
56     0
57     0
57     0
58     0
58     0
59     0
59     0
60     0
60     0
61     0
61     0
62     0
62     0
63     0
63     0
64     0
64     0
65     0
65     0
66     0
66     0
67     0
67     0
68     0
68     0
69     0
69     0
70     0
70     0
71     0
71     0
72     0
72     0
73     0
73     0
74     0
74     0
75     0
75     0
76     0
76     0
77     0
77     0
78     0
78     0
79     0
79     0
80     0
80     0
81     0
81     0
82     0
82     0
83     0
83     0
84     0
84     0
85     0
85     0
86     0
86     0
87     0
87     0
88     0
88     0
89     0
89     0
90     0
90     0
91     0
91     0
92     0
92     0
93     0
93     0
94     0
94     0
95     0
95     0
96     0
96     0
97     0
97     0
98     0
98     0
99     0
99     0
100     0
100     0
101     0
101     0
102     0
102     0
103     0
103     0
104     0
104     0
105     0
105     0
106     0
106     0
107     0
107     0
108     0
108     0
109     0
109     0
110     0
110     0
111     0
111     0
112     0
112     0
113     0
113     0
114     0
114     0
115     0
115     0
116     0
116     0
117     0
117     0
118     0
118     0
119     0
119     0
120     0
120     0
121     0
121     0
122     0
122     0
123     0
123     0
124     0
124     0
125     0
125     0
126     0
126     0
127     0
127     0
128     0
128     0
129     0
129     0
130     0
130     0
131     0
131     0
132     0
132     0
133     0
133     0
134     0
134     0
135     0
135     0
136     0
136     0
137     0
137     0
138     0
138     0
139     0
139     0
140     0
140     0
141     0
141     0
142     0
142     0
143     0
143     0
144     0
144     0
145     0
145     0
146     0
146     0
147     0
147     0
148     0
148     0
149     0
149     0
150     0
150     0
151     0
151     0
152     0
152     0
153     0
153     0
154     0
154     0
155     0
155     0
156     0
156     0
157     0
157     0
158     0
158     0
159     0
159     0
160     0
160     0
161     0
161     0
162     0
162     0
163     0
163     0
164     0
164     0
165     0
165     0
166     0
166     0
167     0
167     0
168     0
168     0
169     0
169     0
170     0
170     0
171     0
171     0
172     0
172     0
173     0
173     0
174     0
174     0
175     0
175     0
176     0
176     0
177     0
177     0
178     0
178     0
179     0
179     0
180     0
180     0
181     0
181     0
182     0
182     0
183     0
183     0
184     0
184     0
185     0
185     0
186     0
186     0
187     0
187     0
188     0
188     0
189     0
189     0
190     0
190     0
191     0
191     0
192     0
192     0
193     0
193     0
194     0
194     0
195     0
195     0
196     0
196     0
197     0
197     0
198     0
198     0
199     0
199     0
200     0
200     0
201     0
201     0
202     0
202     0
203     0
203     0
204     0
204     0
205     0
205     0
206     0
206     0
207     0
207     0
208     0
208     0
209     0
209     0
210     0
210     0
211     0
211     0
212     0
212     0
213     0
213     0
214     0
214     0
215     0
215     0
216     0
216     0
217     0
217     0
218     0
218     0
219     0
219     0
220     0
220     0
221     0
221     0
222     0
222     0
223     0
223     0
224     0
224     0
225     0
225     0
226     0
226     0
227     0
227     0
228     0
228     0
229     0
229     0
230     0
230     0
231     0
231     0
232     0
232     0
233     0
233     0
234     0
234     0
235     0
235     0
236     0
236     0
237     0
237     0
238     0
238     0
239     0
239     0
240     0
240     0
241     0
241     0
242     0
242     0
243     0
243     0
244     0
244     0
245     0
245     0
246     0
246     0
247     0
247     0
248     0
248     0
249     0
249     0
250     0
250     0
251     0
251     0
252     0
252     0
253     0
253     0
254     0
254     0
255     0
255     0
256     0
256     0
257     0
257     0
258     0
258     0
259     0
259     0
260     0
260     0
261     0
261     0
262     0
262     0
263     0
263     0
264     0
264     0
265     0
265     0
266     0
266     0
267     0
267     0
268     0
268     0
269     0
269     0
270     0
270     0
271     0
271     0
272     0
272     0
273     0
273     0
274     0
274     0
275     0
275     0
276     0
276     0
277     0
277     0
278     0
278     0
279     0
279     0
280     0
280     0
281     0
281     0
282     0
282     0
283     0
283     0
284     0
284     0
285     0
285     0
286     0
286     0
287     0
287     0
288     0
288     0
289     0
289     0
290     0
290     0
291     0
291     0
292     0
292     0
293     0
293     0
294     0
294     0
295     0
295     0
296     0
296     0
297     0
297     0
298     0
298     0
299     0
299     0
300     0
300     0
301     0
301     0
302     0
302     0
303     0
303     0
304     0
304     0
305     0
305     0
306     0
306     0
307     0
307     0
308     0
308     0
309     0
309     0
310     0
310     0
311     0
311     0
312     0
312     0
313     0
313     0
314     0
314     0
315     0
315     0
316     0
316     0
317     0
317     0
318     0
318     0
319     0
319     0
320     0
320     0
321     0
321     0
322     0
322     0
323     0
323     0
324     0
324     0
325     0
325     0
326     0
326     0
327     0
327     0
328     0
328     0
329     0
329     0
330     0
330     0
331     0
331     0
332     0
332     0
333     0
333     0
334     0
334     0
335     0
335     0
336     0
336     0
337     0
337     0
338     0
338     0
339     0
339     0
340     0
340     0
341     0
341     0
342     0
342     0
343     0
343     0
344     0
344     0
345     0
345     0
346     0
346     0
347     0
347     0
348     0
348     0
349     0
349     0
350     0
350     0
351     0
351     0
352     0
352     0
353     0
353     0
354     0
354     0
355     0
355     0
356     0
356     0
357     0
357     0
358     0
358     0
359     0
359     0
360     0
360     0
361     0
361     0
362     0
362     0
363     0
363     0
364     0
364     0
365     0
365     0
366     0
366     0
367     0
367     0
368     0
368     0
369     0
369     0
370     0
370     0
371     0
371     0
372     0
372     0
373     0
373     0
374     0
374     0
375     0
375     0
376     0
376     0
377     0
377     0
378     0
378     0
379     0
379     0
380     0
380     0
381     0
381     0
382     0
382     0
383     0
383     0
384     0
384     0
385     0
385     0
386     0
386     0
387     0
387     0
388     0
388     0
389     0
389     0
390     0
390     0
391     0
391     0
392     0
392     0
393     0
393     0
394     0
394     0
394     1
395     1
395     1
396     1
396     1
397     1
397     1
398     1
398     1
399     1
399     1
400     1
400     1
401     1
401     1
402     1
402     1
403     1
403     1
404     1
404     1
405     1
405     1
406     1
406     1
407     1
407     1
408     1
408     1
409     1
409     1
410     1
410     1
411     1
411     1
412     1
412     1
413     1
413     1
414     1
414     1
415     1
415     1
416     1
416     1
417     1
417     1
418     1
418     1
419     1
419     1
420     1
420     1
421     1
421     1
422     1
422     1
423     1
423     1
424     1
424     1
425     1
425     1
426     1
426     1
427     1
427     1
428     1
428     1
429     1
429     1
430     1
430     1
431     1
431     1
432     1
432     1
433     1
433     1
434     1
434     1
435     1
435     1
436     1
436     1
437     1
437     1
438     1
438     1
439     1
439     1
440     1
440     1
441     1
441     1
442     1
442     1
443     1
443     1
444     1
444     1
445     1
445     1
446     1
446     1
447     1
447     1
448     1
448     1
449     1
449     1
450     1
450     1
451     1
451     1
452     1
452     1
453     1
453     1
454     1
454     1
455     1
455     1
456     1
456     1
457     1
457     1
458     1
458     1
459     1
459     1
460     1
460     1
461     1
461     1
462     1
462     1
463     1
463     1
464     1
464     1
465     1
465     1
466     1
466     1
467     1
467     1
467     2
468     2
468     2
469     2
469     2
470     2
470     2
471     2
471     2
472     2
472     2
473     2
473     2
474     2
474     2
475     2
475     2
476     2
476     2
477     2
477     2
478     2
478     2
479     2
479     2
480     2
480     2
481     2
481     2
482     2
482     2
483     2
483     2
484     2
484     2
485     2
485     2
486     2
486     2
487     2
487     2
488     2
488     2
489     2
489     2
490     2
490     2
491     2
491     2
492     2
492     2
493     2
493     2
494     2
494     2
495     2
495     2
496     2
496     2
497     2
497     2
498     2
498     2
499     2
499     2
500     2
500     2
501     2
501     2
502     2
502     2
503     2
503     2
504     2
504     2
505     2
505     2
505     3
506     3
506     3
507     3
507     3
508     3
508     3
509     3
509     3
510     3
510     3
511     3
511     3
512     3
512     3
513     3
513     3
514     3
514     3
515     3
515     3
516     3
516     3
517     3
517     3
518     3
518     3
519     3
519     3
519     4
520     4
520     4
521     4
521     4
522     4
522     4
523     4
523     4
524     4
524     4
525     4
525     4
526     4
526     4
527     4
527     4
528     4
528     4
529     4
529     4
530     4
530     4
531     4
531     4
532     4
532     4
533     4
533     4
534     4
534     4
534     5
535     5
535     5
536     5
536     5
537     5
537     5
538     5
538     5
539     5
539     5
540     5
540     5
541     5
541     5
542     5
542     5
543     5
543     5
544     5
544     5
545     5
545     5
545     6
546     6
546     6
547     6
547     6
548     6
548     6
549     6
549     6
550     6
550     6
551     6
551     6
552     6
552     6
553     6
553     6
554     6
554     6
555     6
555     6
556     6
556     6
557     6
557     6
558     6
558     6
559     6
559     6
560     6
560     6
561     6
561     6
562     6
562     6
563     6
563     6
564     6
564     6
565     6
565     6
566     6
566     6
567     6
567     6
567     7
568     7
568     7
569     7
569     7
570     7
570     7
571     7
571     7
572     7
572     7
573     7
573     7
574     7
574     7
575     7
575     7
576     7
576     7
577     7
577     7
578     7
578     7
579     7
579     7
580     7
580     7
581     7
581     7
582     7
582     7
583     7
583     7
584     7
584     7
585     7
585     7
586     7
586     7
587     7
587     7
588     7
588     7
589     7
589     7
590     7
590     7
591     7
591     7
592     7
592     7
593     7
593     7
594     7
594     7
595     7
595     7
596     7
596     7
597     7
597     7
598     7
598     7
599     7
599     7
600     7
600     7
601     7
601     7
602     7
602     7
603     7
603     7
604     7
604     7
605     7
605     7
606     7
606     7
607     7
607     7
608     7
608     7
609     7
609     7
609     8
610     8
610     8
611     8
611     8
612     8
612     8
613     8
613     8
614     8
614     8
615     8
615     8
616     8
616     8
617     8
617     8
618     8
618     8
619     8
619     8
620     8
620     8
621     8
621     8
622     8
622     8
623     8
623     8
623     9
624     9
624     9
625     9
625     9
626     9
626     9
627     9
627     9
628     9
628     9
629     9
629     9
630     9
630     9
631     9
631     9
632     9
632     9
633     9
633     9
634     9
634     9
635     9
635     9
636     9
636     9
637     9
637     9
638     9
638     9
639     9
639     9
640     9
640     9
641     9
641     9
642     9
642     9
643     9
643     9
644     9
644     9
645     9
645     9
646     9
646     9
647     9
647     9
648     9
648     9
649     9
649     9
650     9
650     9
651     9
651     9
652     9
652     9
653     9
653     9
654     9
654     9
655     9
655     9
656     9
656     9
657     9
657     9
658     9
658     9
659     9
659     9
660     9
660     9
661     9
661     9
662     9
662     9
663     9
663     9
664     9
664     9
665     9
665     9
666     9
666     9
667     9
667     9
668     9
668     9
669     9
669     9
670     9
670     9
671     9
671     9
671     10
672     10
672     10
673     10
673     10
674     10
674     10
675     10
675     10
676     10
676     10
677     10
677     10
678     10
678     10
679     10
679     10
680     10
680     10
681     10
681     10
682     10
682     10
683     10
683     10
684     10
684     10
685     10
685     10
686     10
686     10
687     10
687     10
688     10
688     10
689     10
689     10
690     10
690     10
691     10
691     10
692     10
692     10
693     10
693     10
694     10
694     10
695     10
695     10
696     10
696     10
697     10
697     10
698     10
698     10
699     10
699     10
700     10
700     10
701     10
701     10
702     10
702     10
703     10
703     10
704     10
704     10
705     10
705     10
706     10
706     10
706     11
707     11
707     11
708     11
708     11
709     11
709     11
710     11
710     11
711     11
711     11
712     11
712     11
713     11
713     11
714     11
714     11
715     11
715     11
716     11
716     11
717     11
717     11
718     11
718     11
719     11
719     11
720     11
720     11
721     11
721     11
722     11
722     11
723     11
723     11
724     11
724     11
725     11
725     11
726     11
726     11
727     11
727     11
728     11
728     11
729     11
729     11
730     11
730     11
731     11
731     11
732     11
732     11
733     11
733     11
734     11
734     11
735     11
735     11
736     11
736     11
737     11
737     11
738     11
738     11
739     11
739     11
740     11
740     11
741     11
741     11
742     11
742     11
743     11
743     11
744     11
744     11
745     11
745     11
746     11
746     11
747     11
747     11
748     11
748     11
749     11
749     11
750     11
750     11
751     11
751     11
752     11
752     11
753     11
753     11
754     11
754     11
755     11
755     11
756     11
756     11
757     11
757     11
757     12
758     12
758     12
759     12
759     12
760     12
760     12
761     12
761     12
762     12
762     12
763     12
763     12
764     12
764     12
765     12
765     12
766     12
766     12
767     12
767     12
768     12
768     12
769     12
769     12
770     12
770     12
771     12
771     12
772     12
772     12
773     12
773     12
774     12
774     12
775     12
775     12
776     12
776     12
777     12
777     12
778     12
778     12
779     12
779     12
780     12
780     12
781     12
781     12
782     12
782     12
783     12
783     12
784     12
784     12
785     12
785     12
786     12
786     12
787     12
787     12
788     12
788     12
789     12
789     12
790     12
790     12
791     12
791     12
792     12
792     12
793     12
793     12
794     12
794     12
795     12
795     12
796     12
796     12
797     12
797     12
798     12
798     12
799     12
799     12
800     12
800     12
801     12
801     12
802     12
802     12
803     12
803     12
804     12
804     12
805     12
805     12
806     12
806     12
807     12
807     12
808     12
808     12
809     12
809     12
810     12
810     12
811     12
811     12
812     12
812     12
813     12
813     12
814     12
814     12
815     12
815     12
816     12
816     12
817     12
817     12
818     12
818     12
819     12
819     12
820     12
820     12
821     12
821     12
822     12
822     12
823     12
823     12
824     12
824     12
825     12
825     12
826     12
826     12
827     12
827     12
828     12
828     12
829     12
829     12
830     12
830     12
831     12
831     12
832     12
832     12
833     12
833     12
834     12
834     12
835     12
835     12
836     12
836     12
837     12
837     12
837     13
838     13
838     13
839     13
839     13
840     13
840     13
841     13
841     13
842     13
842     13
843     13
843     13
844     13
844     13
845     13
845     13
846     13
846     13
847     13
847     13
848     13
848     13
849     13
