#N	EVALS{+}	VIOL	E/I	HV	MTM	iLOC	IM	DIVFS	INTFS	RDC
1	1{1}	(0)	1	0(1)	1	0	1	0	0	0
1	7{7}	(0)	7	0(1)	3	1	2	0	0	0
2	7{7}	(0)	3	27.1389(1)	3	0	2	0	0	0
2	8{8}	(0)	4	27.1389(1)	1	1	3	0	0	0
3	8{8}	(0)	2	27.1485(1)	1	0	1	0	0	0
3	14{14}	(0)	4	27.1485(1)	2	1	1	0	0	0
4	14{14}	(0)	3	27.158(1)	2	0	1	0	0	0
4	15{15}	(0)	3	27.158(1)	1	1	2	0	0	0
5	15{15}	(0)	3	27.1676(1)	1	0	1	0	0	0
5	21{21}	(0)	4	27.1676(1)	2	1	1	0	0	0
6	21{21}	(0)	3	27.1771(1)	2	0	1	0	0	0
6	22{22}	(0)	3	27.1771(1)	1	1	2	0	0	0
7	22{22}	(0)	3	27.1867(1)	1	0	1	0	0	0
7	28{28}	(0)	4	27.1867(1)	3	1	2	0	0	0
8	28{28}	(0)	3	27.1963(1)	3	0	2	0	0	0
8	29{29}	(0)	3	27.1963(1)	1	1	3	0	0	0
9	29{29}	(0)	3	27.2059(1)	1	0	1	0	0	0
9	35{35}	(0)	3	27.2059(1)	3	1	2	0	0	0
10	35{35}	(0)	3	27.2155(1)	3	0	2	0	0	0
10	36{36}	(0)	3	27.2155(1)	1	1	3	0	0	0
11	36{36}	(0)	3	27.2251(1)	1	0	1	0	0	0
11	42{42}	(0)	3	27.2251(1)	2	1	1	0	0	0
12	42{42}	(0)	3	27.2347(1)	2	0	1	0	0	0
12	43{43}	(0)	3	27.2347(1)	1	1	2	0	0	0
13	43{43}	(0)	3	27.2443(1)	1	0	1	0	0	0
13	49{49}	(0)	3	27.2443(1)	2	1	1	0	0	0
14	49{49}	(0)	3	27.2539(1)	2	0	1	0	0	0
14	50{50}	(0)	3	27.2539(1)	1	1	2	0	0	0
15	50{50}	(0)	3	27.2635(1)	1	0	1	0	0	0
15	56{56}	(0)	3	27.2635(1)	1	1	1	0	0	0
16	56{56}	(0)	3	27.2732(1)	1	0	1	0	0	0
16	57{57}	(0)	3	27.2732(1)	1	1	2	0	0	0
17	57{57}	(0)	3	27.2828(1)	1	0	1	0	0	0
17	63{63}	(0)	3	27.2828(1)	1	1	1	0	0	0
18	63{63}	(0)	3	27.2924(1)	1	0	1	0	0	0
18	64{64}	(0)	3	27.2924(1)	1	1	2	0	0	0
19	64{64}	(0)	3	27.3021(1)	1	0	1	0	0	0
19	70{70}	(0)	3	27.3021(1)	2	1	1	0	0	0
20	70{70}	(0)	3	27.3118(1)	2	0	1	0	0	0
20	71{71}	(0)	3	27.3118(1)	1	1	2	0	0	0
21	71{71}	(0)	3	27.3214(1)	1	0	1	0	0	0
21	77{77}	(0)	3	27.3214(1)	1	1	1	0	0	0
22	77{77}	(0)	3	27.3311(1)	1	0	1	0	0	0
22	78{78}	(0)	3	27.3311(1)	1	1	2	0	0	0
23	78{78}	(0)	3	27.3408(1)	1	0	1	0	0	0
23	84{84}	(0)	3	27.3408(1)	2	1	1	0	0	0
24	84{84}	(0)	3	27.3504(1)	2	0	1	0	0	0
24	85{85}	(0)	3	27.3504(1)	1	1	2	0	0	0
25	85{85}	(0)	3	27.3601(1)	1	0	1	0	0	0
25	91{91}	(0)	3	27.3601(1)	2	1	1	0	0	0
26	91{91}	(0)	3	27.3698(1)	2	0	1	0	0	0
26	92{92}	(0)	3	27.3698(1)	1	1	2	0	0	0
27	92{92}	(0)	3	27.3795(1)	1	0	1	0	0	0
27	98{98}	(0)	3	27.3795(1)	2	1	1	0	0	0
28	98{98}	(0)	3	27.3892(1)	2	0	1	0	0	0
28	99{99}	(0)	3	27.3892(1)	1	1	2	0	0	0
29	99{99}	(0)	3	27.3989(1)	1	0	1	0	0	0
29	105{105}	(0)	3	27.3989(1)	2	1	1	0	0	0
30	105{105}	(0)	3	27.4086(1)	2	0	1	0	0	0
30	106{106}	(0)	3	27.4086(1)	1	1	2	0	0	0
31	106{106}	(0)	3	27.4184(1)	1	0	1	0	0	0
31	112{112}	(0)	3	27.4184(1)	2	1	1	0	0	0
32	112{112}	(0)	3	27.4281(1)	2	0	1	0	0	0
32	113{113}	(0)	3	27.4281(1)	1	1	2	0	0	0
33	113{113}	(0)	3	27.4378(1)	1	0	1	0	0	0
33	119{119}	(0)	3	27.4378(1)	2	1	1	0	0	0
34	119{119}	(0)	3	27.4476(1)	2	0	1	0	0	0
34	120{120}	(0)	3	27.4476(1)	1	1	2	0	0	0
35	120{120}	(0)	3	27.4573(1)	1	0	1	0	0	0
35	126{126}	(0)	3	27.4573(1)	2	1	1	0	0	0
36	126{126}	(0)	3	27.4671(1)	2	0	1	0	0	0
36	127{127}	(0)	3	27.4671(1)	1	1	2	0	0	0
37	127{127}	(0)	3	27.4768(1)	1	0	1	0	0	0
37	133{133}	(0)	3	27.4768(1)	1	1	1	0	0	0
38	133{133}	(0)	3	27.4866(1)	1	1	1	0	0	0
38	134{134}	(0)	3	27.4866(1)	1	2	2	0	0	0
39	134{134}	(0)	3	27.4963(1)	1	0	1	0	0	0
39	140{140}	(0)	3	27.4963(1)	1	1	1	0	0	0
40	140{140}	(0)	3	27.5061(1)	1	1	1	0	0	0
40	141{141}	(0)	3	27.5061(1)	1	2	2	0	0	0
41	141{141}	(0)	3	27.5159(1)	1	0	1	0	0	0
41	147{147}	(0)	3	27.5159(1)	2	1	1	0	0	0
42	147{147}	(0)	3	27.5257(1)	2	0	1	0	0	0
42	148{148}	(0)	3	27.5257(1)	1	1	2	0	0	0
43	148{148}	(0)	3	27.5355(1)	1	0	1	0	0	0
43	154{154}	(0)	3	27.5355(1)	1	1	1	0	0	0
44	154{154}	(0)	3	27.5453(1)	1	1	1	0	0	0
44	155{155}	(0)	3	27.5453(1)	1	2	2	0	0	0
45	155{155}	(0)	3	27.5551(1)	1	0	1	0	0	0
45	161{161}	(0)	3	27.5551(1)	4	1	3	0	0	0
46	161{161}	(0)	3	27.5649(1)	4	0	3	0	0	0
46	162{162}	(0)	3	27.5649(1)	1	1	4	0	0	0
47	162{162}	(0)	3	27.5747(1)	1	0	1	0	0	0
47	168{168}	(0)	3	27.5747(1)	3	1	2	0	0	0
48	168{168}	(0)	3	27.5846(1)	3	0	2	0	0	0
48	169{169}	(0)	3	27.5846(1)	1	1	3	0	0	0
49	169{169}	(0)	3	27.5944(1)	1	0	1	0	0	0
49	175{175}	(0)	3	27.5944(1)	4	1	3	0	0	0
50	175{175}	(0)	3	27.6042(1)	4	0	3	0	0	0
50	176{176}	(0)	3	27.6042(1)	1	1	4	0	0	0
51	176{176}	(0)	3	27.6141(1)	1	0	1	0	0	0
51	182{182}	(0)	3	27.6141(1)	2	1	2	0	0	0
52	182{182}	(0)	3	27.6239(1)	2	1	2	0	0	0
52	183{183}	(0)	3	27.6239(1)	1	2	3	0	0	0
53	183{183}	(0)	3	27.6338(1)	1	0	1	0	0	0
53	189{189}	(0)	3	27.6338(1)	1	1	1	0	0	0
54	189{189}	(0)	3	27.6436(1)	1	1	1	0	0	0
54	190{190}	(0)	3	27.6436(1)	1	2	2	0	0	0
55	190{190}	(0)	3	27.6535(1)	1	0	1	0	0	0
55	196{196}	(0)	3	27.6535(1)	4	1	3	0	0	0
56	196{196}	(0)	3	27.6634(1)	4	0	3	0	0	0
56	197{197}	(0)	3	27.6634(1)	1	1	4	0	0	0
57	197{197}	(0)	3	27.6733(1)	1	0	1	0	0	0
57	203{203}	(0)	3	27.6733(1)	1	1	1	0	0	0
58	203{203}	(0)	3	27.6831(1)	1	1	1	0	0	0
58	204{204}	(0)	3	27.6831(1)	1	2	2	0	0	0
59	204{204}	(0)	3	27.693(1)	1	0	1	0	0	0
59	210{210}	(0)	3	27.693(1)	4	1	3	0	0	0
60	210{210}	(0)	3	27.7029(1)	4	0	3	0	0	0
60	211{211}	(0)	3	27.7029(1)	1	1	4	0	0	0
61	211{211}	(0)	3	27.7128(1)	1	0	1	0	0	0
61	217{217}	(0)	3	27.7128(1)	3	1	2	0	0	0
62	217{217}	(0)	3	27.7228(1)	3	0	2	0	0	0
62	218{218}	(0)	3	27.7228(1)	1	1	3	0	0	0
63	218{218}	(0)	3	27.7327(1)	1	0	1	0	0	0
63	224{224}	(0)	3	27.7327(1)	3	1	2	0	0	0
64	224{224}	(0)	3	27.7426(1)	3	0	2	0	0	0
64	225{225}	(0)	3	27.7426(1)	1	1	3	0	0	0
65	225{225}	(0)	3	27.7525(1)	1	0	1	0	0	0
65	231{231}	(0)	3	27.7525(1)	4	1	3	0	0	0
66	231{231}	(0)	3	27.7625(1)	4	0	3	0	0	0
66	232{232}	(0)	3	27.7625(1)	1	1	4	0	0	0
67	232{232}	(0)	3	27.7724(1)	1	0	1	0	0	0
67	238{238}	(0)	3	27.7724(1)	3	1	2	0	0	0
68	238{238}	(0)	3	27.7823(1)	3	0	2	0	0	0
68	239{239}	(0)	3	27.7823(1)	1	1	3	0	0	0
69	239{239}	(0)	3	27.7923(1)	1	0	1	0	0	0
69	245{245}	(0)	3	27.7923(1)	3	1	2	0	0	0
70	245{245}	(0)	3	27.8023(1)	3	0	2	0	0	0
70	246{246}	(0)	3	27.8023(1)	1	1	3	0	0	0
71	246{246}	(0)	3	27.8122(1)	1	0	1	0	0	0
71	252{252}	(0)	3	27.8122(1)	3	1	2	0	0	0
72	252{252}	(0)	3	27.8222(1)	3	0	2	0	0	0
72	253{253}	(0)	3	27.8222(1)	1	1	3	0	0	0
73	253{253}	(0)	3	27.8322(1)	1	0	1	0	0	0
73	259{259}	(0)	3	27.8322(1)	3	1	2	0	0	0
74	259{259}	(0)	3	27.8422(1)	3	0	2	0	0	0
74	260{260}	(0)	3	27.8422(1)	1	1	3	0	0	0
75	260{260}	(0)	3	27.8522(1)	1	0	1	0	0	0
75	266{266}	(0)	3	27.8522(1)	3	1	2	0	0	0
76	266{266}	(0)	3	27.8622(1)	3	0	2	0	0	0
76	267{267}	(0)	3	27.8622(1)	1	1	3	0	0	0
77	267{267}	(0)	3	27.8722(1)	1	0	1	0	0	0
77	273{273}	(0)	3	27.8722(1)	3	1	2	0	0	0
78	273{273}	(0)	3	27.8822(1)	3	0	2	0	0	0
78	274{274}	(0)	3	27.8822(1)	1	1	3	0	0	0
79	274{274}	(0)	3	27.8922(1)	1	0	1	0	0	0
79	280{280}	(0)	3	27.8922(1)	3	1	2	0	0	0
80	280{280}	(0)	3	27.9022(1)	3	0	2	0	0	0
80	281{281}	(0)	3	27.9022(1)	1	1	3	0	0	0
81	281{281}	(0)	3	27.9122(1)	1	0	1	0	0	0
81	287{287}	(0)	3	27.9122(1)	3	1	2	0	0	0
82	287{287}	(0)	3	27.9223(1)	3	0	2	0	0	0
82	288{288}	(0)	3	27.9223(1)	1	1	3	0	0	0
83	288{288}	(0)	3	27.9323(1)	1	0	1	0	0	0
83	294{294}	(0)	3	27.9323(1)	3	1	2	0	0	0
84	294{294}	(0)	3	27.9424(1)	3	0	2	0	0	0
84	295{295}	(0)	3	27.9424(1)	1	1	3	0	0	0
85	295{295}	(0)	3	27.9524(1)	1	0	1	0	0	0
85	301{301}	(0)	3	27.9524(1)	2	1	1	0	0	0
86	301{301}	(0)	3	27.9625(1)	2	0	1	0	0	0
86	302{302}	(0)	3	27.9625(1)	1	1	2	0	0	0
87	302{302}	(0)	3	27.9725(1)	1	0	1	0	0	0
87	308{308}	(0)	3	27.9725(1)	2	1	1	0	0	0
88	308{308}	(0)	3	27.9826(1)	2	0	1	0	0	0
88	309{309}	(0)	3	27.9826(1)	1	1	2	0	0	0
89	309{309}	(0)	3	27.9927(1)	1	0	1	0	0	0
89	315{315}	(0)	3	27.9927(1)	2	1	1	0	0	0
90	315{315}	(0)	3	28.0028(1)	2	0	1	0	0	0
90	316{316}	(0)	3	28.0028(1)	1	1	2	0	0	0
91	316{316}	(0)	3	28.0129(1)	1	0	1	0	0	0
91	322{322}	(0)	3	28.0129(1)	2	1	1	0	0	0
92	322{322}	(0)	3	28.023(1)	2	0	1	0	0	0
92	323{323}	(0)	3	28.023(1)	1	1	2	0	0	0
93	323{323}	(0)	3	28.0331(1)	1	0	1	0	0	0
93	329{329}	(0)	3	28.0331(1)	2	1	1	0	0	0
94	329{329}	(0)	3	28.0432(1)	2	0	1	0	0	0
94	330{330}	(0)	3	28.0432(1)	1	1	2	0	0	0
95	330{330}	(0)	3	28.0533(1)	1	0	1	0	0	0
95	336{336}	(0)	3	28.0533(1)	2	1	1	0	0	0
96	336{336}	(0)	3	28.0634(1)	2	0	1	0	0	0
96	337{337}	(0)	3	28.0634(1)	1	1	2	0	0	0
97	337{337}	(0)	3	28.0736(1)	1	0	1	0	0	0
97	343{343}	(0)	3	28.0736(1)	2	1	1	0	0	0
98	343{343}	(0)	3	28.0837(1)	2	0	1	0	0	0
98	344{344}	(0)	3	28.0837(1)	1	1	2	0	0	0
99	344{344}	(0)	3	28.0938(1)	1	0	1	0	0	0
99	350{350}	(0)	3	28.0938(1)	4	1	3	0	0	0
100	350{350}	(0)	3	28.104(1)	4	0	3	0	0	0
100	351{351}	(0)	3	28.104(1)	1	1	4	0	0	0
101	351{351}	(0)	3	28.1141(1)	1	0	1	0	0	0
101	357{357}	(0)	3	28.1141(1)	2	1	1	0	0	0
102	357{357}	(0)	3	28.1243(1)	2	0	1	0	0	0
102	358{358}	(0)	3	28.1243(1)	1	1	2	0	0	0
103	358{358}	(0)	3	28.1345(1)	1	0	1	0	0	0
103	364{364}	(0)	3	28.1345(1)	4	1	3	0	0	0
104	364{364}	(0)	3	28.1446(1)	4	0	3	0	0	0
104	365{365}	(0)	3	28.1446(1)	1	1	4	0	0	0
105	365{365}	(0)	3	28.1548(1)	1	0	1	0	0	0
105	371{371}	(0)	3	28.1548(1)	3	1	2	0	0	0
106	371{371}	(0)	3	28.165(1)	3	0	2	0	0	0
106	372{372}	(0)	3	28.165(1)	1	1	3	0	0	0
107	372{372}	(0)	3	28.1752(1)	1	0	1	0	0	0
107	378{378}	(0)	3	28.1752(1)	3	1	2	0	0	0
108	378{378}	(0)	3	28.1854(1)	3	0	2	0	0	0
108	379{379}	(0)	3	28.1854(1)	1	1	3	0	0	0
109	379{379}	(0)	3	28.1956(1)	1	0	1	0	0	0
109	385{385}	(0)	3	28.1956(1)	1	1	1	0	0	0
110	385{385}	(0)	3	28.2058(1)	1	0	1	0	0	0
110	386{386}	(0)	3	28.2058(1)	1	1	2	0	0	0
111	386{386}	(0)	3	28.216(1)	1	0	1	0	0	0
111	392{392}	(0)	3	28.216(1)	1	1	2	0	0	0
112	392{392}	(0)	3	28.2263(1)	1	0	2	0	0	0
112	393{393}	(0)	3	28.2263(1)	1	1	3	0	0	0
113	393{393}	(0)	3	28.2365(1)	1	0	1	0	0	0
113	399{399}	(0)	3	28.2365(1)	4	1	3	0	0	0
114	399{399}	(0)	3	28.2467(1)	4	0	3	0	0	0
114	400{400}	(0)	3	28.2467(1)	1	1	4	0	0	0
115	400{400}	(0)	3	28.257(1)	1	0	1	0	0	0
115	406{406}	(0)	3	28.257(1)	4	1	3	0	0	0
116	406{406}	(0)	3	28.2672(1)	4	0	3	0	0	0
116	407{407}	(0)	3	28.2672(1)	1	1	4	0	0	0
117	407{407}	(0)	3	28.2775(1)	1	0	1	0	0	0
117	413{413}	(0)	3	28.2775(1)	1	1	3	0	0	0
118	413{413}	(0)	3	28.2878(1)	1	0	3	0	0	0
118	414{414}	(0)	3	28.2878(1)	1	1	4	0	0	0
119	414{414}	(0)	3	28.298(1)	1	0	1	0	0	0
119	420{420}	(0)	3	28.298(1)	3	1	2	0	0	0
120	420{420}	(0)	3	56.636(1)	3	0	2	0	0	0
120	421{421}	(0)	3	56.636(1)	2	1	3	0	0	0
121	421{421}	(0)	3	56.6463(1)	2	0	2	0	0	0
121	427{427}	(0)	3	56.6463(1)	3	1	2	0	0	0
122	427{427}	(0)	3	56.677(1)	3	0	2	0	0	0
122	428{428}	(0)	3	56.677(1)	2	1	3	0	0	0
123	428{428}	(0)	3	56.6873(1)	2	0	2	0	0	0
123	434{434}	(0)	3	56.6873(1)	5	1	4	0	0	0
124	434{434}	(0)	3	56.6976(1)	5	0	4	0	0	0
124	435{435}	(0)	3	56.6976(1)	2	1	5	0	0	0
125	435{435}	(0)	3	56.7079(1)	2	0	2	0	0	0
125	441{441}	(0)	3	56.7079(1)	5	1	4	0	0	0
126	441{441}	(0)	3	56.7183(1)	5	0	4	0	0	0
126	442{442}	(0)	3	56.7183(1)	2	1	5	0	0	0
127	442{442}	(0)	3	56.7286(1)	2	0	2	0	0	0
127	448{448}	(0)	3	56.7286(1)	5	1	4	0	0	0
128	448{448}	(0)	3	56.7389(1)	5	0	4	0	0	0
128	449{449}	(0)	3	56.7389(1)	2	1	5	0	0	0
129	449{449}	(0)	3	56.7493(1)	2	0	2	0	0	0
129	455{455}	(0)	3	56.7493(1)	2	1	4	0	0	0
130	455{455}	(0)	3	56.7596(1)	2	0	4	0	0	0
130	456{456}	(0)	3	56.7596(1)	2	1	5	0	0	0
131	456{456}	(0)	3	56.77(1)	2	0	2	0	0	0
131	462{462}	(0)	3	56.77(1)	5	1	4	0	0	0
132	462{462}	(0)	3	56.7803(1)	5	0	4	0	0	0
132	463{463}	(0)	3	56.7803(1)	2	1	5	0	0	0
133	463{463}	(0)	3	56.7907(1)	2	0	2	0	0	0
133	469{469}	(0)	3	56.7907(1)	5	1	4	0	0	0
134	469{469}	(0)	3	56.8011(1)	5	0	4	0	0	0
134	470{470}	(0)	3	56.8011(1)	2	1	5	0	0	0
135	470{470}	(0)	3	56.8115(1)	2	0	2	0	0	0
135	476{476}	(0)	3	56.8115(1)	5	1	4	0	0	0
136	476{476}	(0)	3	56.8218(1)	5	0	4	0	0	0
136	477{477}	(0)	3	56.8218(1)	2	1	5	0	0	0
137	477{477}	(0)	3	56.8322(1)	2	0	2	0	0	0
137	483{483}	(0)	3	56.8322(1)	2	1	2	0	0	0
138	483{483}	(0)	3	56.8426(1)	2	0	2	0	0	0
138	484{484}	(0)	3	56.8426(1)	2	1	3	0	0	0
139	484{484}	(0)	3	56.8531(1)	2	0	2	0	0	0
139	496{496}	(0)	3	56.8531(1)	4	1	3	0	0	0
140	496{496}	(0)	3	56.8635(1)	4	0	3	0	0	0
140	497{497}	(0)	3	56.8635(1)	2	1	4	0	0	0
141	497{497}	(0)	3	56.8739(1)	2	0	2	0	0	0
141	503{503}	(0)	3	56.8739(1)	2	1	2	0	0	0
142	503{503}	(0)	3	56.8843(1)	2	0	2	0	0	0
142	504{504}	(0)	3	56.8843(1)	2	1	3	0	0	0
143	504{504}	(0)	3	56.8948(1)	2	0	2	0	0	0
143	516{516}	(0)	3	56.8948(1)	4	1	3	0	0	0
144	516{516}	(0)	3	56.9052(1)	4	0	3	0	0	0
144	517{517}	(0)	3	56.9052(1)	2	1	4	0	0	0
145	517{517}	(0)	3	56.9157(1)	2	0	2	0	0	0
145	529{529}	(0)	3	56.9157(1)	4	1	3	0	0	0
146	529{529}	(0)	3	56.9261(1)	4	0	3	0	0	0
146	530{530}	(0)	3	56.9261(1)	2	1	4	0	0	0
147	530{530}	(0)	3	56.9366(1)	2	0	2	0	0	0
147	542{542}	(0)	3	56.9366(1)	4	1	3	0	0	0
148	542{542}	(0)	3	56.9471(1)	4	0	3	0	0	0
148	543{543}	(0)	3	56.9471(1)	2	1	4	0	0	0
149	543{543}	(0)	3	56.9576(1)	2	0	2	0	0	0
149	549{549}	(0)	3	56.9576(1)	5	1	4	0	0	0
150	549{549}	(0)	3	56.968(1)	5	0	4	0	0	0
150	550{550}	(0)	3	56.968(1)	2	1	5	0	0	0
151	550{550}	(0)	3	56.9785(1)	2	0	2	0	0	0
151	556{556}	(0)	3	56.9785(1)	2	1	4	0	0	0
152	556{556}	(0)	3	56.989(1)	2	0	4	0	0	0
152	557{557}	(0)	3	56.989(1)	2	1	5	0	0	0
153	557{557}	(0)	3	56.9996(1)	2	0	2	0	0	0
153	569{569}	(0)	3	56.9996(1)	4	1	3	0	0	0
154	569{569}	(0)	3	57.0101(1)	4	0	3	0	0	0
154	570{570}	(0)	3	57.0101(1)	2	1	4	0	0	0
155	570{570}	(0)	3	57.0206(1)	2	0	2	0	0	0
155	576{576}	(0)	3	57.0206(1)	5	1	4	0	0	0
156	576{576}	(0)	3	57.0311(1)	5	0	4	0	0	0
156	577{577}	(0)	3	57.0311(1)	2	1	5	0	0	0
157	577{577}	(0)	3	57.0417(1)	2	0	2	0	0	0
157	583{583}	(0)	3	57.0417(1)	3	1	2	0	0	0
158	583{583}	(0)	3	57.425(1)	3	0	2	0	0	0
158	584{584}	(0)	3	57.425(1)	2	1	3	0	0	0
159	584{584}	(0)	3	57.4355(1)	2	0	2	0	0	0
159	590{590}	(0)	3	57.4355(1)	3	1	2	0	0	0
160	590{590}	(0)	3	57.4671(1)	3	0	2	0	0	0
160	591{591}	(0)	3	57.4671(1)	2	1	3	0	0	0
161	591{591}	(0)	3	57.4777(1)	2	0	2	0	0	0
161	597{597}	(0)	3	57.4777(1)	3	1	2	0	0	0
162	597{597}	(0)	3	86.1877(1)	3	0	2	0	0	0
162	598{598}	(0)	3	86.1877(1)	4	1	3	0	0	0
163	598{598}	(0)	3	114.873(1)	4	0	3	0	0	0
163	604{604}	(0)	3	114.873(1)	5	1	3	0	0	0
164	604{604}	(0)	3	143.535(1)	5	0	3	0	0	0
164	605{605}	(0)	3	143.535(1)	6	1	4	0	0	0
165	605{605}	(0)	3	172.174(1)	6	0	4	0	0	0
165	611{611}	(0)	3	172.174(1)	7	1	4	0	0	0
166	611{611}	(0)	3	200.793(1)	7	0	4	0	0	0
166	612{612}	(0)	3	200.793(1)	8	1	5	0	0	0
167	612{612}	(0)	3	229.392(1)	8	0	5	0	0	0
167	618{618}	(0)	3	229.392(1)	10	1	6	0	0	0
168	618{618}	(0)	3	229.403(1)	10	0	6	0	0	0
168	619{619}	(0)	3	229.403(1)	8	1	7	0	0	0
169	619{619}	(0)	3	229.414(1)	8	0	5	0	0	0
169	625{625}	(0)	3	229.414(1)	9	1	5	0	0	0
170	625{625}	(0)	3	258.017(1)	9	0	5	0	0	0
170	626{626}	(0)	3	258.017(1)	10	1	6	0	0	0
171	626{626}	(0)	3	286.602(1)	10	0	6	0	0	0
171	632{632}	(0)	3	286.602(1)	11	1	6	0	0	0
172	632{632}	(0)	3	315.171(1)	11	0	6	0	0	0
172	633{633}	(0)	3	315.171(1)	12	1	7	0	0	0
173	633{633}	(0)	3	343.726(1)	12	0	7	0	0	0
173	639{639}	(0)	3	343.726(1)	14	1	8	0	0	0
174	639{639}	(0)	3	372.307(1)	14	0	8	0	0	0
174	640{640}	(0)	3	372.307(1)	13	1	9	0	0	0
175	640{640}	(0)	3	372.319(1)	13	0	8	0	0	0
175	646{646}	(0)	3	372.319(1)	12	1	8	0	0	0
176	646{646}	(0)	3	343.784(1)	12	0	8	0	0	0
176	647{647}	(0)	3	343.784(1)	12	1	9	0	0	0
177	647{647}	(0)	3	343.807(1)	12	0	7	0	0	0
177	659{659}	(0)	3	343.807(1)	14	1	9	0	0	0
178	659{659}	(0)	3	343.819(1)	14	0	9	0	0	0
178	660{660}	(0)	3	343.819(1)	11	1	10	0	0	0
179	660{660}	(0)	3	315.238(1)	11	0	7	0	0	0
179	666{666}	(0)	3	315.238(1)	12	1	8	0	0	0
180	666{666}	(0)	3	315.294(1)	12	0	8	0	0	0
180	667{667}	(0)	3	315.294(1)	11	1	9	0	0	0
181	667{667}	(0)	3	315.306(1)	11	0	8	0	0	0
181	673{673}	(0)	3	315.306(1)	11	1	7	0	0	0
182	673{673}	(0)	3	286.75(1)	11	0	7	0	0	0
182	674{674}	(0)	3	286.75(1)	10	1	8	0	0	0
183	674{674}	(0)	3	286.762(1)	10	0	7	0	0	0
183	680{680}	(0)	3	286.762(1)	10	1	7	0	0	0
184	680{680}	(0)	3	286.796(1)	10	0	7	0	0	0
184	681{681}	(0)	3	286.796(1)	10	1	8	0	0	0
185	681{681}	(0)	3	286.886(1)	10	0	6	0	0	0
185	687{687}	(0)	3	286.886(1)	12	1	7	0	0	0
186	687{687}	(0)	3	286.897(1)	12	0	7	0	0	0
186	688{688}	(0)	3	286.897(1)	9	1	8	0	0	0
187	688{688}	(0)	3	258.215(1)	9	0	6	0	0	0
187	694{694}	(0)	3	258.215(1)	12	1	8	0	0	0
188	694{694}	(0)	3	258.226(1)	12	0	8	0	0	0
188	695{695}	(0)	3	258.226(1)	9	1	9	0	0	0
189	695{695}	(0)	3	258.238(1)	9	0	6	0	0	0
189	701{701}	(0)	3	258.238(1)	9	1	5	0	0	0
190	701{701}	(0)	3	229.56(1)	9	0	5	0	0	0
190	702{702}	(0)	3	229.56(1)	8	1	6	0	0	0
191	702{702}	(0)	3	229.572(1)	8	0	5	0	0	0
191	708{708}	(0)	3	229.572(1)	8	1	5	0	0	0
192	708{708}	(0)	3	229.583(1)	8	0	5	0	0	0
192	709{709}	(0)	3	229.583(1)	8	1	6	0	0	0
193	709{709}	(0)	3	229.595(1)	8	0	5	0	0	0
193	715{715}	(0)	3	229.595(1)	8	1	5	0	0	0
194	715{715}	(0)	3	229.606(1)	8	0	5	0	0	0
194	716{716}	(0)	3	229.606(1)	8	1	6	0	0	0
195	716{716}	(0)	3	229.617(1)	8	0	5	0	0	0
195	722{722}	(0)	3	229.617(1)	8	1	5	0	0	0
196	722{722}	(0)	3	229.629(1)	8	0	5	0	0	0
196	723{723}	(0)	3	229.629(1)	8	1	6	0	0	0
197	723{723}	(0)	3	229.64(1)	8	0	5	0	0	0
197	729{729}	(0)	3	229.64(1)	9	1	5	0	0	0
198	729{729}	(0)	3	229.652(1)	9	0	5	0	0	0
198	730{730}	(0)	3	229.652(1)	8	1	6	0	0	0
199	730{730}	(0)	3	229.663(1)	8	0	5	0	0	0
199	736{736}	(0)	3	229.663(1)	9	1	5	0	0	0
200	736{736}	(0)	3	229.675(1)	9	0	5	0	0	0
200	737{737}	(0)	3	229.675(1)	8	1	6	0	0	0
201	737{737}	(0)	3	229.686(1)	8	0	5	0	0	0
201	743{743}	(0)	3	229.686(1)	8	1	5	0	0	0
202	743{743}	(0)	3	229.698(1)	8	0	5	0	0	0
202	744{744}	(0)	3	229.698(1)	8	1	6	0	0	0
203	744{744}	(0)	3	229.709(1)	8	0	5	0	0	0
203	750{750}	(0)	3	229.709(1)	8	1	5	0	0	0
204	750{750}	(0)	3	229.721(1)	8	0	5	0	0	0
204	751{751}	(0)	3	229.721(1)	8	1	6	0	0	0
205	751{751}	(0)	3	229.733(1)	8	0	5	0	0	0
205	757{757}	(0)	3	229.733(1)	9	1	5	0	0	0
206	757{757}	(0)	3	229.744(1)	9	0	5	0	0	0
206	758{758}	(0)	3	229.744(1)	8	1	6	0	0	0
207	758{758}	(0)	3	229.756(1)	8	0	5	0	0	0
207	764{764}	(0)	3	229.756(1)	9	1	5	0	0	0
208	764{764}	(0)	3	229.767(1)	9	0	5	0	0	0
208	765{765}	(0)	3	229.767(1)	8	1	6	0	0	0
209	765{765}	(0)	3	229.779(1)	8	0	5	0	0	0
209	777{777}	(0)	3	229.779(1)	8	1	5	0	0	0
210	777{777}	(0)	3	229.791(1)	8	1	5	0	0	0
210	778{778}	(0)	3	229.791(1)	8	2	6	0	0	0
211	778{778}	(0)	3	229.802(1)	8	0	5	0	0	0
211	790{790}	(0)	3	229.802(1)	11	1	7	0	0	0
212	790{790}	(0)	3	229.814(1)	11	0	7	0	0	0
212	791{791}	(0)	3	229.814(1)	8	1	8	0	0	0
213	791{791}	(0)	3	229.826(1)	8	0	5	0	0	0
213	797{797}	(0)	3	229.826(1)	8	1	5	0	0	0
214	797{797}	(0)	3	229.838(1)	8	0	5	0	0	0
214	798{798}	(0)	3	229.838(1)	8	1	6	0	0	0
215	798{798}	(0)	3	229.849(1)	8	0	5	0	0	0
215	810{810}	(0)	3	229.849(1)	11	1	7	0	0	0
216	810{810}	(0)	3	229.861(1)	11	0	7	0	0	0
216	811{811}	(0)	3	229.861(1)	8	1	8	0	0	0
217	811{811}	(0)	3	229.873(1)	8	0	5	0	0	0
217	823{823}	(0)	3	229.873(1)	11	1	7	0	0	0
218	823{823}	(0)	3	229.885(1)	11	0	7	0	0	0
218	824{824}	(0)	3	229.885(1)	8	1	8	0	0	0
219	824{824}	(0)	3	229.897(1)	8	0	5	0	0	0
219	830{830}	(0)	3	229.897(1)	8	1	5	0	0	0
220	830{830}	(0)	3	229.909(1)	8	0	5	0	0	0
220	831{831}	(0)	3	229.909(1)	8	1	6	0	0	0
221	831{831}	(0)	3	229.921(1)	8	0	5	0	0	0
221	837{837}	(0)	3	229.921(1)	8	1	5	0	0	0
222	837{837}	(0)	3	229.933(1)	8	0	5	0	0	0
222	838{838}	(0)	3	229.933(1)	8	1	6	0	0	0
223	838{838}	(0)	3	229.945(1)	8	0	5	0	0	0
223	844{844}	(0)	3	229.945(1)	9	1	5	0	0	0
224	844{844}	(0)	3	229.956(1)	9	0	5	0	0	0
224	845{845}	(0)	3	229.956(1)	8	1	6	0	0	0
225	845{845}	(0)	3	229.968(1)	8	0	5	0	0	0
225	851{851}	(0)	3	229.968(1)	9	1	5	0	0	0
226	851{851}	(0)	3	229.981(1)	9	0	5	0	0	0
226	852{852}	(0)	3	229.981(1)	8	1	6	0	0	0
227	852{852}	(0)	3	229.993(1)	8	0	5	0	0	0
227	864{864}	(0)	3	229.993(1)	10	1	6	0	0	0
228	864{864}	(0)	3	230.005(1)	10	0	6	0	0	0
228	865{865}	(0)	3	230.005(1)	8	1	7	0	0	0
229	865{865}	(0)	3	230.017(1)	8	0	5	0	0	0
229	871{871}	(0)	3	230.017(1)	9	1	5	0	0	0
230	871{871}	(0)	3	230.029(1)	9	0	5	0	0	0
230	872{872}	(0)	3	230.029(1)	8	1	6	0	0	0
231	872{872}	(0)	3	230.041(1)	8	0	5	0	0	0
231	878{878}	(0)	3	230.041(1)	9	1	5	0	0	0
232	878{878}	(0)	3	230.053(1)	9	0	5	0	0	0
232	879{879}	(0)	3	230.053(1)	8	1	6	0	0	0
233	879{879}	(0)	3	230.065(1)	8	0	5	0	0	0
233	885{885}	(0)	3	230.065(1)	9	1	5	0	0	0
234	885{885}	(0)	3	230.078(1)	9	0	5	0	0	0
234	886{886}	(0)	3	230.078(1)	8	1	6	0	0	0
235	886{886}	(0)	3	230.09(1)	8	0	5	0	0	0
235	892{892}	(0)	3	230.09(1)	9	1	5	0	0	0
236	892{892}	(0)	3	230.102(1)	9	0	5	0	0	0
236	893{893}	(0)	3	230.102(1)	8	1	6	0	0	0
237	893{893}	(0)	3	230.115(1)	8	0	5	0	0	0
237	905{905}	(0)	3	230.115(1)	9	1	5	0	0	0
238	905{905}	(0)	3	259.44(1)	9	0	5	0	0	0
238	906{906}	(0)	3	259.44(1)	10	1	6	0	0	0
239	906{906}	(0)	3	288.747(1)	10	0	6	0	0	0
239	912{912}	(0)	3	288.747(1)	11	1	6	0	0	0
240	912{912}	(0)	3	288.76(1)	11	0	6	0	0	0
240	913{913}	(0)	3	288.76(1)	10	1	7	0	0	0
241	913{913}	(0)	3	288.773(1)	10	0	6	0	0	0
241	925{925}	(0)	3	288.773(1)	11	1	6	0	0	0
242	925{925}	(0)	3	318.114(1)	11	0	6	0	0	0
242	926{926}	(0)	3	318.114(1)	12	1	7	0	0	0
243	926{926}	(0)	3	347.44(1)	12	0	7	0	0	0
243	938{938}	(0)	3	347.44(1)	12	1	7	0	0	0
244	938{938}	(0)	3	347.453(1)	12	0	7	0	0	0
244	939{939}	(0)	3	347.453(1)	12	1	8	0	0	0
245	939{939}	(0)	3	347.467(1)	12	0	7	0	0	0
245	951{951}	(0)	3	347.467(1)	12	1	7	0	0	0
246	951{951}	(0)	3	347.481(1)	12	0	7	0	0	0
246	952{952}	(0)	3	347.481(1)	12	1	8	0	0	0
247	952{952}	(0)	3	347.494(1)	12	0	7	0	0	0
247	958{958}	(0)	3	347.494(1)	13	1	7	0	0	0
248	958{958}	(0)	3	347.508(1)	13	0	7	0	0	0
248	959{959}	(0)	3	347.508(1)	12	1	8	0	0	0
249	959{959}	(0)	3	347.522(1)	12	0	7	0	0	0
249	971{971}	(0)	3	347.522(1)	12	1	7	0	0	0
250	971{971}	(0)	3	347.535(1)	12	0	7	0	0	0
250	972{972}	(0)	3	347.535(1)	12	1	8	0	0	0
251	972{972}	(0)	3	347.549(1)	12	0	7	0	0	0
251	978{978}	(0)	3	347.549(1)	15	1	9	0	0	0
252	978{978}	(0)	3	347.563(1)	15	0	9	0	0	0
252	979{979}	(0)	3	347.563(1)	12	1	10	0	0	0
253	979{979}	(0)	3	347.577(1)	12	0	7	0	0	0
253	985{985}	(0)	3	347.577(1)	15	1	9	0	0	0
254	985{985}	(0)	3	347.591(1)	15	0	9	0	0	0
254	986{986}	(0)	3	347.591(1)	12	1	10	0	0	0
255	986{986}	(0)	3	347.605(1)	12	0	7	0	0	0
255	992{992}	(0)	3	347.605(1)	15	1	9	0	0	0
256	992{992}	(0)	3	347.619(1)	15	0	9	0	0	0
256	993{993}	(0)	3	347.619(1)	12	1	10	0	0	0
257	993{993}	(0)	3	347.634(1)	12	0	7	0	0	0
257	999{999}	(0)	3	347.634(1)	13	1	7	0	0	0
258	999{999}	(0)	3	347.648(1)	13	0	7	0	0	0
258	1000{1000}	(0)	3	347.648(1)	12	1	8	0	0	0
259	1000{1000}	(0)	3	347.662(1)	12	0	7	0	0	0
259	1006{1006}	(0)	3	347.662(1)	15	1	9	0	0	0
260	1006{1006}	(0)	3	347.677(1)	15	0	9	0	0	0
260	1007{1007}	(0)	3	347.677(1)	12	1	10	0	0	0
261	1007{1007}	(0)	3	347.691(1)	12	0	7	0	0	0
261	1013{1013}	(0)	3	347.691(1)	12	1	7	0	0	0
262	1013{1013}	(0)	3	347.706(1)	12	0	7	0	0	0
262	1014{1014}	(0)	3	347.706(1)	12	1	8	0	0	0
263	1014{1014}	(0)	3	347.72(1)	12	0	7	0	0	0
263	1020{1020}	(0)	3	347.72(1)	12	1	7	0	0	0
264	1020{1020}	(0)	3	347.735(1)	12	0	7	0	0	0
264	1021{1021}	(0)	3	347.735(1)	12	1	8	0	0	0
265	1021{1021}	(0)	3	347.75(1)	12	0	7	0	0	0
265	1027{1027}	(0)	3	347.75(1)	12	1	7	0	0	0
266	1027{1027}	(0)	3	347.765(1)	12	0	7	0	0	0
266	1028{1028}	(0)	3	347.765(1)	12	1	8	0	0	0
267	1028{1028}	(0)	3	347.78(1)	12	0	7	0	0	0
267	1034{1034}	(0)	3	347.78(1)	12	1	7	0	0	0
268	1034{1034}	(0)	3	347.795(1)	12	0	7	0	0	0
268	1035{1035}	(0)	3	347.795(1)	12	1	8	0	0	0
269	1035{1035}	(0)	3	347.81(1)	12	0	7	0	0	0
269	1041{1041}	(0)	3	347.81(1)	12	1	7	0	0	0
270	1041{1041}	(0)	3	347.825(1)	12	0	7	0	0	0
270	1042{1042}	(0)	3	347.825(1)	12	1	8	0	0	0
271	1042{1042}	(0)	3	347.84(1)	12	0	7	0	0	0
271	1054{1054}	(0)	3	347.84(1)	13	1	7	0	0	0
272	1054{1054}	(0)	3	347.856(1)	13	0	7	0	0	0
272	1055{1055}	(0)	3	347.856(1)	12	1	8	0	0	0
273	1055{1055}	(0)	3	347.871(1)	12	0	7	0	0	0
273	1067{1067}	(0)	3	347.871(1)	13	1	7	0	0	0
274	1067{1067}	(0)	3	347.887(1)	13	0	7	0	0	0
274	1068{1068}	(0)	3	347.887(1)	12	1	8	0	0	0
275	1068{1068}	(0)	3	347.902(1)	12	0	7	0	0	0
275	1074{1074}	(0)	3	347.902(1)	12	1	7	0	0	0
276	1074{1074}	(0)	3	347.918(1)	12	0	7	0	0	0
276	1075{1075}	(0)	3	347.918(1)	12	1	8	0	0	0
277	1075{1075}	(0)	3	347.934(1)	12	0	7	0	0	0
277	1087{1087}	(0)	3	347.934(1)	13	1	7	0	0	0
278	1087{1087}	(0)	3	347.95(1)	13	0	7	0	0	0
278	1088{1088}	(0)	3	347.95(1)	12	1	8	0	0	0
279	1088{1088}	(0)	3	347.966(1)	12	0	7	0	0	0
279	1094{1094}	(0)	3	347.966(1)	12	1	7	0	0	0
280	1094{1094}	(0)	3	347.982(1)	12	0	7	0	0	0
280	1095{1095}	(0)	3	347.982(1)	12	1	8	0	0	0
281	1095{1095}	(0)	3	347.999(1)	12	0	7	0	0	0
281	1101{1101}	(0)	3	347.999(1)	13	1	7	0	0	0
282	1101{1101}	(0)	3	348.015(1)	13	0	7	0	0	0
282	1102{1102}	(0)	3	348.015(1)	12	1	8	0	0	0
283	1102{1102}	(0)	3	348.032(1)	12	0	7	0	0	0
283	1114{1114}	(0)	3	348.032(1)	12	1	7	0	0	0
284	1114{1114}	(0)	3	348.048(1)	12	0	7	0	0	0
284	1115{1115}	(0)	3	348.048(1)	12	1	8	0	0	0
285	1115{1115}	(0)	3	348.065(1)	12	0	7	0	0	0
285	1121{1121}	(0)	3	348.065(1)	13	1	7	0	0	0
286	1121{1121}	(0)	3	348.082(1)	13	0	7	0	0	0
286	1122{1122}	(0)	3	348.082(1)	12	1	8	0	0	0
287	1122{1122}	(0)	3	348.099(1)	12	0	7	0	0	0
287	1134{1134}	(0)	3	348.099(1)	12	1	7	0	0	0
288	1134{1134}	(0)	3	348.117(1)	12	0	7	0	0	0
288	1135{1135}	(0)	3	348.117(1)	12	1	8	0	0	0
289	1135{1135}	(0)	3	348.134(1)	12	0	7	0	0	0
289	1147{1147}	(0)	3	348.134(1)	12	1	7	0	0	0
290	1147{1147}	(0)	3	348.152(1)	12	0	7	0	0	0
290	1148{1148}	(0)	3	348.152(1)	12	1	8	0	0	0
291	1148{1148}	(0)	3	348.17(1)	12	0	7	0	0	0
291	1160{1160}	(0)	3	348.17(1)	12	1	7	0	0	0
292	1160{1160}	(0)	3	348.188(1)	12	0	7	0	0	0
292	1161{1161}	(0)	3	348.188(1)	12	1	8	0	0	0
293	1161{1161}	(0)	3	348.206(1)	12	0	7	0	0	0
293	1173{1173}	(0)	4	348.206(1)	12	1	7	0	0	0
294	1173{1173}	(0)	3	348.224(1)	12	0	7	0	0	0
294	1174{1174}	(0)	3	348.224(1)	12	1	8	0	0	0
295	1174{1174}	(0)	3	348.243(1)	12	0	7	0	0	0
295	1186{1186}	(0)	4	348.243(1)	12	1	7	0	0	0
296	1186{1186}	(0)	4	348.261(1)	12	0	7	0	0	0
296	1187{1187}	(0)	4	348.261(1)	12	1	8	0	0	0
297	1187{1187}	(0)	3	348.28(1)	12	0	7	0	0	0
297	1199{1199}	(0)	4	348.28(1)	12	1	7	0	0	0
298	1199{1199}	(0)	4	348.3(1)	12	0	7	0	0	0
298	1200{1200}	(0)	4	348.3(1)	12	1	8	0	0	0
299	1200{1200}	(0)	4	348.319(1)	12	0	7	0	0	0
299	1230{1230}	(0)	4	348.319(1)	13	1	7	0	0	0
300	1230{1230}	(0)	4	348.339(1)	13	0	7	0	0	0
300	1231{1231}	(0)	4	348.339(1)	12	1	8	0	0	0
301	1231{1231}	(0)	4	348.358(1)	12	0	7	0	0	0
301	1261{1261}	(0)	4	348.358(1)	13	1	7	0	0	0
302	1261{1261}	(0)	4	348.379(1)	13	0	7	0	0	0
302	1262{1262}	(0)	4	348.379(1)	12	1	8	0	0	0
303	1262{1262}	(0)	4	348.399(1)	12	0	7	0	0	0
303	1274{1274}	(0)	4	348.399(1)	12	1	7	0	0	0
304	1274{1274}	(0)	4	349.326(1)	12	0	7	0	0	0
304	1275{1275}	(0)	4	349.326(1)	12	1	8	0	0	0
305	1275{1275}	(0)	4	350.211(1)	12	0	7	0	0	0
305	1293{1293}	(0)	4	350.211(1)	12	1	7	0	0	0
306	1293{1293}	(0)	4	351.105(1)	12	0	7	0	0	0
306	1294{1294}	(0)	4	351.105(1)	12	1	8	0	0	0
307	1294{1294}	(0)	4	351.96(1)	12	0	7	0	0	0
307	1312{1312}	(0)	4	351.96(1)	12	1	7	0	0	0
308	1312{1312}	(0)	4	353.515(1)	12	0	7	0	0	0
308	1313{1313}	(0)	4	353.515(1)	12	1	8	0	0	0
309	1313{1313}	(0)	4	355.037(1)	12	0	7	0	0	0
309	1343{1343}	(0)	4	355.037(1)	12	1	7	0	0	0
310	1343{1343}	(0)	4	355.053(1)	12	0	7	0	0	0
310	1344{1344}	(0)	4	355.053(1)	12	1	8	0	0	0
311	1344{1344}	(0)	4	355.068(1)	12	0	7	0	0	0
311	1350{1350}	(0)	4	355.068(1)	12	1	7	0	0	0
312	1350{1350}	(0)	4	355.101(1)	12	0	7	0	0	0
312	1351{1351}	(0)	4	355.101(1)	12	1	8	0	0	0
313	1351{1351}	(0)	4	355.135(1)	12	0	7	0	0	0
313	1357{1357}	(0)	4	355.135(1)	13	1	7	0	0	0
314	1357{1357}	(0)	4	385.379(1)	13	0	7	0	0	0
314	1358{1358}	(0)	4	385.379(1)	13	1	8	0	0	0
315	1358{1358}	(0)	4	385.417(1)	13	0	7	0	0	0
315	1376{1376}	(0)	4	385.417(1)	13	1	7	0	0	0
316	1376{1376}	(0)	4	385.453(1)	13	0	7	0	0	0
316	1376{1376}	(0)	4	385.453(1)	13	1	7	0	0	0
317	1376{1376}	(0)	4	385.453(2)	13	0	7	0	0	0
317	1387{1387}	(0)	4	385.453(2)	13	1	7	0	0	0
318	1387{1387}	(0)	4	385.47(1)	13	0	7	0	0	0
318	1388{1388}	(0)	4	385.47(1)	13	1	8	0	0	0
319	1388{1388}	(0)	4	385.488(1)	13	0	7	0	0	0
319	1394{1394}	(0)	4	385.488(1)	13	1	7	0	0	0
320	1394{1394}	(0)	4	385.525(1)	13	0	7	0	0	0
320	1395{1395}	(0)	4	385.525(1)	12	1	8	0	0	0
321	1395{1395}	(0)	4	355.308(1)	12	0	7	0	0	0
321	1413{1413}	(0)	4	355.308(1)	12	1	7	0	0	0
322	1413{1413}	(0)	4	355.344(1)	12	0	7	0	0	0
322	1413{1413}	(0)	4	355.344(1)	12	1	7	0	0	0
323	1413{1413}	(0)	4	355.344(2)	12	0	7	0	0	0
323	1424{1424}	(0)	4	355.344(2)	12	1	7	0	0	0
324	1424{1424}	(0)	4	355.378(1)	12	0	7	0	0	0
324	1425{1425}	(0)	4	355.378(1)	12	1	8	0	0	0
325	1425{1425}	(0)	4	355.41(1)	12	0	7	0	0	0
325	1455{1455}	(0)	4	355.41(1)	12	1	7	0	0	0
326	1455{1455}	(0)	4	355.426(1)	12	0	7	0	0	0
326	1456{1456}	(0)	4	355.426(1)	12	1	8	0	0	0
327	1456{1456}	(0)	4	355.442(1)	12	0	7	0	0	0
327	1468{1468}	(0)	4	355.442(1)	12	1	7	0	0	0
328	1468{1468}	(0)	4	357.025(1)	12	0	7	0	0	0
328	1469{1469}	(0)	4	357.025(1)	12	1	8	0	0	0
329	1469{1469}	(0)	4	358.576(1)	12	0	7	0	0	0
329	1475{1475}	(0)	4	358.576(1)	13	1	7	0	0	0
330	1475{1475}	(0)	4	388.82(1)	13	0	7	0	0	0
330	1476{1476}	(0)	4	388.82(1)	14	1	8	0	0	0
331	1476{1476}	(0)	4	419.078(1)	14	0	8	0	0	0
331	1482{1482}	(0)	4	419.078(1)	14	1	8	0	0	0
332	1482{1482}	(0)	4	419.112(1)	14	0	8	0	0	0
332	1483{1483}	(0)	4	419.112(1)	14	1	9	0	0	0
333	1483{1483}	(0)	4	419.148(1)	14	0	8	0	0	0
333	1501{1501}	(0)	4	419.148(1)	13	1	8	0	0	0
334	1501{1501}	(0)	4	388.905(1)	13	0	8	0	0	0
334	1502{1502}	(0)	4	388.905(1)	13	1	9	0	0	0
335	1502{1502}	(0)	4	388.945(1)	13	0	8	0	0	0
335	1508{1508}	(0)	4	388.945(1)	13	1	8	0	0	0
336	1508{1508}	(0)	4	389.038(1)	13	0	8	0	0	0
336	1509{1509}	(0)	4	389.038(1)	14	1	9	0	0	0
337	1509{1509}	(0)	4	419.452(1)	14	0	8	0	0	0
337	1521{1521}	(0)	4	419.452(1)	15	1	8	0	0	0
338	1521{1521}	(0)	4	449.83(1)	15	0	8	0	0	0
338	1521{1521}	(0)	4	449.83(1)	15	1	8	0	0	0
339	1521{1521}	(0)	4	449.83(2)	15	0	8	0	0	0
339	1532{1532}	(0)	4	449.83(2)	16	1	8	0	0	0
340	1532{1532}	(0)	4	480.148(1)	16	0	8	0	0	0
340	1532{1532}	(0)	4	480.148(1)	16	1	8	0	0	0
341	1532{1532}	(0)	4	480.148(2)	16	0	8	0	0	0
341	1544{1544}	(0)	4	480.148(2)	16	1	8	0	0	0
342	1544{1544}	(0)	4	480.148(3)	16	1	8	0	0	0
342	1575{1575}	(0)	4	480.148(3)	16	2	10	0	0	0
343	1575{1575}	(0)	4	480.148(4)	16	2	10	0	0	0
343	1606{1606}	(0)	4	480.148(4)	16	3	10	0	0	0
344	1606{1606}	(0)	4	480.148(5)	16	3	10	0	0	0
344	1637{1637}	(0)	4	480.148(5)	16	4	11	0	0	0
345	1637{1637}	(0)	4	480.148(6)	16	4	11	0	0	0
345	1656{1656}	(0)	4	480.148(6)	17	5	11	0	0	0
346	1656{1656}	(0)	4	510.362(1)	17	0	11	0	0	0
346	1657{1657}	(0)	4	510.362(1)	18	1	12	0	0	0
347	1657{1657}	(0)	4	540.568(1)	18	0	12	0	0	0
347	1663{1663}	(0)	4	540.568(1)	19	1	12	0	0	0
348	1663{1663}	(0)	4	570.782(1)	19	0	12	0	0	0
348	1664{1664}	(0)	4	570.782(1)	20	1	13	0	0	0
349	1664{1664}	(0)	4	601.007(1)	20	0	13	0	0	0
349	1670{1670}	(0)	4	601.007(1)	21	1	13	0	0	0
350	1670{1670}	(0)	4	631.246(1)	21	0	13	0	0	0
350	1671{1671}	(0)	4	631.246(1)	22	1	14	0	0	0
351	1671{1671}	(0)	4	661.505(1)	22	0	14	0	0	0
351	1677{1677}	(0)	4	661.505(1)	23	1	14	0	0	0
352	1677{1677}	(0)	4	691.785(1)	23	0	14	0	0	0
352	1678{1678}	(0)	4	691.785(1)	24	1	15	0	0	0
353	1678{1678}	(0)	4	722.091(1)	24	0	15	0	0	0
353	1696{1696}	(0)	4	722.091(1)	24	1	15	0	0	0
354	1696{1696}	(0)	4	722.111(1)	24	0	15	0	0	0
354	1702{1702}	(0)	4	722.111(1)	25	1	20	0	0	0
355	1702{1702}	(0)	4	752.468(1)	25	0	20	0	0	0
355	1703{1703}	(0)	4	752.468(1)	26	1	21	0	0	0
356	1703{1703}	(0)	4	782.859(1)	26	0	21	0	0	0
356	1733{1733}	(0)	4	782.859(1)	26	1	21	0	0	0
357	1733{1733}	(0)	4	782.882(1)	26	0	21	0	0	0
357	1745{1745}	(0)	4	782.882(1)	26	1	32	0	0	0
358	1745{1745}	(0)	4	782.903(1)	26	0	32	0	0	0
358	1746{1746}	(0)	4	782.903(1)	26	1	33	0	0	0
359	1746{1746}	(0)	4	782.923(1)	26	0	27	0	0	0
359	1758{1758}	(0)	4	782.923(1)	26	1	27	0	0	0
360	1758{1758}	(0)	4	782.961(1)	26	0	27	0	0	0
360	1759{1759}	(0)	4	782.961(1)	26	1	28	0	0	0
361	1759{1759}	(0)	4	782.997(1)	26	0	27	0	0	0
361	1771{1771}	(0)	4	782.997(1)	26	1	27	0	0	0
362	1771{1771}	(0)	4	783.031(1)	26	0	27	0	0	0
362	1772{1772}	(0)	4	783.031(1)	26	1	28	0	0	0
363	1772{1772}	(0)	4	783.063(1)	26	0	27	0	0	0
363	1796{1796}	(0)	4	783.063(1)	27	1	27	0	0	0
364	1796{1796}	(0)	4	813.337(1)	27	0	27	0	0	0
364	1797{1797}	(0)	4	813.337(1)	28	1	28	0	0	0
365	1797{1797}	(0)	4	843.631(1)	28	0	28	0	0	0
365	1821{1821}	(0)	4	843.631(1)	29	1	28	0	0	0
366	1821{1821}	(0)	4	873.949(1)	29	0	28	0	0	0
366	1822{1822}	(0)	4	873.949(1)	30	1	29	0	0	0
367	1822{1822}	(0)	4	904.295(1)	30	0	29	0	0	0
367	1828{1828}	(0)	4	904.295(1)	31	1	29	0	0	0
368	1828{1828}	(0)	4	934.673(1)	31	0	29	0	0	0
368	1829{1829}	(0)	4	934.673(1)	32	1	30	0	0	0
369	1829{1829}	(0)	4	965.087(1)	32	0	18	0	0	0
369	1841{1841}	(0)	4	965.087(1)	33	1	18	0	0	0
370	1841{1841}	(0)	4	995.465(1)	33	0	18	0	0	0
370	1841{1841}	(0)	4	995.465(1)	33	1	18	0	0	0
371	1841{1841}	(0)	4	995.465(2)	33	0	18	0	0	0
371	1865{1865}	(0)	5	995.465(2)	33	1	18	0	0	0
372	1865{1865}	(0)	5	995.465(3)	33	1	18	0	0	0
372	1896{1896}	(0)	5	995.465(3)	33	2	20	0	0	0
373	1896{1896}	(0)	5	995.465(4)	33	2	20	0	0	0
373	1927{1927}	(0)	5	995.465(4)	33	3	20	0	0	0
374	1927{1927}	(0)	5	995.465(5)	33	3	20	0	0	0
374	1958{1958}	(0)	5	995.465(5)	33	4	21	0	0	0
375	1958{1958}	(0)	5	995.465(6)	33	4	21	0	0	0
375	1988{1988}	(0)	5	995.465(6)	34	5	21	0	0	0
376	1988{1988}	(0)	5	1025.7(1)	34	0	21	0	0	0
376	1989{1989}	(0)	5	1025.7(1)	35	1	22	0	0	0
377	1989{1989}	(0)	5	1055.93(1)	35	0	22	0	0	0
377	1995{1995}	(0)	5	1055.93(1)	35	1	22	0	0	0
378	1995{1995}	(0)	5	1055.95(1)	35	0	22	0	0	0
378	2013{2013}	(0)	5	1055.95(1)	35	1	39	0	0	0
379	2013{2013}	(0)	5	1055.96(1)	35	0	39	0	0	0
379	2019{2019}	(0)	5	1055.96(1)	35	1	26	0	0	0
380	2019{2019}	(0)	5	1056(1)	35	0	26	0	0	0
380	2020{2020}	(0)	5	1056(1)	36	1	27	0	0	0
381	2020{2020}	(0)	5	1086.29(1)	36	0	27	0	0	0
381	2044{2044}	(0)	5	1086.29(1)	37	1	27	0	0	0
382	2044{2044}	(0)	5	1116.61(1)	37	0	27	0	0	0
382	2045{2045}	(0)	5	1116.61(1)	38	1	28	0	0	0
383	2045{2045}	(0)	5	1146.95(1)	38	0	28	0	0	0
383	2069{2069}	(0)	5	1146.95(1)	39	1	28	0	0	0
384	2069{2069}	(0)	5	1177.33(1)	39	0	28	0	0	0
384	2070{2070}	(0)	5	1177.33(1)	40	1	29	0	0	0
385	2070{2070}	(0)	5	1207.75(1)	40	0	29	0	0	0
385	2099{2099}	(0)	5	1207.75(1)	40	1	29	0	0	0
386	2099{2099}	(0)	5	1207.75(2)	40	1	29	0	0	0
386	2129{2129}	(0)	5	1207.75(2)	40	2	30	0	0	0
387	2129{2129}	(0)	5	1207.75(3)	40	2	30	0	0	0
387	2159{2159}	(0)	5	1207.75(3)	40	3	30	0	0	0
388	2159{2159}	(0)	5	1207.75(4)	40	3	30	0	0	0
388	2188{2188}	(0)	5	1207.75(4)	40	4	31	0	0	0
389	2188{2188}	(0)	5	1207.75(5)	40	4	31	0	0	0
389	2217{2217}	(0)	5	1207.75(5)	40	5	31	0	0	0
390	2217{2217}	(0)	5	1207.75(6)	40	5	31	0	0	0
390	2245{2245}	(0)	5	1207.75(6)	40	6	32	0	0	0
391	2245{2245}	(0)	5	1207.75(7)	40	6	32	0	0	0
391	2275{2275}	(0)	5	1207.75(7)	40	7	32	0	0	0
392	2275{2275}	(0)	5	1207.75(8)	40	7	32	0	0	0
392	2305{2305}	(0)	5	1207.75(8)	40	8	32	0	0	0
393	2305{2305}	(0)	5	1207.75(9)	40	8	32	0	0	0
393	2336{2336}	(0)	5	1207.75(9)	40	9	32	0	0	0
394	2336{2336}	(0)	5	1207.75(10)	40	9	32	0	0	0
394	2365{2365}	(0)	6	1207.75(10)	40	10	32	0	0	0
394	2365{2365}	(0)	6	1207.75(10)	40	11	31	0	1	0
395	2365{2365}	(0)	5	1207.75(11)	40	11	31	0	1	0
395	2395{2395}	(0)	6	1207.75(11)	39	12	32	0	1	0
396	2395{2395}	(0)	6	1177.55(1)	39	0	32	0	1	0
396	2396{2396}	(0)	6	1177.55(1)	39	1	33	0	1	0
397	2396{2396}	(0)	6	1177.56(1)	39	0	32	0	1	0
397	2408{2408}	(0)	6	1177.56(1)	40	1	32	0	1	0
398	2408{2408}	(0)	6	1207.79(1)	40	0	32	0	1	0
398	2409{2409}	(0)	6	1207.79(1)	41	1	33	0	1	0
399	2409{2409}	(0)	6	1238.03(1)	41	0	33	0	1	0
399	2421{2421}	(0)	6	1238.03(1)	42	1	33	0	1	0
400	2421{2421}	(0)	6	1268.29(1)	42	0	33	0	1	0
400	2422{2422}	(0)	6	1268.29(1)	43	1	34	0	1	0
401	2422{2422}	(0)	6	1298.57(1)	43	0	34	0	1	0
401	2434{2434}	(0)	6	1298.57(1)	44	1	34	0	1	0
402	2434{2434}	(0)	6	1328.86(1)	44	0	34	0	1	0
402	2435{2435}	(0)	6	1328.86(1)	45	1	35	0	1	0
403	2435{2435}	(0)	6	1359.19(1)	45	0	35	0	1	0
403	2447{2447}	(0)	6	1359.19(1)	46	1	35	0	1	0
404	2447{2447}	(0)	6	1389.55(1)	46	0	35	0	1	0
404	2448{2448}	(0)	6	1389.55(1)	47	1	36	0	1	0
405	2448{2448}	(0)	6	1419.94(1)	47	0	36	0	1	0
405	2460{2460}	(0)	6	1419.94(1)	47	1	36	0	1	0
406	2460{2460}	(0)	6	1419.96(1)	47	0	36	0	1	0
406	2478{2478}	(0)	6	1419.96(1)	47	1	53	0	1	0
407	2478{2478}	(0)	6	1419.98(1)	47	0	53	0	1	0
407	2479{2479}	(0)	6	1419.98(1)	47	1	54	0	1	0
408	2479{2479}	(0)	6	1420(1)	47	0	53	0	1	0
408	2497{2497}	(0)	6	1420(1)	47	1	53	0	1	0
409	2497{2497}	(0)	6	1420.02(1)	47	0	53	0	1	0
409	2498{2498}	(0)	6	1420.02(1)	47	1	54	0	1	0
410	2498{2498}	(0)	6	1420.04(1)	47	0	53	0	1	0
410	2522{2522}	(0)	6	1420.04(1)	48	1	53	0	1	0
411	2522{2522}	(0)	6	1450.36(1)	48	0	53	0	1	0
411	2523{2523}	(0)	6	1450.36(1)	49	1	54	0	1	0
412	2523{2523}	(0)	6	1480.7(1)	49	0	54	0	1	0
412	2547{2547}	(0)	6	1480.7(1)	50	1	54	0	1	0
413	2547{2547}	(0)	6	1511.08(1)	50	0	54	0	1	0
413	2548{2548}	(0)	6	1511.08(1)	51	1	55	0	1	0
414	2548{2548}	(0)	6	1541.5(1)	51	0	37	0	1	0
414	2560{2560}	(0)	6	1541.5(1)	52	1	37	0	1	0
415	2560{2560}	(0)	6	1571.87(1)	52	0	37	0	1	0
415	2561{2561}	(0)	6	1571.87(1)	53	1	38	0	1	0
416	2561{2561}	(0)	6	1602.22(1)	53	0	38	0	1	0
416	2585{2585}	(0)	6	1602.22(1)	54	1	38	0	1	0
417	2585{2585}	(0)	6	1632.6(1)	54	0	38	0	1	0
417	2586{2586}	(0)	6	1632.6(1)	55	1	39	0	1	0
418	2586{2586}	(0)	6	1663.01(1)	55	0	39	0	1	0
418	2598{2598}	(0)	6	1663.01(1)	56	1	39	0	1	0
419	2598{2598}	(0)	6	1693.39(1)	56	0	39	0	1	0
419	2599{2599}	(0)	6	1693.39(1)	57	1	40	0	1	0
420	2599{2599}	(0)	6	1723.74(1)	57	0	40	0	1	0
420	2623{2623}	(0)	6	1723.74(1)	58	1	40	0	1	0
421	2623{2623}	(0)	6	1754.11(1)	58	0	40	0	1	0
421	2624{2624}	(0)	6	1754.11(1)	59	1	41	0	1	0
422	2624{2624}	(0)	6	1784.53(1)	59	0	41	0	1	0
422	2636{2636}	(0)	6	1784.53(1)	60	1	41	0	1	0
423	2636{2636}	(0)	6	1814.91(1)	60	0	41	0	1	0
423	2636{2636}	(0)	6	1814.91(1)	60	1	41	0	1	0
424	2636{2636}	(0)	6	1814.91(2)	60	0	41	0	1	0
424	2640{2640}	(0)	6	1814.91(2)	61	1	41	0	1	0
425	2640{2640}	(0)	6	1845.22(1)	61	0	41	0	1	0
425	2641{2641}	(0)	6	1845.22(1)	62	1	42	0	1	0
426	2641{2641}	(0)	6	1875.52(1)	62	0	42	0	1	0
426	2665{2665}	(0)	6	1875.52(1)	63	1	42	0	1	0
427	2665{2665}	(0)	6	1905.84(1)	63	0	42	0	1	0
427	2665{2665}	(0)	6	1905.84(1)	63	1	42	0	1	0
428	2665{2665}	(0)	6	1905.84(2)	63	0	42	0	1	0
428	2668{2668}	(0)	6	1905.84(2)	63	1	42	0	1	0
429	2668{2668}	(0)	6	1905.84(3)	63	1	42	0	1	0
429	2699{2699}	(0)	6	1905.84(3)	63	2	44	0	1	0
430	2699{2699}	(0)	6	1905.84(4)	63	2	44	0	1	0
430	2730{2730}	(0)	6	1905.84(4)	63	3	44	0	1	0
431	2730{2730}	(0)	6	1905.84(5)	63	3	44	0	1	0
431	2760{2760}	(0)	6	1905.84(5)	64	4	45	0	1	0
432	2760{2760}	(0)	6	1936.09(1)	64	0	45	0	1	0
432	2761{2761}	(0)	6	1936.09(1)	65	1	46	0	1	0
433	2761{2761}	(0)	6	1966.33(1)	65	0	46	0	1	0
433	2767{2767}	(0)	6	1966.33(1)	65	1	46	0	1	0
434	2767{2767}	(0)	6	1966.35(1)	65	0	46	0	1	0
434	2785{2785}	(0)	6	1966.35(1)	64	1	63	0	1	0
435	2785{2785}	(0)	6	1936.11(1)	64	0	63	0	1	0
435	2791{2791}	(0)	6	1936.11(1)	64	1	50	0	1	0
436	2791{2791}	(0)	6	1936.15(1)	64	0	50	0	1	0
436	2792{2792}	(0)	6	1936.15(1)	65	1	51	0	1	0
437	2792{2792}	(0)	6	1966.47(1)	65	0	46	0	1	0
437	2816{2816}	(0)	6	1966.47(1)	66	1	46	0	1	0
438	2816{2816}	(0)	6	1996.81(1)	66	0	46	0	1	0
438	2817{2817}	(0)	6	1996.81(1)	67	1	47	0	1	0
439	2817{2817}	(0)	6	2027.19(1)	67	0	42	0	1	0
439	2823{2823}	(0)	6	2027.19(1)	68	1	42	0	1	0
440	2823{2823}	(0)	6	2057.6(1)	68	0	42	0	1	0
440	2852{2852}	(0)	6	2057.6(1)	68	1	70	0	1	0
441	2852{2852}	(0)	6	2057.6(2)	68	1	70	0	1	0
441	2853{2853}	(0)	6	2057.6(2)	69	2	71	0	1	0
442	2853{2853}	(0)	6	2087.97(1)	69	0	71	0	1	0
442	2871{2871}	(0)	6	2087.97(1)	69	1	71	0	1	0
443	2871{2871}	(0)	6	2087.99(1)	69	0	71	0	1	0
443	2872{2872}	(0)	6	2087.99(1)	69	1	72	0	1	0
444	2872{2872}	(0)	6	2088.02(1)	69	0	43	0	1	0
444	2890{2890}	(0)	6	2088.02(1)	70	1	43	0	1	0
445	2890{2890}	(0)	6	2118.39(1)	70	0	43	0	1	0
445	2890{2890}	(0)	6	2118.39(1)	70	1	44	0	1	0
446	2890{2890}	(0)	6	2118.39(2)	70	0	44	0	1	0
446	2919{2919}	(0)	6	2118.39(2)	70	1	44	0	1	0
447	2919{2919}	(0)	6	2118.39(3)	70	1	44	0	1	0
447	2950{2950}	(0)	6	2118.39(3)	70	2	44	0	1	0
448	2950{2950}	(0)	6	2118.39(4)	70	2	44	0	1	0
448	2981{2981}	(0)	6	2118.39(4)	70	3	44	0	1	0
449	2981{2981}	(0)	6	2118.39(5)	70	3	44	0	1	0
449	3010{3010}	(0)	6	2118.39(5)	71	4	44	0	1	0
450	3010{3010}	(0)	6	2148.65(1)	71	0	44	0	1	0
450	3011{3011}	(0)	6	2148.65(1)	72	1	45	0	1	0
451	3011{3011}	(0)	6	2178.89(1)	72	0	45	0	1	0
451	3017{3017}	(0)	6	2178.89(1)	72	1	45	0	1	0
452	3017{3017}	(0)	6	2178.91(1)	72	0	45	0	1	0
452	3035{3035}	(0)	6	2178.91(1)	72	1	62	0	1	0
453	3035{3035}	(0)	6	2178.93(1)	72	0	62	0	1	0
453	3041{3041}	(0)	6	2178.93(1)	72	1	49	0	1	0
454	3041{3041}	(0)	6	2178.96(1)	72	0	49	0	1	0
454	3042{3042}	(0)	6	2178.96(1)	73	1	50	0	1	0
455	3042{3042}	(0)	6	2209.28(1)	73	0	50	0	1	0
455	3066{3066}	(0)	6	2209.28(1)	74	1	50	0	1	0
456	3066{3066}	(0)	6	2239.63(1)	74	0	50	0	1	0
456	3067{3067}	(0)	6	2239.63(1)	75	1	51	0	1	0
457	3067{3067}	(0)	6	2270(1)	75	0	51	0	1	0
457	3091{3091}	(0)	6	2270(1)	76	1	51	0	1	0
458	3091{3091}	(0)	6	2300.42(1)	76	0	51	0	1	0
458	3120{3120}	(0)	6	2300.42(1)	76	1	79	0	1	0
459	3120{3120}	(0)	6	2300.42(2)	76	1	79	0	1	0
459	3150{3150}	(0)	6	2300.42(2)	76	2	79	0	1	0
460	3150{3150}	(0)	6	2300.42(3)	76	2	79	0	1	0
460	3180{3180}	(0)	6	2300.42(3)	76	3	79	0	1	0
461	3180{3180}	(0)	6	2300.42(4)	76	3	79	0	1	0
461	3208{3208}	(0)	6	2300.42(4)	76	4	79	0	1	0
462	3208{3208}	(0)	6	2300.42(5)	76	4	79	0	1	0
462	3237{3237}	(0)	7	2300.42(5)	76	5	79	0	1	0
463	3237{3237}	(0)	6	2300.42(6)	76	5	79	0	1	0
463	3264{3264}	(0)	7	2300.42(6)	76	6	79	0	1	0
464	3264{3264}	(0)	7	2300.42(7)	76	6	79	0	1	0
464	3294{3294}	(0)	7	2300.42(7)	76	7	79	0	1	0
465	3294{3294}	(0)	7	2300.42(8)	76	7	79	0	1	0
465	3324{3324}	(0)	7	2300.42(8)	76	8	79	0	1	0
466	3324{3324}	(0)	7	2300.42(9)	76	8	79	0	1	0
466	3355{3355}	(0)	7	2300.42(9)	76	9	79	0	1	0
467	3355{3355}	(0)	7	2300.42(10)	76	9	79	0	1	0
467	3384{3384}	(0)	7	2300.42(10)	76	10	79	0	1	0
467	3384{3384}	(0)	7	2300.42(10)	76	11	78	0	2	0
468	3384{3384}	(0)	7	2300.42(11)	76	0	78	0	2	0
468	3399{3399}	(0)	7	2300.42(11)	77	1	78	0	2	0
469	3399{3399}	(0)	7	2330.69(1)	77	0	78	0	2	0
469	3400{3400}	(0)	7	2330.69(1)	78	1	79	0	2	0
470	3400{3400}	(0)	7	2360.99(1)	78	0	79	0	2	0
470	3406{3406}	(0)	7	2360.99(1)	79	1	79	0	2	0
471	3406{3406}	(0)	7	2391.3(1)	79	0	79	0	2	0
471	3407{3407}	(0)	7	2391.3(1)	80	1	80	0	2	0
472	3407{3407}	(0)	7	2421.65(1)	80	0	80	0	2	0
472	3431{3431}	(0)	7	2421.65(1)	81	1	80	0	2	0
473	3431{3431}	(0)	7	2452.03(1)	81	0	80	0	2	0
473	3432{3432}	(0)	7	2452.03(1)	82	1	81	0	2	0
474	3432{3432}	(0)	7	2482.44(1)	82	0	81	0	2	0
474	3444{3444}	(0)	7	2482.44(1)	83	1	81	0	2	0
475	3444{3444}	(0)	7	2512.82(1)	83	0	81	0	2	0
475	3444{3444}	(0)	7	2512.82(1)	83	1	81	0	2	0
476	3444{3444}	(0)	7	2512.82(2)	83	0	81	0	2	0
476	3448{3448}	(0)	7	2512.82(2)	84	1	81	0	2	0
477	3448{3448}	(0)	7	2543.14(1)	84	0	81	0	2	0
477	3448{3448}	(0)	7	2543.14(1)	84	1	81	0	2	0
478	3448{3448}	(0)	7	2543.14(2)	84	0	81	0	2	0
478	3472{3472}	(0)	7	2543.14(2)	84	1	81	0	2	0
479	3472{3472}	(0)	7	2543.14(3)	84	1	81	0	2	0
479	3503{3503}	(0)	7	2543.14(3)	84	2	82	0	2	0
480	3503{3503}	(0)	7	2543.14(4)	84	2	82	0	2	0
480	3534{3534}	(0)	7	2543.14(4)	84	3	82	0	2	0
481	3534{3534}	(0)	7	2543.14(5)	84	3	82	0	2	0
481	3565{3565}	(0)	7	2543.14(5)	84	4	83	0	2	0
482	3565{3565}	(0)	7	2543.14(6)	84	4	83	0	2	0
482	3597{3597}	(0)	7	2543.14(6)	84	5	83	0	2	0
483	3597{3597}	(0)	7	2543.14(7)	84	5	83	0	2	0
483	3630{3630}	(0)	7	2543.14(7)	84	6	85	0	2	0
484	3630{3630}	(0)	7	2543.14(8)	84	6	85	0	2	0
484	3631{3631}	(0)	7	2543.14(8)	84	7	86	0	2	0
485	3631{3631}	(0)	7	2544.63(1)	84	0	86	0	2	0
485	3637{3637}	(0)	7	2544.63(1)	84	1	86	0	2	0
486	3637{3637}	(0)	7	2544.65(1)	84	0	86	0	2	0
486	3655{3655}	(0)	7	2544.65(1)	84	1	103	0	2	0
487	3655{3655}	(0)	7	2544.66(1)	84	0	103	0	2	0
487	3661{3661}	(0)	7	2544.66(1)	85	1	90	0	2	0
488	3661{3661}	(0)	7	2574.9(1)	85	0	90	0	2	0
488	3661{3661}	(0)	7	2574.9(1)	85	1	91	0	2	0
489	3661{3661}	(0)	7	2574.9(2)	85	0	89	0	2	0
489	3685{3685}	(0)	7	2574.9(2)	86	1	89	0	2	0
490	3685{3685}	(0)	7	2605.15(1)	86	0	89	0	2	0
490	3685{3685}	(0)	7	2605.15(1)	86	1	90	0	2	0
491	3685{3685}	(0)	7	2605.15(2)	86	0	86	0	2	0
491	3707{3707}	(0)	7	2605.15(2)	86	1	86	0	2	0
492	3707{3707}	(0)	7	2605.15(3)	86	0	86	0	2	0
492	3707{3707}	(0)	7	2605.15(3)	86	1	87	0	2	0
493	3707{3707}	(0)	7	2605.15(4)	86	0	87	0	2	0
493	3730{3730}	(0)	7	2605.15(4)	86	1	87	0	2	0
494	3730{3730}	(0)	7	2605.15(5)	86	0	87	0	2	0
494	3730{3730}	(0)	7	2605.15(5)	86	1	88	0	2	0
495	3730{3730}	(0)	7	2605.15(6)	86	0	88	0	2	0
495	3753{3753}	(0)	7	2605.15(6)	86	1	88	0	2	0
496	3753{3753}	(0)	7	2605.15(7)	86	0	88	0	2	0
496	3771{3771}	(0)	7	2605.15(7)	86	1	88	0	2	0
497	3771{3771}	(0)	7	2605.15(8)	86	1	88	0	2	0
497	3801{3801}	(0)	7	2605.15(8)	86	2	88	0	2	0
498	3801{3801}	(0)	7	2605.15(9)	86	2	88	0	2	0
498	3831{3831}	(0)	7	2605.15(9)	86	3	88	0	2	0
499	3831{3831}	(0)	7	2605.15(10)	86	3	88	0	2	0
499	3859{3859}	(0)	7	2605.15(10)	86	4	88	0	2	0
500	3859{3859}	(0)	7	2605.15(11)	86	4	88	0	2	0
500	3888{3888}	(0)	7	2605.15(11)	86	5	88	0	2	0
501	3888{3888}	(0)	7	2605.15(12)	86	5	88	0	2	0
501	3915{3915}	(0)	7	2605.15(12)	86	6	88	0	2	0
502	3915{3915}	(0)	7	2605.15(13)	86	6	88	0	2	0
502	3945{3945}	(0)	7	2605.15(13)	86	7	88	0	2	0
503	3945{3945}	(0)	7	2605.15(14)	86	7	88	0	2	0
503	3975{3975}	(0)	7	2605.15(14)	86	8	88	0	2	0
504	3975{3975}	(0)	7	2605.15(15)	86	8	88	0	2	0
504	4005{4005}	(0)	7	2605.15(15)	86	9	88	0	2	0
505	4005{4005}	(0)	7	2605.15(16)	86	9	88	0	2	0
505	4034{4034}	(0)	7	2605.15(16)	86	10	88	0	2	0
505	4034{4034}	(0)	7	2605.15(16)	86	11	87	0	3	0
506	4034{4034}	(0)	7	2605.15(17)	86	0	87	0	3	0
506	4052{4052}	(0)	8	2605.15(17)	86	1	87	0	3	0
507	4052{4052}	(0)	7	2605.15(18)	86	0	87	0	3	0
507	4052{4052}	(0)	7	2605.15(18)	86	1	87	0	3	0
508	4052{4052}	(0)	7	2605.15(19)	86	0	87	0	3	0
508	4052{4052}	(0)	7	2605.15(19)	86	1	87	0	3	0
509	4052{4052}	(0)	7	2605.15(20)	86	0	87	0	3	0
509	4052{4052}	(0)	7	2605.15(20)	86	1	88	0	3	0
510	4052{4052}	(0)	7	2605.15(21)	86	0	88	0	3	0
510	4052{4052}	(0)	7	2605.15(21)	86	1	88	0	3	0
511	4052{4052}	(0)	7	2605.15(22)	86	1	88	0	3	0
511	4082{4082}	(0)	7	2605.15(22)	86	2	88	0	3	0
512	4082{4082}	(0)	7	2605.15(23)	86	2	88	0	3	0
512	4112{4112}	(0)	8	2605.15(23)	86	3	88	0	3	0
513	4112{4112}	(0)	8	2605.15(24)	86	3	88	0	3	0
513	4141{4141}	(0)	8	2605.15(24)	86	4	88	0	3	0
514	4141{4141}	(0)	8	2605.15(25)	86	4	88	0	3	0
514	4170{4170}	(0)	8	2605.15(25)	86	5	88	0	3	0
515	4170{4170}	(0)	8	2605.15(26)	86	5	88	0	3	0
515	4198{4198}	(0)	8	2605.15(26)	86	6	88	0	3	0
516	4198{4198}	(0)	8	2605.15(27)	86	6	88	0	3	0
516	4227{4227}	(0)	8	2605.15(27)	86	7	88	0	3	0
517	4227{4227}	(0)	8	2605.15(28)	86	7	88	0	3	0
517	4257{4257}	(0)	8	2605.15(28)	86	8	88	0	3	0
518	4257{4257}	(0)	8	2605.15(29)	86	8	88	0	3	0
518	4288{4288}	(0)	8	2605.15(29)	86	9	88	0	3	0
519	4288{4288}	(0)	8	2605.15(30)	86	9	88	0	3	0
519	4317{4317}	(0)	8	2605.15(30)	86	10	88	0	3	0
519	4317{4317}	(0)	8	2605.15(30)	86	11	86	0	4	0
520	4317{4317}	(0)	8	2605.15(31)	86	11	86	0	4	0
520	4328{4328}	(0)	8	2605.15(31)	86	12	86	0	4	0
521	4328{4328}	(0)	8	2605.15(32)	86	0	86	0	4	0
521	4328{4328}	(0)	8	2605.15(32)	86	1	86	0	4	0
522	4328{4328}	(0)	8	2605.15(33)	86	0	86	0	4	0
522	4328{4328}	(0)	8	2605.15(33)	86	1	87	0	4	0
523	4328{4328}	(0)	8	2605.15(34)	86	0	87	0	4	0
523	4334{4334}	(0)	8	2605.15(34)	87	1	87	0	4	0
524	4334{4334}	(0)	8	2635.53(1)	87	0	87	0	4	0
524	4334{4334}	(0)	8	2635.53(1)	87	1	88	0	4	0
525	4334{4334}	(0)	8	2635.53(2)	87	0	61	0	4	0
525	4334{4334}	(0)	8	2635.53(2)	87	1	61	0	4	0
526	4334{4334}	(0)	8	2635.53(3)	87	1	61	0	4	0
526	4359{4359}	(0)	8	2635.53(3)	87	2	61	0	4	0
527	4359{4359}	(0)	8	2635.53(4)	87	2	61	0	4	0
527	4389{4389}	(0)	8	2635.53(4)	87	3	61	0	4	0
528	4389{4389}	(0)	8	2635.53(5)	87	3	61	0	4	0
528	4413{4413}	(0)	8	2635.53(5)	87	4	61	0	4	0
529	4413{4413}	(0)	8	2635.53(6)	87	4	61	0	4	0
529	4442{4442}	(0)	8	2635.53(6)	87	5	61	0	4	0
530	4442{4442}	(0)	8	2635.53(7)	87	5	61	0	4	0
530	4466{4466}	(0)	8	2635.53(7)	87	6	61	0	4	0
531	4466{4466}	(0)	8	2635.53(8)	87	6	61	0	4	0
531	4496{4496}	(0)	8	2635.53(8)	87	7	61	0	4	0
532	4496{4496}	(0)	8	2635.53(9)	87	7	61	0	4	0
532	4526{4526}	(0)	8	2635.53(9)	87	8	61	0	4	0
533	4526{4526}	(0)	8	2635.53(10)	87	8	61	0	4	0
533	4557{4557}	(0)	8	2635.53(10)	87	9	61	0	4	0
534	4557{4557}	(0)	8	2635.53(11)	87	9	61	0	4	0
534	4586{4586}	(0)	8	2635.53(11)	87	10	61	0	4	0
534	4586{4586}	(0)	8	2635.53(11)	87	11	60	0	5	0
535	4586{4586}	(0)	8	2635.53(12)	87	0	60	0	5	0
535	4591{4591}	(0)	8	2635.53(12)	87	1	60	0	5	0
536	4591{4591}	(0)	8	2635.53(13)	87	0	60	0	5	0
536	4591{4591}	(0)	8	2635.53(13)	87	1	60	0	5	0
537	4591{4591}	(0)	8	2635.53(14)	87	1	60	0	5	0
537	4621{4621}	(0)	8	2635.53(14)	87	2	60	0	5	0
538	4621{4621}	(0)	8	2635.53(15)	87	2	60	0	5	0
538	4652{4652}	(0)	8	2635.53(15)	87	3	60	0	5	0
539	4652{4652}	(0)	8	2635.53(16)	87	3	60	0	5	0
539	4681{4681}	(0)	8	2635.53(16)	87	4	60	0	5	0
540	4681{4681}	(0)	8	2635.53(17)	87	4	60	0	5	0
540	4711{4711}	(0)	8	2635.53(17)	87	5	60	0	5	0
541	4711{4711}	(0)	8	2635.53(18)	87	5	60	0	5	0
541	4739{4739}	(0)	8	2635.53(18)	87	6	60	0	5	0
542	4739{4739}	(0)	8	2635.53(19)	87	6	60	0	5	0
542	4769{4769}	(0)	8	2635.53(19)	87	7	60	0	5	0
543	4769{4769}	(0)	8	2635.53(20)	87	7	60	0	5	0
543	4800{4800}	(0)	8	2635.53(20)	87	8	60	0	5	0
544	4800{4800}	(0)	8	2635.53(21)	87	8	60	0	5	0
544	4831{4831}	(0)	8	2635.53(21)	87	9	60	0	5	0
545	4831{4831}	(0)	8	2635.53(22)	87	9	60	0	5	0
545	4860{4860}	(0)	8	2635.53(22)	87	10	60	0	5	0
545	4860{4860}	(0)	8	2635.53(22)	87	11	59	0	6	0
546	4860{4860}	(0)	8	2635.53(23)	87	0	59	0	6	0
546	4860{4860}	(0)	8	2635.53(23)	87	1	64	0	6	0
547	4860{4860}	(0)	8	2635.53(24)	87	0	64	0	6	0
547	4860{4860}	(0)	8	2635.53(24)	87	1	64	0	6	0
548	4860{4860}	(0)	8	2635.53(25)	87	0	64	0	6	0
548	4860{4860}	(0)	8	2635.53(25)	87	1	64	0	6	0
549	4860{4860}	(0)	8	2635.53(26)	87	0	64	0	6	0
549	4860{4860}	(0)	8	2635.53(26)	87	1	65	0	6	0
550	4860{4860}	(0)	8	2635.53(27)	87	0	65	0	6	0
550	4860{4860}	(0)	8	2635.53(27)	87	1	65	0	6	0
551	4860{4860}	(0)	8	2635.53(28)	87	0	65	0	6	0
551	4860{4860}	(0)	8	2635.53(28)	87	1	65	0	6	0
552	4860{4860}	(0)	8	2635.53(29)	87	0	65	0	6	0
552	4860{4860}	(0)	8	2635.53(29)	87	1	65	0	6	0
553	4860{4860}	(0)	8	2635.53(30)	87	0	65	0	6	0
553	4860{4860}	(0)	8	2635.53(30)	87	1	66	0	6	0
554	4860{4860}	(0)	8	2635.53(31)	87	0	61	0	6	0
554	4867{4867}	(0)	8	2635.53(31)	88	1	61	0	6	0
555	4867{4867}	(0)	8	2665.8(1)	88	0	61	0	6	0
555	4868{4868}	(0)	8	2665.8(1)	88	1	62	0	6	0
556	4868{4868}	(0)	8	2665.82(1)	88	0	57	0	6	0
556	4874{4874}	(0)	8	2665.82(1)	89	1	57	0	6	0
557	4874{4874}	(0)	8	2696.09(1)	89	0	57	0	6	0
557	4874{4874}	(0)	8	2696.09(1)	89	1	57	0	6	0
558	4874{4874}	(0)	8	2696.09(2)	89	0	57	0	6	0
558	4874{4874}	(0)	8	2696.09(2)	89	1	57	0	6	0
559	4874{4874}	(0)	8	2696.09(3)	89	1	57	0	6	0
559	4905{4905}	(0)	8	2696.09(3)	89	2	58	0	6	0
560	4905{4905}	(0)	8	2696.09(4)	89	2	58	0	6	0
560	4936{4936}	(0)	8	2696.09(4)	89	3	58	0	6	0
561	4936{4936}	(0)	8	2696.09(5)	89	3	58	0	6	0
561	4966{4966}	(0)	8	2696.09(5)	89	4	59	0	6	0
562	4966{4966}	(0)	8	2696.09(6)	89	4	59	0	6	0
562	4996{4996}	(0)	8	2696.09(6)	89	5	59	0	6	0
563	4996{4996}	(0)	8	2696.09(7)	89	5	59	0	6	0
563	5025{5025}	(0)	8	2696.09(7)	89	6	60	0	6	0
564	5025{5025}	(0)	8	2696.09(8)	89	6	60	0	6	0
564	5055{5055}	(0)	8	2696.09(8)	89	7	60	0	6	0
565	5055{5055}	(0)	8	2696.09(9)	89	7	60	0	6	0
565	5083{5083}	(0)	8	2696.09(9)	89	8	61	0	6	0
566	5083{5083}	(0)	8	2696.09(10)	89	8	61	0	6	0
566	5114{5114}	(0)	9	2696.09(10)	89	9	61	0	6	0
567	5114{5114}	(0)	9	2696.09(11)	89	9	61	0	6	0
567	5145{5145}	(0)	9	2696.09(11)	89	10	61	0	6	0
567	5145{5145}	(0)	9	2696.09(11)	89	11	60	0	7	0
568	5145{5145}	(0)	9	2696.09(12)	89	11	60	0	7	0
568	5161{5161}	(0)	9	2696.09(12)	90	12	53	0	7	0
569	5161{5161}	(0)	9	2726.34(1)	90	0	53	0	7	0
569	5162{5162}	(0)	9	2726.34(1)	91	1	54	0	7	0
570	5162{5162}	(0)	9	2756.57(1)	91	0	54	0	7	0
570	5180{5180}	(0)	9	2756.57(1)	90	1	55	0	7	0
571	5180{5180}	(0)	9	2726.34(1)	90	0	55	0	7	0
571	5181{5181}	(0)	9	2726.34(1)	91	1	56	0	7	0
572	5181{5181}	(0)	9	2756.56(1)	91	0	56	0	7	0
572	5187{5187}	(0)	9	2756.56(1)	92	1	56	0	7	0
573	5187{5187}	(0)	9	2786.78(1)	92	0	56	0	7	0
573	5188{5188}	(0)	9	2786.78(1)	93	1	57	0	7	0
574	5188{5188}	(0)	9	2817.01(1)	93	0	57	0	7	0
574	5194{5194}	(0)	9	2817.01(1)	94	1	57	0	7	0
575	5194{5194}	(0)	9	2847.25(1)	94	0	57	0	7	0
575	5200{5200}	(0)	9	2847.25(1)	93	1	62	0	7	0
576	5200{5200}	(0)	9	2817.03(1)	93	0	62	0	7	0
576	5212{5212}	(0)	9	2817.03(1)	93	1	68	0	7	0
577	5212{5212}	(0)	9	2817.04(1)	93	0	68	0	7	0
577	5213{5213}	(0)	9	2817.04(1)	91	1	69	0	7	0
578	5213{5213}	(0)	9	2756.61(1)	91	0	68	0	7	0
578	5225{5225}	(0)	9	2756.61(1)	91	1	68	0	7	0
579	5225{5225}	(0)	9	2756.63(1)	91	0	68	0	7	0
579	5226{5226}	(0)	9	2756.63(1)	91	1	69	0	7	0
580	5226{5226}	(0)	9	2758.12(1)	91	0	68	0	7	0
580	5232{5232}	(0)	9	2758.12(1)	91	1	68	0	7	0
581	5232{5232}	(0)	9	2759.61(1)	91	0	68	0	7	0
581	5233{5233}	(0)	9	2759.61(1)	92	1	69	0	7	0
582	5233{5233}	(0)	8	2789.85(1)	92	0	68	0	7	0
582	5245{5245}	(0)	9	2789.85(1)	93	1	68	0	7	0
583	5245{5245}	(0)	8	2820.1(1)	93	0	68	0	7	0
583	5246{5246}	(0)	8	2820.1(1)	94	1	69	0	7	0
584	5246{5246}	(0)	8	2850.36(1)	94	0	69	0	7	0
584	5252{5252}	(0)	8	2850.36(1)	95	1	69	0	7	0
585	5252{5252}	(0)	8	2880.63(1)	95	0	69	0	7	0
585	5253{5253}	(0)	8	2880.63(1)	96	1	70	0	7	0
586	5253{5253}	(0)	8	2910.93(1)	96	0	70	0	7	0
586	5265{5265}	(0)	8	2910.93(1)	97	1	70	0	7	0
587	5265{5265}	(0)	8	2941.25(1)	97	0	70	0	7	0
587	5266{5266}	(0)	8	2941.25(1)	98	1	71	0	7	0
588	5266{5266}	(0)	8	2971.6(1)	98	0	71	0	7	0
588	5272{5272}	(0)	8	2971.6(1)	99	1	71	0	7	0
589	5272{5272}	(0)	8	3001.98(1)	99	0	71	0	7	0
589	5273{5273}	(0)	8	3001.98(1)	100	1	72	0	7	0
590	5273{5273}	(0)	8	3032.39(1)	100	0	72	0	7	0
590	5303{5303}	(0)	8	3032.39(1)	101	1	72	0	7	0
591	5303{5303}	(0)	8	3062.77(1)	101	0	72	0	7	0
591	5304{5304}	(0)	8	3062.77(1)	102	1	73	0	7	0
592	5304{5304}	(0)	8	3093.12(1)	102	0	73	0	7	0
592	5334{5334}	(0)	9	3093.12(1)	103	1	73	0	7	0
593	5334{5334}	(0)	8	3123.44(1)	103	0	73	0	7	0
593	5335{5335}	(0)	8	3123.44(1)	104	1	74	0	7	0
594	5335{5335}	(0)	8	3153.74(1)	104	0	74	0	7	0
594	5365{5365}	(0)	9	3153.74(1)	105	1	74	0	7	0
595	5365{5365}	(0)	9	3184.02(1)	105	0	74	0	7	0
595	5366{5366}	(0)	9	3184.02(1)	106	1	75	0	7	0
596	5366{5366}	(0)	9	3214.28(1)	106	0	75	0	7	0
596	5396{5396}	(0)	9	3214.28(1)	107	1	75	0	7	0
597	5396{5396}	(0)	9	3244.52(1)	107	0	75	0	7	0
597	5397{5397}	(0)	9	3244.52(1)	108	1	76	0	7	0
598	5397{5397}	(0)	9	3274.76(1)	108	0	76	0	7	0
598	5403{5403}	(0)	9	3274.76(1)	109	1	76	0	7	0
599	5403{5403}	(0)	9	3305.01(1)	109	0	76	0	7	0
599	5403{5403}	(0)	9	3305.01(1)	109	1	76	0	7	0
600	5403{5403}	(0)	9	3305.01(2)	109	0	76	0	7	0
600	5403{5403}	(0)	9	3305.01(2)	109	1	76	0	7	0
601	5403{5403}	(0)	8	3305.01(3)	109	1	76	0	7	0
601	5434{5434}	(0)	9	3305.01(3)	109	2	78	0	7	0
602	5434{5434}	(0)	9	3305.01(4)	109	2	78	0	7	0
602	5466{5466}	(0)	9	3305.01(4)	109	3	78	0	7	0
603	5466{5466}	(0)	9	3305.01(5)	109	3	78	0	7	0
603	5497{5497}	(0)	9	3305.01(5)	109	4	78	0	7	0
604	5497{5497}	(0)	9	3305.01(6)	109	4	78	0	7	0
604	5528{5528}	(0)	9	3305.01(6)	109	5	78	0	7	0
605	5528{5528}	(0)	9	3305.01(7)	109	5	78	0	7	0
605	5561{5561}	(0)	9	3305.01(7)	109	6	78	0	7	0
606	5561{5561}	(0)	9	3305.01(8)	109	6	78	0	7	0
606	5594{5594}	(0)	9	3305.01(8)	109	7	78	0	7	0
607	5594{5594}	(0)	9	3305.01(9)	109	7	78	0	7	0
607	5627{5627}	(0)	9	3305.01(9)	109	8	78	0	7	0
608	5627{5627}	(0)	9	3305.01(10)	109	8	78	0	7	0
608	5659{5659}	(0)	9	3305.01(10)	109	9	78	0	7	0
609	5659{5659}	(0)	9	3305.01(11)	109	9	78	0	7	0
609	5690{5690}	(0)	9	3305.01(11)	109	10	78	0	7	0
609	5690{5690}	(0)	9	3305.01(11)	109	11	77	0	8	0
610	5690{5690}	(0)	9	3305.01(12)	109	0	77	0	8	0
610	5701{5701}	(0)	9	3305.01(12)	109	1	77	0	8	0
611	5701{5701}	(0)	9	3305.01(13)	109	0	77	0	8	0
611	5701{5701}	(0)	9	3305.01(13)	109	1	77	0	8	0
612	5701{5701}	(0)	9	3305.01(14)	109	0	77	0	8	0
612	5701{5701}	(0)	9	3305.01(14)	109	1	78	0	8	0
613	5701{5701}	(0)	9	3305.01(15)	109	0	78	0	8	0
613	5701{5701}	(0)	9	3305.01(15)	109	1	79	0	8	0
614	5701{5701}	(0)	9	3305.01(16)	109	0	79	0	8	0
614	5708{5708}	(0)	9	3305.01(16)	109	1	79	0	8	0
615	5708{5708}	(0)	9	3305.01(17)	109	1	79	0	8	0
615	5738{5738}	(0)	9	3305.01(17)	109	2	79	0	8	0
616	5738{5738}	(0)	9	3305.01(18)	109	2	79	0	8	0
616	5768{5768}	(0)	9	3305.01(18)	109	3	79	0	8	0
617	5768{5768}	(0)	9	3305.01(19)	109	3	79	0	8	0
617	5797{5797}	(0)	9	3305.01(19)	109	4	79	0	8	0
618	5797{5797}	(0)	9	3305.01(20)	109	4	79	0	8	0
618	5826{5826}	(0)	9	3305.01(20)	109	5	79	0	8	0
619	5826{5826}	(0)	9	3305.01(21)	109	5	79	0	8	0
619	5854{5854}	(0)	9	3305.01(21)	109	6	79	0	8	0
620	5854{5854}	(0)	9	3305.01(22)	109	6	79	0	8	0
620	5883{5883}	(0)	9	3305.01(22)	109	7	79	0	8	0
621	5883{5883}	(0)	9	3305.01(23)	109	7	79	0	8	0
621	5913{5913}	(0)	9	3305.01(23)	109	8	79	0	8	0
622	5913{5913}	(0)	9	3305.01(24)	109	8	79	0	8	0
622	5944{5944}	(0)	9	3305.01(24)	109	9	79	0	8	0
623	5944{5944}	(0)	9	3305.01(25)	109	9	79	0	8	0
623	5977{5977}	(0)	9	3305.01(25)	109	10	79	0	8	0
623	5977{5977}	(0)	9	3305.01(25)	109	11	78	0	9	0
624	5977{5977}	(0)	9	3305.01(26)	109	11	78	0	9	0
624	6005{6005}	(0)	9	3305.01(26)	109	12	78	0	9	0
625	6005{6005}	(0)	9	3305.01(27)	109	0	78	0	9	0
625	6020{6020}	(0)	9	3305.01(27)	110	1	93	0	9	0
626	6020{6020}	(0)	9	3335.24(1)	110	0	93	0	9	0
626	6020{6020}	(0)	9	3335.24(1)	110	1	93	0	9	0
627	6020{6020}	(0)	9	3335.24(2)	110	0	93	0	9	0
627	6020{6020}	(0)	9	3335.24(2)	110	1	93	0	9	0
628	6020{6020}	(0)	9	3335.24(3)	110	0	93	0	9	0
628	6020{6020}	(0)	9	3335.24(3)	110	1	93	0	9	0
629	6020{6020}	(0)	9	3335.24(4)	110	0	93	0	9	0
629	6020{6020}	(0)	9	3335.24(4)	110	1	93	0	9	0
630	6020{6020}	(0)	9	3335.24(5)	110	0	93	0	9	0
630	6020{6020}	(0)	9	3335.24(5)	110	1	93	0	9	0
631	6020{6020}	(0)	9	3335.24(6)	110	0	93	0	9	0
631	6021{6021}	(0)	9	3335.24(6)	111	1	94	0	9	0
632	6021{6021}	(0)	9	3365.53(1)	111	0	94	0	9	0
632	6021{6021}	(0)	9	3365.53(1)	111	1	94	0	9	0
633	6021{6021}	(0)	9	3365.53(2)	111	0	94	0	9	0
633	6024{6024}	(0)	9	3365.53(2)	112	1	94	0	9	0
634	6024{6024}	(0)	9	3395.88(1)	112	0	94	0	9	0
634	6024{6024}	(0)	9	3395.88(1)	112	1	95	0	9	0
635	6024{6024}	(0)	9	3395.88(2)	112	0	95	0	9	0
635	6029{6029}	(0)	9	3395.88(2)	112	1	95	0	9	0
636	6029{6029}	(0)	9	3395.88(3)	112	0	95	0	9	0
636	6030{6030}	(0)	9	3395.88(3)	113	1	96	0	9	0
637	6030{6030}	(0)	9	3426.15(1)	113	0	96	0	9	0
637	6036{6036}	(0)	9	3426.15(1)	114	1	96	0	9	0
638	6036{6036}	(0)	9	3456.41(1)	114	0	96	0	9	0
638	6037{6037}	(0)	9	3456.41(1)	115	1	97	0	9	0
639	6037{6037}	(0)	9	3486.65(1)	115	0	97	0	9	0
639	6043{6043}	(0)	9	3486.65(1)	116	1	97	0	9	0
640	6043{6043}	(0)	9	3516.89(1)	116	0	97	0	9	0
640	6044{6044}	(0)	9	3516.89(1)	117	1	98	0	9	0
641	6044{6044}	(0)	9	3547.12(1)	117	0	80	0	9	0
641	6050{6050}	(0)	9	3547.12(1)	118	1	80	0	9	0
642	6050{6050}	(0)	9	3577.35(1)	118	0	80	0	9	0
642	6051{6051}	(0)	9	3577.35(1)	119	1	81	0	9	0
643	6051{6051}	(0)	9	3607.58(1)	119	0	81	0	9	0
643	6057{6057}	(0)	9	3607.58(1)	120	1	81	0	9	0
644	6057{6057}	(0)	9	3637.82(1)	120	0	81	0	9	0
644	6058{6058}	(0)	9	3637.82(1)	121	1	82	0	9	0
645	6058{6058}	(0)	9	3668.07(1)	121	0	81	0	9	0
645	6088{6088}	(0)	9	3668.07(1)	122	1	81	0	9	0
646	6088{6088}	(0)	9	3698.33(1)	122	0	81	0	9	0
646	6089{6089}	(0)	9	3698.33(1)	123	1	82	0	9	0
647	6089{6089}	(0)	9	3728.6(1)	123	0	81	0	9	0
647	6119{6119}	(0)	9	3728.6(1)	124	1	81	0	9	0
648	6119{6119}	(0)	9	3758.9(1)	124	0	81	0	9	0
648	6120{6120}	(0)	9	3758.9(1)	125	1	82	0	9	0
649	6120{6120}	(0)	9	3789.22(1)	125	0	82	0	9	0
649	6150{6150}	(0)	9	3789.22(1)	126	1	82	0	9	0
650	6150{6150}	(0)	9	3819.57(1)	126	0	82	0	9	0
650	6151{6151}	(0)	9	3819.57(1)	127	1	83	0	9	0
651	6151{6151}	(0)	9	3849.95(1)	127	0	83	0	9	0
651	6156{6156}	(0)	9	3849.95(1)	127	1	83	0	9	0
652	6156{6156}	(0)	9	3849.95(2)	127	0	83	0	9	0
652	6156{6156}	(0)	9	3849.95(2)	127	1	83	0	9	0
653	6156{6156}	(0)	9	3849.95(3)	127	0	83	0	9	0
653	6156{6156}	(0)	9	3849.95(3)	127	1	83	0	9	0
654	6156{6156}	(0)	9	3849.95(4)	127	0	83	0	9	0
654	6156{6156}	(0)	9	3849.95(4)	127	1	83	0	9	0
655	6156{6156}	(0)	9	3849.95(5)	127	0	83	0	9	0
655	6156{6156}	(0)	9	3849.95(5)	127	1	83	0	9	0
656	6156{6156}	(0)	9	3849.95(6)	127	0	83	0	9	0
656	6156{6156}	(0)	9	3849.95(6)	127	1	83	0	9	0
657	6156{6156}	(0)	9	3849.95(7)	127	0	83	0	9	0
657	6156{6156}	(0)	9	3849.95(7)	127	1	83	0	9	0
658	6156{6156}	(0)	9	3849.95(8)	127	0	83	0	9	0
658	6156{6156}	(0)	9	3849.95(8)	127	1	83	0	9	0
659	6156{6156}	(0)	9	3849.95(9)	127	0	83	0	9	0
659	6156{6156}	(0)	9	3849.95(9)	127	1	83	0	9	0
660	6156{6156}	(0)	9	3849.95(10)	127	0	83	0	9	0
660	6158{6158}	(0)	9	3849.95(10)	127	1	83	0	9	0
661	6158{6158}	(0)	9	3849.95(11)	127	0	83	0	9	0
661	6158{6158}	(0)	9	3849.95(11)	127	1	83	0	9	0
662	6158{6158}	(0)	9	3849.95(12)	127	0	83	0	9	0
662	6158{6158}	(0)	9	3849.95(12)	127	1	83	0	9	0
663	6158{6158}	(0)	9	3849.95(13)	127	1	83	0	9	0
663	6188{6188}	(0)	9	3849.95(13)	127	2	83	0	9	0
664	6188{6188}	(0)	9	3849.95(14)	127	2	83	0	9	0
664	6217{6217}	(0)	9	3849.95(14)	127	3	83	0	9	0
665	6217{6217}	(0)	9	3849.95(15)	127	3	83	0	9	0
665	6248{6248}	(0)	9	3849.95(15)	127	4	83	0	9	0
666	6248{6248}	(0)	9	3849.95(16)	127	4	83	0	9	0
666	6278{6278}	(0)	9	3849.95(16)	127	5	83	0	9	0
667	6278{6278}	(0)	9	3849.95(17)	127	5	83	0	9	0
667	6306{6306}	(0)	9	3849.95(17)	127	6	83	0	9	0
668	6306{6306}	(0)	9	3849.95(18)	127	6	83	0	9	0
668	6336{6336}	(0)	9	3849.95(18)	127	7	83	0	9	0
669	6336{6336}	(0)	9	3849.95(19)	127	7	83	0	9	0
669	6368{6368}	(0)	9	3849.95(19)	127	8	83	0	9	0
670	6368{6368}	(0)	9	3849.95(20)	127	8	83	0	9	0
670	6401{6401}	(0)	9	3849.95(20)	127	9	83	0	9	0
671	6401{6401}	(0)	9	3849.95(21)	127	9	83	0	9	0
671	6434{6434}	(0)	9	3849.95(21)	127	10	83	0	9	0
671	6434{6434}	(0)	9	3849.95(21)	127	11	82	0	10	0
672	6434{6434}	(0)	9	3849.95(22)	127	0	82	0	10	0
672	6434{6434}	(0)	9	3849.95(22)	127	1	82	0	10	0
673	6434{6434}	(0)	9	3849.95(23)	127	0	82	0	10	0
673	6434{6434}	(0)	9	3849.95(23)	127	1	82	0	10	0
674	6434{6434}	(0)	9	3849.95(24)	127	0	82	0	10	0
674	6443{6443}	(0)	9	3849.95(24)	127	1	82	0	10	0
675	6443{6443}	(0)	9	3849.95(25)	127	0	82	0	10	0
675	6443{6443}	(0)	9	3849.95(25)	127	1	82	0	10	0
676	6443{6443}	(0)	9	3849.95(26)	127	0	82	0	10	0
676	6452{6452}	(0)	9	3849.95(26)	127	1	82	0	10	0
677	6452{6452}	(0)	9	3849.95(27)	127	0	82	0	10	0
677	6452{6452}	(0)	9	3849.95(27)	127	1	82	0	10	0
678	6452{6452}	(0)	9	3849.95(28)	127	0	82	0	10	0
678	6461{6461}	(0)	9	3849.95(28)	127	1	82	0	10	0
679	6461{6461}	(0)	9	3849.95(29)	127	0	82	0	10	0
679	6461{6461}	(0)	9	3849.95(29)	127	1	82	0	10	0
680	6461{6461}	(0)	9	3849.95(30)	127	0	82	0	10	0
680	6461{6461}	(0)	9	3849.95(30)	127	1	82	0	10	0
681	6461{6461}	(0)	9	3849.95(31)	127	0	82	0	10	0
681	6461{6461}	(0)	9	3849.95(31)	127	1	82	0	10	0
682	6461{6461}	(0)	9	3849.95(32)	127	0	82	0	10	0
682	6461{6461}	(0)	9	3849.95(32)	127	1	82	0	10	0
683	6461{6461}	(0)	9	3849.95(33)	127	0	82	0	10	0
683	6461{6461}	(0)	9	3849.95(33)	127	1	82	0	10	0
684	6461{6461}	(0)	9	3849.95(34)	127	0	82	0	10	0
684	6461{6461}	(0)	9	3849.95(34)	127	1	82	0	10	0
685	6461{6461}	(0)	9	3849.95(35)	127	0	82	0	10	0
685	6461{6461}	(0)	9	3849.95(35)	127	1	82	0	10	0
686	6461{6461}	(0)	9	3849.95(36)	127	0	82	0	10	0
686	6470{6470}	(0)	9	3849.95(36)	127	1	82	0	10	0
687	6470{6470}	(0)	9	3849.95(37)	127	0	82	0	10	0
687	6470{6470}	(0)	9	3849.95(37)	127	1	82	0	10	0
688	6470{6470}	(0)	9	3849.95(38)	127	0	82	0	10	0
688	6470{6470}	(0)	9	3849.95(38)	127	1	82	0	10	0
689	6470{6470}	(0)	9	3849.95(39)	127	0	82	0	10	0
689	6470{6470}	(0)	9	3849.95(39)	127	1	82	0	10	0
690	6470{6470}	(0)	9	3849.95(40)	127	0	82	0	10	0
690	6470{6470}	(0)	9	3849.95(40)	127	1	82	0	10	0
691	6470{6470}	(0)	9	3849.95(41)	127	0	82	0	10	0
691	6470{6470}	(0)	9	3849.95(41)	127	1	82	0	10	0
692	6470{6470}	(0)	9	3849.95(42)	127	0	82	0	10	0
692	6470{6470}	(0)	9	3849.95(42)	127	1	82	0	10	0
693	6470{6470}	(0)	9	3849.95(43)	127	0	82	0	10	0
693	6470{6470}	(0)	9	3849.95(43)	127	1	82	0	10	0
694	6470{6470}	(0)	9	3849.95(44)	127	0	82	0	10	0
694	6470{6470}	(0)	9	3849.95(44)	127	1	82	0	10	0
695	6470{6470}	(0)	9	3849.95(45)	127	0	82	0	10	0
695	6478{6478}	(0)	9	3849.95(45)	127	1	82	0	10	0
696	6478{6478}	(0)	9	3849.95(46)	127	0	82	0	10	0
696	6478{6478}	(0)	9	3849.95(46)	127	1	82	0	10	0
697	6478{6478}	(0)	9	3849.95(47)	127	0	82	0	10	0
697	6478{6478}	(0)	9	3849.95(47)	127	1	82	0	10	0
698	6478{6478}	(0)	9	3849.95(48)	127	1	82	0	10	0
698	6506{6506}	(0)	9	3849.95(48)	127	2	82	0	10	0
699	6506{6506}	(0)	9	3849.95(49)	127	2	82	0	10	0
699	6537{6537}	(0)	9	3849.95(49)	127	3	82	0	10	0
700	6537{6537}	(0)	9	3849.95(50)	127	3	82	0	10	0
700	6568{6568}	(0)	9	3849.95(50)	127	4	82	0	10	0
701	6568{6568}	(0)	9	3849.95(51)	127	4	82	0	10	0
701	6599{6599}	(0)	9	3849.95(51)	127	5	82	0	10	0
702	6599{6599}	(0)	9	3849.95(52)	127	5	82	0	10	0
702	6632{6632}	(0)	9	3849.95(52)	127	6	82	0	10	0
703	6632{6632}	(0)	9	3849.95(53)	127	6	82	0	10	0
703	6665{6665}	(0)	9	3849.95(53)	127	7	82	0	10	0
704	6665{6665}	(0)	9	3849.95(54)	127	7	82	0	10	0
704	6697{6697}	(0)	9	3849.95(54)	127	8	82	0	10	0
705	6697{6697}	(0)	9	3849.95(55)	127	8	82	0	10	0
705	6726{6726}	(0)	9	3849.95(55)	127	9	82	0	10	0
706	6726{6726}	(0)	9	3849.95(56)	127	9	82	0	10	0
706	6755{6755}	(0)	9	3849.95(56)	127	10	82	0	10	0
706	6755{6755}	(0)	9	3849.95(56)	127	11	81	0	11	0
707	6755{6755}	(0)	9	3849.95(57)	127	0	81	0	11	0
707	6761{6761}	(0)	9	3849.95(57)	128	1	81	0	11	0
708	6761{6761}	(0)	9	3880.24(1)	128	0	81	0	11	0
708	6761{6761}	(0)	9	3880.24(1)	128	1	82	0	11	0
709	6761{6761}	(0)	9	3880.24(2)	128	0	82	0	11	0
709	6765{6765}	(0)	9	3880.24(2)	128	1	82	0	11	0
710	6765{6765}	(0)	9	3880.24(3)	128	0	82	0	11	0
710	6766{6766}	(0)	9	3880.24(3)	129	1	83	0	11	0
711	6766{6766}	(0)	9	3910.49(1)	129	0	83	0	11	0
711	6772{6772}	(0)	9	3910.49(1)	130	1	83	0	11	0
712	6772{6772}	(0)	9	3940.72(1)	130	0	83	0	11	0
712	6773{6773}	(0)	9	3940.72(1)	131	1	84	0	11	0
713	6773{6773}	(0)	9	3970.95(1)	131	0	84	0	11	0
713	6779{6779}	(0)	9	3970.95(1)	132	1	84	0	11	0
714	6779{6779}	(0)	9	4001.18(1)	132	0	84	0	11	0
714	6780{6780}	(0)	9	4001.18(1)	133	1	85	0	11	0
715	6780{6780}	(0)	9	4031.42(1)	133	0	85	0	11	0
715	6786{6786}	(0)	9	4031.42(1)	134	1	85	0	11	0
716	6786{6786}	(0)	9	4061.65(1)	134	0	85	0	11	0
716	6787{6787}	(0)	9	4061.65(1)	135	1	86	0	11	0
717	6787{6787}	(0)	9	4091.9(1)	135	0	86	0	11	0
717	6793{6793}	(0)	9	4091.9(1)	136	1	86	0	11	0
718	6793{6793}	(0)	9	4122.16(1)	136	0	86	0	11	0
718	6794{6794}	(0)	9	4122.16(1)	137	1	87	0	11	0
719	6794{6794}	(0)	9	4152.44(1)	137	0	87	0	11	0
719	6806{6806}	(0)	9	4152.44(1)	138	1	87	0	11	0
720	6806{6806}	(0)	9	4182.73(1)	138	0	87	0	11	0
720	6807{6807}	(0)	9	4182.73(1)	139	1	88	0	11	0
721	6807{6807}	(0)	9	4213.06(1)	139	0	88	0	11	0
721	6819{6819}	(0)	9	4213.06(1)	140	1	88	0	11	0
722	6819{6819}	(0)	9	4243.4(1)	140	0	88	0	11	0
722	6820{6820}	(0)	9	4243.4(1)	141	1	89	0	11	0
723	6820{6820}	(0)	9	4273.78(1)	141	0	89	0	11	0
723	6825{6825}	(0)	9	4273.78(1)	141	1	89	0	11	0
724	6825{6825}	(0)	9	4273.78(2)	141	0	89	0	11	0
724	6825{6825}	(0)	9	4273.78(2)	141	1	89	0	11	0
725	6825{6825}	(0)	9	4273.78(3)	141	0	89	0	11	0
725	6825{6825}	(0)	9	4273.78(3)	141	1	89	0	11	0
726	6825{6825}	(0)	9	4273.78(4)	141	0	89	0	11	0
726	6825{6825}	(0)	9	4273.78(4)	141	1	89	0	11	0
727	6825{6825}	(0)	9	4273.78(5)	141	0	89	0	11	0
727	6825{6825}	(0)	9	4273.78(5)	141	1	89	0	11	0
728	6825{6825}	(0)	9	4273.78(6)	141	0	89	0	11	0
728	6825{6825}	(0)	9	4273.78(6)	141	1	89	0	11	0
729	6825{6825}	(0)	9	4273.78(7)	141	0	89	0	11	0
729	6825{6825}	(0)	9	4273.78(7)	141	1	89	0	11	0
730	6825{6825}	(0)	9	4273.78(8)	141	0	89	0	11	0
730	6825{6825}	(0)	9	4273.78(8)	141	1	89	0	11	0
731	6825{6825}	(0)	9	4273.78(9)	141	0	89	0	11	0
731	6825{6825}	(0)	9	4273.78(9)	141	1	89	0	11	0
732	6825{6825}	(0)	9	4273.78(10)	141	0	89	0	11	0
732	6829{6829}	(0)	9	4273.78(10)	142	1	89	0	11	0
733	6829{6829}	(0)	9	4304.02(1)	142	0	89	0	11	0
733	6829{6829}	(0)	9	4304.02(1)	142	1	90	0	11	0
734	6829{6829}	(0)	9	4304.02(2)	142	0	90	0	11	0
734	6846{6846}	(0)	9	4304.02(2)	142	1	90	0	11	0
735	6846{6846}	(0)	9	4304.02(3)	142	0	90	0	11	0
735	6846{6846}	(0)	9	4304.02(3)	142	1	91	0	11	0
736	6846{6846}	(0)	9	4304.02(4)	142	0	91	0	11	0
736	6851{6851}	(0)	9	4304.02(4)	142	1	91	0	11	0
737	6851{6851}	(0)	9	4304.02(5)	142	0	91	0	11	0
737	6851{6851}	(0)	9	4304.02(5)	142	1	92	0	11	0
738	6851{6851}	(0)	9	4304.02(6)	142	0	92	0	11	0
738	6852{6852}	(0)	9	4304.02(6)	142	1	92	0	11	0
739	6852{6852}	(0)	9	4304.02(7)	142	0	92	0	11	0
739	6852{6852}	(0)	9	4304.02(7)	142	1	92	0	11	0
740	6852{6852}	(0)	9	4304.02(8)	142	0	92	0	11	0
740	6852{6852}	(0)	9	4304.02(8)	142	1	92	0	11	0
741	6852{6852}	(0)	9	4304.02(9)	142	0	92	0	11	0
741	6852{6852}	(0)	9	4304.02(9)	142	1	92	0	11	0
742	6852{6852}	(0)	9	4304.02(10)	142	0	92	0	11	0
742	6852{6852}	(0)	9	4304.02(10)	142	1	92	0	11	0
743	6852{6852}	(0)	9	4304.02(11)	142	0	92	0	11	0
743	6852{6852}	(0)	9	4304.02(11)	142	1	92	0	11	0
744	6852{6852}	(0)	9	4304.02(12)	142	0	92	0	11	0
744	6852{6852}	(0)	9	4304.02(12)	142	1	92	0	11	0
745	6852{6852}	(0)	9	4304.02(13)	142	0	92	0	11	0
745	6852{6852}	(0)	9	4304.02(13)	142	1	92	0	11	0
746	6852{6852}	(0)	9	4304.02(14)	142	0	92	0	11	0
746	6853{6853}	(0)	9	4304.02(14)	142	1	92	0	11	0
747	6853{6853}	(0)	9	4304.02(15)	142	0	92	0	11	0
747	6853{6853}	(0)	9	4304.02(15)	142	1	92	0	11	0
748	6853{6853}	(0)	9	4304.02(16)	142	0	92	0	11	0
748	6853{6853}	(0)	9	4304.02(16)	142	1	92	0	11	0
749	6853{6853}	(0)	9	4304.02(17)	142	1	92	0	11	0
749	6883{6883}	(0)	9	4304.02(17)	142	2	92	0	11	0
750	6883{6883}	(0)	9	4304.02(18)	142	2	92	0	11	0
750	6914{6914}	(0)	9	4304.02(18)	142	3	92	0	11	0
751	6914{6914}	(0)	9	4304.02(19)	142	3	92	0	11	0
751	6942{6942}	(0)	9	4304.02(19)	142	4	92	0	11	0
752	6942{6942}	(0)	9	4304.02(20)	142	4	92	0	11	0
752	6971{6971}	(0)	9	4304.02(20)	142	5	92	0	11	0
753	6971{6971}	(0)	9	4304.02(21)	142	5	92	0	11	0
753	6999{6999}	(0)	9	4304.02(21)	142	6	92	0	11	0
754	6999{6999}	(0)	9	4304.02(22)	142	6	92	0	11	0
754	7030{7030}	(0)	9	4304.02(22)	142	7	92	0	11	0
755	7030{7030}	(0)	9	4304.02(23)	142	7	92	0	11	0
755	7061{7061}	(0)	9	4304.02(23)	142	8	92	0	11	0
756	7061{7061}	(0)	9	4304.02(24)	142	8	92	0	11	0
756	7093{7093}	(0)	9	4304.02(24)	142	9	92	0	11	0
757	7093{7093}	(0)	9	4304.02(25)	142	9	92	0	11	0
757	7123{7123}	(0)	9	4304.02(25)	142	10	92	0	11	0
757	7123{7123}	(0)	9	4304.02(25)	142	11	91	0	12	0
758	7123{7123}	(0)	9	4304.02(26)	142	11	91	0	12	0
758	7128{7128}	(0)	9	4304.02(26)	143	12	88	0	12	0
759	7128{7128}	(0)	9	4334.26(1)	143	0	88	0	12	0
759	7141{7141}	(0)	9	4334.26(1)	144	1	99	0	12	0
760	7141{7141}	(0)	9	4364.49(1)	144	0	99	0	12	0
760	7142{7142}	(0)	9	4364.49(1)	145	1	100	0	12	0
761	7142{7142}	(0)	9	4394.71(1)	145	0	100	0	12	0
761	7148{7148}	(0)	9	4394.71(1)	146	1	100	0	12	0
762	7148{7148}	(0)	9	4424.94(1)	146	0	100	0	12	0
762	7149{7149}	(0)	9	4424.94(1)	147	1	101	0	12	0
763	7149{7149}	(0)	9	4455.15(1)	147	0	101	0	12	0
763	7155{7155}	(0)	9	4455.15(1)	148	1	101	0	12	0
764	7155{7155}	(0)	9	4485.39(1)	148	0	101	0	12	0
764	7156{7156}	(0)	9	4485.39(1)	149	1	102	0	12	0
765	7156{7156}	(0)	9	4515.61(1)	149	0	102	0	12	0
765	7162{7162}	(0)	9	4515.61(1)	150	1	102	0	12	0
766	7162{7162}	(0)	9	4545.86(1)	150	0	102	0	12	0
766	7163{7163}	(0)	9	4545.86(1)	151	1	103	0	12	0
767	7163{7163}	(0)	9	4576.11(1)	151	0	103	0	12	0
767	7175{7175}	(0)	9	4576.11(1)	152	1	104	0	12	0
768	7175{7175}	(0)	9	4606.38(1)	152	0	104	0	12	0
768	7181{7181}	(0)	9	4606.38(1)	152	1	109	0	12	0
769	7181{7181}	(0)	9	4606.4(1)	152	0	109	0	12	0
769	7181{7181}	(0)	9	4606.4(1)	152	1	109	0	12	0
770	7181{7181}	(0)	9	4606.4(2)	152	0	109	0	12	0
770	7199{7199}	(0)	9	4606.4(2)	152	1	109	0	12	0
771	7199{7199}	(0)	9	4606.41(1)	152	0	109	0	12	0
771	7199{7199}	(0)	9	4606.41(1)	152	1	109	0	12	0
772	7199{7199}	(0)	9	4606.41(2)	152	0	109	0	12	0
772	7205{7205}	(0)	9	4606.41(2)	152	1	109	0	12	0
773	7205{7205}	(0)	9	4606.42(1)	152	0	109	0	12	0
773	7206{7206}	(0)	9	4606.42(1)	153	1	110	0	12	0
774	7206{7206}	(0)	9	4636.66(1)	153	0	110	0	12	0
774	7212{7212}	(0)	9	4636.66(1)	153	1	110	0	12	0
775	7212{7212}	(0)	9	4636.67(1)	153	0	110	0	12	0
775	7213{7213}	(0)	9	4636.67(1)	153	1	111	0	12	0
776	7213{7213}	(0)	9	4636.69(1)	153	0	88	0	12	0
776	7219{7219}	(0)	9	4636.69(1)	154	1	88	0	12	0
777	7219{7219}	(0)	9	4666.96(1)	154	0	88	0	12	0
777	7220{7220}	(0)	9	4666.96(1)	155	1	89	0	12	0
778	7220{7220}	(0)	9	4697.26(1)	155	0	88	0	12	0
778	7226{7226}	(0)	9	4697.26(1)	156	1	88	0	12	0
779	7226{7226}	(0)	9	4727.58(1)	156	0	88	0	12	0
779	7227{7227}	(0)	9	4727.58(1)	157	1	89	0	12	0
780	7227{7227}	(0)	9	4757.92(1)	157	0	89	0	12	0
780	7233{7233}	(0)	9	4757.92(1)	158	1	89	0	12	0
781	7233{7233}	(0)	9	4788.3(1)	158	0	89	0	12	0
781	7234{7234}	(0)	9	4788.3(1)	159	1	90	0	12	0
782	7234{7234}	(0)	9	4818.71(1)	159	0	90	0	12	0
782	7264{7264}	(0)	9	4818.71(1)	160	1	90	0	12	0
783	7264{7264}	(0)	9	4849.09(1)	160	0	90	0	12	0
783	7264{7264}	(0)	9	4849.09(1)	160	1	90	0	12	0
784	7264{7264}	(0)	9	4849.09(2)	160	0	90	0	12	0
784	7288{7288}	(0)	9	4849.09(2)	160	1	90	0	12	0
785	7288{7288}	(0)	9	4849.09(3)	160	1	90	0	12	0
785	7319{7319}	(0)	9	4849.09(3)	160	2	92	0	12	0
786	7319{7319}	(0)	9	4849.09(4)	160	2	92	0	12	0
786	7350{7350}	(0)	9	4849.09(4)	160	3	92	0	12	0
787	7350{7350}	(0)	9	4849.09(5)	160	3	92	0	12	0
787	7381{7381}	(0)	9	4849.09(5)	160	4	93	0	12	0
788	7381{7381}	(0)	9	4849.09(6)	160	4	93	0	12	0
788	7399{7399}	(0)	9	4849.09(6)	161	5	93	0	12	0
789	7399{7399}	(0)	9	4879.33(1)	161	0	93	0	12	0
789	7400{7400}	(0)	9	4879.33(1)	162	1	94	0	12	0
790	7400{7400}	(0)	9	4909.56(1)	162	0	94	0	12	0
790	7406{7406}	(0)	9	4909.56(1)	163	1	94	0	12	0
791	7406{7406}	(0)	9	4939.77(1)	163	0	94	0	12	0
791	7407{7407}	(0)	9	4939.77(1)	164	1	95	0	12	0
792	7407{7407}	(0)	9	4969.98(1)	164	0	95	0	12	0
792	7413{7413}	(0)	9	4969.98(1)	165	1	95	0	12	0
793	7413{7413}	(0)	9	5000.18(1)	165	0	95	0	12	0
793	7414{7414}	(0)	9	5000.18(1)	166	1	96	0	12	0
794	7414{7414}	(0)	9	5030.38(1)	166	0	96	0	12	0
794	7432{7432}	(0)	9	5030.38(1)	167	1	97	0	12	0
795	7432{7432}	(0)	9	5060.6(1)	167	0	97	0	12	0
795	7438{7438}	(0)	9	5060.6(1)	167	1	102	0	12	0
796	7438{7438}	(0)	9	5060.62(1)	167	0	102	0	12	0
796	7439{7439}	(0)	9	5060.62(1)	167	1	103	0	12	0
797	7439{7439}	(0)	9	5060.63(1)	167	0	102	0	12	0
797	7451{7451}	(0)	9	5060.63(1)	167	1	102	0	12	0
798	7451{7451}	(0)	9	5060.65(1)	167	0	102	0	12	0
798	7452{7452}	(0)	9	5060.65(1)	167	1	103	0	12	0
799	7452{7452}	(0)	9	5060.66(1)	167	0	102	0	12	0
799	7470{7470}	(0)	9	5060.66(1)	167	1	102	0	12	0
800	7470{7470}	(0)	9	5060.68(1)	167	0	102	0	12	0
800	7482{7482}	(0)	9	5060.68(1)	167	1	113	0	12	0
801	7482{7482}	(0)	9	5060.71(1)	167	0	113	0	12	0
801	7483{7483}	(0)	9	5060.71(1)	168	1	114	0	12	0
802	7483{7483}	(0)	9	5091.01(1)	168	0	114	0	12	0
802	7501{7501}	(0)	9	5091.01(1)	169	1	114	0	12	0
803	7501{7501}	(0)	9	5121.28(1)	169	0	114	0	12	0
803	7502{7502}	(0)	9	5121.28(1)	170	1	115	0	12	0
804	7502{7502}	(0)	9	5151.54(1)	170	0	103	0	12	0
804	7520{7520}	(0)	9	5151.54(1)	170	1	103	0	12	0
805	7520{7520}	(0)	9	5151.55(1)	170	0	103	0	12	0
805	7521{7521}	(0)	9	5151.55(1)	170	1	104	0	12	0
806	7521{7521}	(0)	9	5151.57(1)	170	0	103	0	12	0
806	7539{7539}	(0)	9	5151.57(1)	170	1	103	0	12	0
807	7539{7539}	(0)	9	5151.58(1)	170	0	103	0	12	0
807	7540{7540}	(0)	9	5151.58(1)	170	1	104	0	12	0
808	7540{7540}	(0)	9	5151.6(1)	170	0	98	0	12	0
808	7570{7570}	(0)	9	5151.6(1)	170	1	98	0	12	0
809	7570{7570}	(0)	9	5151.62(1)	170	0	98	0	12	0
809	7571{7571}	(0)	9	5151.62(1)	171	1	99	0	12	0
810	7571{7571}	(0)	9	5181.86(1)	171	0	99	0	12	0
810	7601{7601}	(0)	9	5181.86(1)	172	1	99	0	12	0
811	7601{7601}	(0)	9	5212.11(1)	172	0	99	0	12	0
811	7602{7602}	(0)	9	5212.11(1)	173	1	100	0	12	0
812	7602{7602}	(0)	9	5242.37(1)	173	0	94	0	12	0
812	7620{7620}	(0)	9	5242.37(1)	173	1	94	0	12	0
813	7620{7620}	(0)	9	5242.38(1)	173	0	94	0	12	0
813	7621{7621}	(0)	9	5242.38(1)	174	1	95	0	12	0
814	7621{7621}	(0)	9	5272.68(1)	174	0	95	0	12	0
814	7651{7651}	(0)	9	5272.68(1)	175	1	95	0	12	0
815	7651{7651}	(0)	9	5303(1)	175	0	95	0	12	0
815	7652{7652}	(0)	9	5303(1)	176	1	96	0	12	0
816	7652{7652}	(0)	9	5333.34(1)	176	0	96	0	12	0
816	7670{7670}	(0)	9	5333.34(1)	177	1	96	0	12	0
817	7670{7670}	(0)	9	5363.72(1)	177	0	96	0	12	0
817	7670{7670}	(0)	9	5363.72(1)	177	1	96	0	12	0
818	7670{7670}	(0)	9	5363.72(2)	177	0	96	0	12	0
818	7670{7670}	(0)	9	5363.72(2)	177	1	96	0	12	0
819	7670{7670}	(0)	9	5363.72(3)	177	0	96	0	12	0
819	7670{7670}	(0)	9	5363.72(3)	177	1	96	0	12	0
820	7670{7670}	(0)	9	5363.72(4)	177	0	96	0	12	0
820	7670{7670}	(0)	9	5363.72(4)	177	1	96	0	12	0
821	7670{7670}	(0)	9	5363.72(5)	177	0	96	0	12	0
821	7670{7670}	(0)	9	5363.72(5)	177	1	96	0	12	0
822	7670{7670}	(0)	9	5363.72(6)	177	0	96	0	12	0
822	7670{7670}	(0)	9	5363.72(6)	177	1	96	0	12	0
823	7670{7670}	(0)	9	5363.72(7)	177	0	96	0	12	0
823	7670{7670}	(0)	9	5363.72(7)	177	1	96	0	12	0
824	7670{7670}	(0)	9	5363.72(8)	177	0	96	0	12	0
824	7670{7670}	(0)	9	5363.72(8)	177	1	96	0	12	0
825	7670{7670}	(0)	9	5363.72(9)	177	0	96	0	12	0
825	7670{7670}	(0)	9	5363.72(9)	177	1	96	0	12	0
826	7670{7670}	(0)	9	5363.72(10)	177	0	96	0	12	0
826	7674{7674}	(0)	9	5363.72(10)	177	1	96	0	12	0
827	7674{7674}	(0)	9	5363.72(11)	177	0	96	0	12	0
827	7674{7674}	(0)	9	5363.72(11)	177	1	96	0	12	0
828	7674{7674}	(0)	9	5363.72(12)	177	0	96	0	12	0
828	7674{7674}	(0)	9	5363.72(12)	177	1	96	0	12	0
829	7674{7674}	(0)	9	5363.72(13)	177	1	96	0	12	0
829	7701{7701}	(0)	9	5363.72(13)	177	2	96	0	12	0
830	7701{7701}	(0)	9	5363.72(14)	177	2	96	0	12	0
830	7732{7732}	(0)	9	5363.72(14)	177	3	96	0	12	0
831	7732{7732}	(0)	9	5363.72(15)	177	3	96	0	12	0
831	7758{7758}	(0)	9	5363.72(15)	177	4	96	0	12	0
832	7758{7758}	(0)	9	5363.72(16)	177	4	96	0	12	0
832	7788{7788}	(0)	9	5363.72(16)	177	5	96	0	12	0
833	7788{7788}	(0)	9	5363.72(17)	177	5	96	0	12	0
833	7813{7813}	(0)	9	5363.72(17)	177	6	96	0	12	0
834	7813{7813}	(0)	9	5363.72(18)	177	6	96	0	12	0
834	7844{7844}	(0)	9	5363.72(18)	177	7	96	0	12	0
835	7844{7844}	(0)	9	5363.72(19)	177	7	96	0	12	0
835	7875{7875}	(0)	9	5363.72(19)	177	8	96	0	12	0
836	7875{7875}	(0)	9	5363.72(20)	177	8	96	0	12	0
836	7907{7907}	(0)	9	5363.72(20)	177	9	96	0	12	0
837	7907{7907}	(0)	9	5363.72(21)	177	9	96	0	12	0
837	7937{7937}	(0)	9	5363.72(21)	177	10	96	0	12	0
837	7937{7937}	(0)	9	5363.72(21)	177	11	95	0	13	0
838	7937{7937}	(0)	9	5363.72(22)	177	0	95	0	13	0
838	7952{7952}	(0)	9	5363.72(22)	177	1	95	0	13	0
839	7952{7952}	(0)	9	5363.72(23)	177	0	95	0	13	0
839	7952{7952}	(0)	9	5363.72(23)	177	1	95	0	13	0
840	7952{7952}	(0)	9	5363.72(24)	177	0	95	0	13	0
840	7972{7972}	(0)	9	5363.72(24)	177	1	95	0	13	0
841	7972{7972}	(0)	9	5363.72(25)	177	0	95	0	13	0
841	7972{7972}	(0)	9	5363.72(25)	177	1	95	0	13	0
842	7972{7972}	(0)	9	5363.72(26)	177	0	95	0	13	0
842	7972{7972}	(0)	9	5363.72(26)	177	1	95	0	13	0
843	7972{7972}	(0)	9	5363.72(27)	177	0	95	0	13	0
843	7972{7972}	(0)	9	5363.72(27)	177	1	95	0	13	0
844	7972{7972}	(0)	9	5363.72(28)	177	0	95	0	13	0
844	7972{7972}	(0)	9	5363.72(28)	177	1	95	0	13	0
845	7972{7972}	(0)	9	5363.72(29)	177	0	95	0	13	0
845	7972{7972}	(0)	9	5363.72(29)	177	1	95	0	13	0
846	7972{7972}	(0)	9	5363.72(30)	177	0	95	0	13	0
846	7972{7972}	(0)	9	5363.72(30)	177	1	95	0	13	0
847	7972{7972}	(0)	9	5363.72(31)	177	0	95	0	13	0
847	7972{7972}	(0)	9	5363.72(31)	177	1	95	0	13	0
848	7972{7972}	(0)	9	5363.72(32)	177	0	95	0	13	0
848	7972{7972}	(0)	9	5363.72(32)	177	1	95	0	13	0
849	7972{7972}	(0)	9	5363.72(33)	177	0	95	0	13	0
